#
# There is insufficient memory for the Java Runtime Environment to continue.
# Native memory allocation (malloc) failed to allocate 109056 bytes for Chunk::new
# Possible reasons:
#   The system is out of physical RAM or swap space
#   The process is running with CompressedOops enabled, and the Java Heap may be blocking the growth of the native heap
# Possible solutions:
#   Reduce memory load on the system
#   Increase physical memory or swap space
#   Check if swap backing store is full
#   Decrease Java heap size (-Xmx/-Xms)
#   Decrease number of Java threads
#   Decrease Java thread stack sizes (-Xss)
#   Set larger code cache with -XX:ReservedCodeCacheSize=
#   JVM is running with Zero Based Compressed Oops mode in which the Java heap is
#     placed in the first 32GB address space. The Java Heap base address is the
#     maximum limit for the native heap growth. Please use -XX:HeapBaseMinAddress
#     to set the Java Heap base and to place the Java Heap above 32GB virtual address.
# This output file may be truncated or incomplete.
#
#  Out of Memory Error (arena.cpp:189), pid=16120, tid=9676
#
# JRE version: OpenJDK Runtime Environment (17.0.7) (build 17.0.7+0-b2043.56-10550314)
# Java VM: OpenJDK 64-Bit Server VM (17.0.7+0-b2043.56-10550314, mixed mode, tiered, compressed oops, compressed class ptrs, g1 gc, windows-amd64)
# No core dump will be written. Minidumps are not enabled by default on client versions of Windows
#

---------------  S U M M A R Y ------------

Command Line: -Dorg.gradle.appname=gradlew org.gradle.wrapper.GradleWrapperMain -q -Ptarget-platform=android-arm,android-arm64,android-x64 -Ptarget=lib\main.dart -Pbase-application-name=android.app.Application -Pdart-obfuscation=false -Ptrack-widget-creation=true -Ptree-shake-icons=true assembleRelease

Host: Intel(R) Core(TM) i7-8665U CPU @ 1.90GHz, 8 cores, 15G,  Windows 11 , 64 bit Build 22621 (10.0.22621.2506)
Time: Mon Dec 18 18:29:29 2023 Pakistan Standard Time elapsed time: 43.822195 seconds (0d 0h 0m 43s)

---------------  T H R E A D  ---------------

Current thread (0x000001c2e2936320):  JavaThread "C2 CompilerThread0" daemon [_thread_in_native, id=9676, stack(0x0000003250800000,0x0000003250900000)]


Current CompileTask:
C2:  43822 1509       4       jdk.internal.org.objectweb.asm.SymbolTable::put (150 bytes)

Stack: [0x0000003250800000,0x0000003250900000]
Native frames: (J=compiled Java code, j=interpreted, Vv=VM code, C=native code)
V  [jvm.dll+0x683bfa]
V  [jvm.dll+0x8430a4]
V  [jvm.dll+0x8449be]
V  [jvm.dll+0x845023]
V  [jvm.dll+0x24ad2f]
V  [jvm.dll+0xac25c]
V  [jvm.dll+0xac82c]
V  [jvm.dll+0x2b218f]
V  [jvm.dll+0x58c2f7]
V  [jvm.dll+0x225a12]
V  [jvm.dll+0x21e91f]
V  [jvm.dll+0x21c56b]
V  [jvm.dll+0x1a605d]
V  [jvm.dll+0x22c148]
V  [jvm.dll+0x22a209]
V  [jvm.dll+0x7f858c]
V  [jvm.dll+0x7f2aea]
V  [jvm.dll+0x682a35]
C  [ucrtbase.dll+0x29363]
C  [KERNEL32.DLL+0x1257d]
C  [ntdll.dll+0x5aa58]


---------------  P R O C E S S  ---------------

Threads class SMR info:
_java_thread_list=0x000001c2e7e8d510, length=14, elements={
0x000001c2c3e67cf0, 0x000001c2e28e0050, 0x000001c2e28e16d0, 0x000001c2e292f5a0,
0x000001c2e2932220, 0x000001c2e2932bd0, 0x000001c2e2933580, 0x000001c2e2936320,
0x000001c2e2951020, 0x000001c2e2955e40, 0x000001c2e2aae460, 0x000001c2e2ac3a60,
0x000001c2e7a2a640, 0x000001c2e7e3a1c0
}

Java Threads: ( => current thread )
  0x000001c2c3e67cf0 JavaThread "main" [_thread_in_native, id=20064, stack(0x000000324fb00000,0x000000324fc00000)]
  0x000001c2e28e0050 JavaThread "Reference Handler" daemon [_thread_blocked, id=2944, stack(0x0000003250200000,0x0000003250300000)]
  0x000001c2e28e16d0 JavaThread "Finalizer" daemon [_thread_blocked, id=3780, stack(0x0000003250300000,0x0000003250400000)]
  0x000001c2e292f5a0 JavaThread "Signal Dispatcher" daemon [_thread_blocked, id=18288, stack(0x0000003250400000,0x0000003250500000)]
  0x000001c2e2932220 JavaThread "Attach Listener" daemon [_thread_blocked, id=1992, stack(0x0000003250500000,0x0000003250600000)]
  0x000001c2e2932bd0 JavaThread "Service Thread" daemon [_thread_blocked, id=19856, stack(0x0000003250600000,0x0000003250700000)]
  0x000001c2e2933580 JavaThread "Monitor Deflation Thread" daemon [_thread_blocked, id=12992, stack(0x0000003250700000,0x0000003250800000)]
=>0x000001c2e2936320 JavaThread "C2 CompilerThread0" daemon [_thread_in_native, id=9676, stack(0x0000003250800000,0x0000003250900000)]
  0x000001c2e2951020 JavaThread "C1 CompilerThread0" daemon [_thread_blocked, id=18104, stack(0x0000003250900000,0x0000003250a00000)]
  0x000001c2e2955e40 JavaThread "Sweeper thread" daemon [_thread_blocked, id=1244, stack(0x0000003250a00000,0x0000003250b00000)]
  0x000001c2e2aae460 JavaThread "Notification Thread" daemon [_thread_blocked, id=5700, stack(0x0000003250b00000,0x0000003250c00000)]
  0x000001c2e2ac3a60 JavaThread "Common-Cleaner" daemon [_thread_blocked, id=14060, stack(0x0000003250d00000,0x0000003250e00000)]
  0x000001c2e7a2a640 JavaThread "pool-1-thread-1" [_thread_blocked, id=3460, stack(0x0000003251400000,0x0000003251500000)]
  0x000001c2e7e3a1c0 JavaThread "DisconnectableInputStream source reader" daemon [_thread_in_native, id=6724, stack(0x0000003251600000,0x0000003251700000)]

Other Threads:
  0x000001c2e2763130 VMThread "VM Thread" [stack: 0x0000003250100000,0x0000003250200000] [id=1656]
  0x000001c2e2ab0940 WatcherThread [stack: 0x0000003250c00000,0x0000003250d00000] [id=20248]
  0x000001c2c3ed35a0 GCTaskThread "GC Thread#0" [stack: 0x000000324fc00000,0x000000324fd00000] [id=18372]
  0x000001c2e789c7d0 GCTaskThread "GC Thread#1" [stack: 0x0000003250f00000,0x0000003251000000] [id=2712]
  0x000001c2e789ca80 GCTaskThread "GC Thread#2" [stack: 0x0000003251000000,0x0000003251100000] [id=20124]
  0x000001c2e7a74110 GCTaskThread "GC Thread#3" [stack: 0x0000003251100000,0x0000003251200000] [id=17668]
  0x000001c2e7a743c0 GCTaskThread "GC Thread#4" [stack: 0x0000003251200000,0x0000003251300000] [id=13508]
  0x000001c2e7d87150 GCTaskThread "GC Thread#5" [stack: 0x0000003251300000,0x0000003251400000] [id=10764]
  0x000001c2c3ee41f0 ConcurrentGCThread "G1 Main Marker" [stack: 0x000000324fd00000,0x000000324fe00000] [id=12468]
  0x000001c2c3ee4c00 ConcurrentGCThread "G1 Conc#0" [stack: 0x000000324fe00000,0x000000324ff00000] [id=17984]
  0x000001c2e26040f0 ConcurrentGCThread "G1 Refine#0" [stack: 0x000000324ff00000,0x0000003250000000] [id=18128]
  0x000001c2e2604b10 ConcurrentGCThread "G1 Service" [stack: 0x0000003250000000,0x0000003250100000] [id=12348]

Threads with active compile tasks:
C2 CompilerThread0    43854 1509       4       jdk.internal.org.objectweb.asm.SymbolTable::put (150 bytes)

VM state: not at safepoint (normal execution)

VM Mutex/Monitor currently owned by a thread: None

Heap address: 0x0000000702e00000, size: 4050 MB, Compressed Oops mode: Zero based, Oop shift amount: 3

CDS archive(s) not mapped
Compressed class space mapped at: 0x0000000800000000-0x0000000840000000, reserved size: 1073741824
Narrow klass base: 0x0000000800000000, Narrow klass shift: 0, Narrow klass range: 0x40000000

GC Precious Log:
 CPUs: 8 total, 8 available
 Memory: 16198M
 Large Page Support: Disabled
 NUMA Support: Disabled
 Compressed Oops: Enabled (Zero based)
 Heap Region Size: 2M
 Heap Min Capacity: 8M
 Heap Initial Capacity: 254M
 Heap Max Capacity: 4050M
 Pre-touch: Disabled
 Parallel Workers: 8
 Concurrent Workers: 2
 Concurrent Refinement Workers: 8
 Periodic GC: Disabled

Heap:
 garbage-first heap   total 260096K, used 30709K [0x0000000702e00000, 0x0000000800000000)
  region size 2048K, 13 young (26624K), 2 survivors (4096K)
 Metaspace       used 17916K, committed 18112K, reserved 1114112K
  class space    used 2056K, committed 2176K, reserved 1048576K

Heap Regions: E=young(eden), S=young(survivor), O=old, HS=humongous(starts), HC=humongous(continues), CS=collection set, F=free, OA=open archive, CA=closed archive, TAMS=top-at-mark-start (previous, next)
|   0|0x0000000702e00000, 0x0000000702e00000, 0x0000000703000000|  0%| F|  |TAMS 0x0000000702e00000, 0x0000000702e00000| Untracked 
|   1|0x0000000703000000, 0x0000000703000000, 0x0000000703200000|  0%| F|  |TAMS 0x0000000703000000, 0x0000000703000000| Untracked 
|   2|0x0000000703200000, 0x0000000703400000, 0x0000000703400000|100%|HS|  |TAMS 0x0000000703200000, 0x0000000703200000| Complete 
|   3|0x0000000703400000, 0x0000000703600000, 0x0000000703600000|100%|HC|  |TAMS 0x0000000703400000, 0x0000000703400000| Complete 
|   4|0x0000000703600000, 0x00000007037fd600, 0x0000000703800000| 99%| O|  |TAMS 0x0000000703600000, 0x0000000703600000| Untracked 
|   5|0x0000000703800000, 0x0000000703800000, 0x0000000703a00000|  0%| F|  |TAMS 0x0000000703800000, 0x0000000703800000| Untracked 
|   6|0x0000000703a00000, 0x0000000703a00000, 0x0000000703c00000|  0%| F|  |TAMS 0x0000000703a00000, 0x0000000703a00000| Untracked 
|   7|0x0000000703c00000, 0x0000000703c00000, 0x0000000703e00000|  0%| F|  |TAMS 0x0000000703c00000, 0x0000000703c00000| Untracked 
|   8|0x0000000703e00000, 0x0000000703e00000, 0x0000000704000000|  0%| F|  |TAMS 0x0000000703e00000, 0x0000000703e00000| Untracked 
|   9|0x0000000704000000, 0x0000000704000000, 0x0000000704200000|  0%| F|  |TAMS 0x0000000704000000, 0x0000000704000000| Untracked 
|  10|0x0000000704200000, 0x0000000704200000, 0x0000000704400000|  0%| F|  |TAMS 0x0000000704200000, 0x0000000704200000| Untracked 
|  11|0x0000000704400000, 0x0000000704400000, 0x0000000704600000|  0%| F|  |TAMS 0x0000000704400000, 0x0000000704400000| Untracked 
|  12|0x0000000704600000, 0x0000000704600000, 0x0000000704800000|  0%| F|  |TAMS 0x0000000704600000, 0x0000000704600000| Untracked 
|  13|0x0000000704800000, 0x0000000704800000, 0x0000000704a00000|  0%| F|  |TAMS 0x0000000704800000, 0x0000000704800000| Untracked 
|  14|0x0000000704a00000, 0x0000000704a00000, 0x0000000704c00000|  0%| F|  |TAMS 0x0000000704a00000, 0x0000000704a00000| Untracked 
|  15|0x0000000704c00000, 0x0000000704c00000, 0x0000000704e00000|  0%| F|  |TAMS 0x0000000704c00000, 0x0000000704c00000| Untracked 
|  16|0x0000000704e00000, 0x0000000704e00000, 0x0000000705000000|  0%| F|  |TAMS 0x0000000704e00000, 0x0000000704e00000| Untracked 
|  17|0x0000000705000000, 0x0000000705000000, 0x0000000705200000|  0%| F|  |TAMS 0x0000000705000000, 0x0000000705000000| Untracked 
|  18|0x0000000705200000, 0x0000000705200000, 0x0000000705400000|  0%| F|  |TAMS 0x0000000705200000, 0x0000000705200000| Untracked 
|  19|0x0000000705400000, 0x0000000705400000, 0x0000000705600000|  0%| F|  |TAMS 0x0000000705400000, 0x0000000705400000| Untracked 
|  20|0x0000000705600000, 0x0000000705600000, 0x0000000705800000|  0%| F|  |TAMS 0x0000000705600000, 0x0000000705600000| Untracked 
|  21|0x0000000705800000, 0x0000000705800000, 0x0000000705a00000|  0%| F|  |TAMS 0x0000000705800000, 0x0000000705800000| Untracked 
|  22|0x0000000705a00000, 0x0000000705a00000, 0x0000000705c00000|  0%| F|  |TAMS 0x0000000705a00000, 0x0000000705a00000| Untracked 
|  23|0x0000000705c00000, 0x0000000705c00000, 0x0000000705e00000|  0%| F|  |TAMS 0x0000000705c00000, 0x0000000705c00000| Untracked 
|  24|0x0000000705e00000, 0x0000000705e00000, 0x0000000706000000|  0%| F|  |TAMS 0x0000000705e00000, 0x0000000705e00000| Untracked 
|  25|0x0000000706000000, 0x0000000706000000, 0x0000000706200000|  0%| F|  |TAMS 0x0000000706000000, 0x0000000706000000| Untracked 
|  26|0x0000000706200000, 0x0000000706200000, 0x0000000706400000|  0%| F|  |TAMS 0x0000000706200000, 0x0000000706200000| Untracked 
|  27|0x0000000706400000, 0x0000000706400000, 0x0000000706600000|  0%| F|  |TAMS 0x0000000706400000, 0x0000000706400000| Untracked 
|  28|0x0000000706600000, 0x0000000706600000, 0x0000000706800000|  0%| F|  |TAMS 0x0000000706600000, 0x0000000706600000| Untracked 
|  29|0x0000000706800000, 0x0000000706800000, 0x0000000706a00000|  0%| F|  |TAMS 0x0000000706800000, 0x0000000706800000| Untracked 
|  30|0x0000000706a00000, 0x0000000706a00000, 0x0000000706c00000|  0%| F|  |TAMS 0x0000000706a00000, 0x0000000706a00000| Untracked 
|  31|0x0000000706c00000, 0x0000000706c00000, 0x0000000706e00000|  0%| F|  |TAMS 0x0000000706c00000, 0x0000000706c00000| Untracked 
|  32|0x0000000706e00000, 0x0000000706e00000, 0x0000000707000000|  0%| F|  |TAMS 0x0000000706e00000, 0x0000000706e00000| Untracked 
|  33|0x0000000707000000, 0x0000000707000000, 0x0000000707200000|  0%| F|  |TAMS 0x0000000707000000, 0x0000000707000000| Untracked 
|  34|0x0000000707200000, 0x0000000707200000, 0x0000000707400000|  0%| F|  |TAMS 0x0000000707200000, 0x0000000707200000| Untracked 
|  35|0x0000000707400000, 0x0000000707400000, 0x0000000707600000|  0%| F|  |TAMS 0x0000000707400000, 0x0000000707400000| Untracked 
|  36|0x0000000707600000, 0x0000000707600000, 0x0000000707800000|  0%| F|  |TAMS 0x0000000707600000, 0x0000000707600000| Untracked 
|  37|0x0000000707800000, 0x0000000707800000, 0x0000000707a00000|  0%| F|  |TAMS 0x0000000707800000, 0x0000000707800000| Untracked 
|  38|0x0000000707a00000, 0x0000000707a00000, 0x0000000707c00000|  0%| F|  |TAMS 0x0000000707a00000, 0x0000000707a00000| Untracked 
|  39|0x0000000707c00000, 0x0000000707c00000, 0x0000000707e00000|  0%| F|  |TAMS 0x0000000707c00000, 0x0000000707c00000| Untracked 
|  40|0x0000000707e00000, 0x0000000707e00000, 0x0000000708000000|  0%| F|  |TAMS 0x0000000707e00000, 0x0000000707e00000| Untracked 
|  41|0x0000000708000000, 0x0000000708000000, 0x0000000708200000|  0%| F|  |TAMS 0x0000000708000000, 0x0000000708000000| Untracked 
|  42|0x0000000708200000, 0x0000000708200000, 0x0000000708400000|  0%| F|  |TAMS 0x0000000708200000, 0x0000000708200000| Untracked 
|  43|0x0000000708400000, 0x0000000708400000, 0x0000000708600000|  0%| F|  |TAMS 0x0000000708400000, 0x0000000708400000| Untracked 
|  44|0x0000000708600000, 0x0000000708600000, 0x0000000708800000|  0%| F|  |TAMS 0x0000000708600000, 0x0000000708600000| Untracked 
|  45|0x0000000708800000, 0x0000000708800000, 0x0000000708a00000|  0%| F|  |TAMS 0x0000000708800000, 0x0000000708800000| Untracked 
|  46|0x0000000708a00000, 0x0000000708a00000, 0x0000000708c00000|  0%| F|  |TAMS 0x0000000708a00000, 0x0000000708a00000| Untracked 
|  47|0x0000000708c00000, 0x0000000708c00000, 0x0000000708e00000|  0%| F|  |TAMS 0x0000000708c00000, 0x0000000708c00000| Untracked 
|  48|0x0000000708e00000, 0x0000000708e00000, 0x0000000709000000|  0%| F|  |TAMS 0x0000000708e00000, 0x0000000708e00000| Untracked 
|  49|0x0000000709000000, 0x0000000709000000, 0x0000000709200000|  0%| F|  |TAMS 0x0000000709000000, 0x0000000709000000| Untracked 
|  50|0x0000000709200000, 0x0000000709200000, 0x0000000709400000|  0%| F|  |TAMS 0x0000000709200000, 0x0000000709200000| Untracked 
|  51|0x0000000709400000, 0x0000000709400000, 0x0000000709600000|  0%| F|  |TAMS 0x0000000709400000, 0x0000000709400000| Untracked 
|  52|0x0000000709600000, 0x0000000709600000, 0x0000000709800000|  0%| F|  |TAMS 0x0000000709600000, 0x0000000709600000| Untracked 
|  53|0x0000000709800000, 0x0000000709800000, 0x0000000709a00000|  0%| F|  |TAMS 0x0000000709800000, 0x0000000709800000| Untracked 
|  54|0x0000000709a00000, 0x0000000709a00000, 0x0000000709c00000|  0%| F|  |TAMS 0x0000000709a00000, 0x0000000709a00000| Untracked 
|  55|0x0000000709c00000, 0x0000000709c00000, 0x0000000709e00000|  0%| F|  |TAMS 0x0000000709c00000, 0x0000000709c00000| Untracked 
|  56|0x0000000709e00000, 0x0000000709e00000, 0x000000070a000000|  0%| F|  |TAMS 0x0000000709e00000, 0x0000000709e00000| Untracked 
|  57|0x000000070a000000, 0x000000070a000000, 0x000000070a200000|  0%| F|  |TAMS 0x000000070a000000, 0x000000070a000000| Untracked 
|  58|0x000000070a200000, 0x000000070a200000, 0x000000070a400000|  0%| F|  |TAMS 0x000000070a200000, 0x000000070a200000| Untracked 
|  59|0x000000070a400000, 0x000000070a400000, 0x000000070a600000|  0%| F|  |TAMS 0x000000070a400000, 0x000000070a400000| Untracked 
|  60|0x000000070a600000, 0x000000070a600000, 0x000000070a800000|  0%| F|  |TAMS 0x000000070a600000, 0x000000070a600000| Untracked 
|  61|0x000000070a800000, 0x000000070a800000, 0x000000070aa00000|  0%| F|  |TAMS 0x000000070a800000, 0x000000070a800000| Untracked 
|  62|0x000000070aa00000, 0x000000070aa00000, 0x000000070ac00000|  0%| F|  |TAMS 0x000000070aa00000, 0x000000070aa00000| Untracked 
|  63|0x000000070ac00000, 0x000000070ac00000, 0x000000070ae00000|  0%| F|  |TAMS 0x000000070ac00000, 0x000000070ac00000| Untracked 
|  64|0x000000070ae00000, 0x000000070ae00000, 0x000000070b000000|  0%| F|  |TAMS 0x000000070ae00000, 0x000000070ae00000| Untracked 
|  65|0x000000070b000000, 0x000000070b000000, 0x000000070b200000|  0%| F|  |TAMS 0x000000070b000000, 0x000000070b000000| Untracked 
|  66|0x000000070b200000, 0x000000070b200000, 0x000000070b400000|  0%| F|  |TAMS 0x000000070b200000, 0x000000070b200000| Untracked 
|  67|0x000000070b400000, 0x000000070b400000, 0x000000070b600000|  0%| F|  |TAMS 0x000000070b400000, 0x000000070b400000| Untracked 
|  68|0x000000070b600000, 0x000000070b600000, 0x000000070b800000|  0%| F|  |TAMS 0x000000070b600000, 0x000000070b600000| Untracked 
|  69|0x000000070b800000, 0x000000070b800000, 0x000000070ba00000|  0%| F|  |TAMS 0x000000070b800000, 0x000000070b800000| Untracked 
|  70|0x000000070ba00000, 0x000000070ba00000, 0x000000070bc00000|  0%| F|  |TAMS 0x000000070ba00000, 0x000000070ba00000| Untracked 
|  71|0x000000070bc00000, 0x000000070bc00000, 0x000000070be00000|  0%| F|  |TAMS 0x000000070bc00000, 0x000000070bc00000| Untracked 
|  72|0x000000070be00000, 0x000000070be00000, 0x000000070c000000|  0%| F|  |TAMS 0x000000070be00000, 0x000000070be00000| Untracked 
|  73|0x000000070c000000, 0x000000070c000000, 0x000000070c200000|  0%| F|  |TAMS 0x000000070c000000, 0x000000070c000000| Untracked 
|  74|0x000000070c200000, 0x000000070c200000, 0x000000070c400000|  0%| F|  |TAMS 0x000000070c200000, 0x000000070c200000| Untracked 
|  75|0x000000070c400000, 0x000000070c400000, 0x000000070c600000|  0%| F|  |TAMS 0x000000070c400000, 0x000000070c400000| Untracked 
|  76|0x000000070c600000, 0x000000070c600000, 0x000000070c800000|  0%| F|  |TAMS 0x000000070c600000, 0x000000070c600000| Untracked 
|  77|0x000000070c800000, 0x000000070c800000, 0x000000070ca00000|  0%| F|  |TAMS 0x000000070c800000, 0x000000070c800000| Untracked 
|  78|0x000000070ca00000, 0x000000070ca00000, 0x000000070cc00000|  0%| F|  |TAMS 0x000000070ca00000, 0x000000070ca00000| Untracked 
|  79|0x000000070cc00000, 0x000000070cc00000, 0x000000070ce00000|  0%| F|  |TAMS 0x000000070cc00000, 0x000000070cc00000| Untracked 
|  80|0x000000070ce00000, 0x000000070ce00000, 0x000000070d000000|  0%| F|  |TAMS 0x000000070ce00000, 0x000000070ce00000| Untracked 
|  81|0x000000070d000000, 0x000000070d000000, 0x000000070d200000|  0%| F|  |TAMS 0x000000070d000000, 0x000000070d000000| Untracked 
|  82|0x000000070d200000, 0x000000070d200000, 0x000000070d400000|  0%| F|  |TAMS 0x000000070d200000, 0x000000070d200000| Untracked 
|  83|0x000000070d400000, 0x000000070d400000, 0x000000070d600000|  0%| F|  |TAMS 0x000000070d400000, 0x000000070d400000| Untracked 
|  84|0x000000070d600000, 0x000000070d600000, 0x000000070d800000|  0%| F|  |TAMS 0x000000070d600000, 0x000000070d600000| Untracked 
|  85|0x000000070d800000, 0x000000070d800000, 0x000000070da00000|  0%| F|  |TAMS 0x000000070d800000, 0x000000070d800000| Untracked 
|  86|0x000000070da00000, 0x000000070da00000, 0x000000070dc00000|  0%| F|  |TAMS 0x000000070da00000, 0x000000070da00000| Untracked 
|  87|0x000000070dc00000, 0x000000070dc00000, 0x000000070de00000|  0%| F|  |TAMS 0x000000070dc00000, 0x000000070dc00000| Untracked 
|  88|0x000000070de00000, 0x000000070de00000, 0x000000070e000000|  0%| F|  |TAMS 0x000000070de00000, 0x000000070de00000| Untracked 
|  89|0x000000070e000000, 0x000000070e000000, 0x000000070e200000|  0%| F|  |TAMS 0x000000070e000000, 0x000000070e000000| Untracked 
|  90|0x000000070e200000, 0x000000070e200000, 0x000000070e400000|  0%| F|  |TAMS 0x000000070e200000, 0x000000070e200000| Untracked 
|  91|0x000000070e400000, 0x000000070e400000, 0x000000070e600000|  0%| F|  |TAMS 0x000000070e400000, 0x000000070e400000| Untracked 
|  92|0x000000070e600000, 0x000000070e600000, 0x000000070e800000|  0%| F|  |TAMS 0x000000070e600000, 0x000000070e600000| Untracked 
|  93|0x000000070e800000, 0x000000070e800000, 0x000000070ea00000|  0%| F|  |TAMS 0x000000070e800000, 0x000000070e800000| Untracked 
|  94|0x000000070ea00000, 0x000000070ea00000, 0x000000070ec00000|  0%| F|  |TAMS 0x000000070ea00000, 0x000000070ea00000| Untracked 
|  95|0x000000070ec00000, 0x000000070ec00000, 0x000000070ee00000|  0%| F|  |TAMS 0x000000070ec00000, 0x000000070ec00000| Untracked 
|  96|0x000000070ee00000, 0x000000070ee00000, 0x000000070f000000|  0%| F|  |TAMS 0x000000070ee00000, 0x000000070ee00000| Untracked 
|  97|0x000000070f000000, 0x000000070f000000, 0x000000070f200000|  0%| F|  |TAMS 0x000000070f000000, 0x000000070f000000| Untracked 
|  98|0x000000070f200000, 0x000000070f200000, 0x000000070f400000|  0%| F|  |TAMS 0x000000070f200000, 0x000000070f200000| Untracked 
|  99|0x000000070f400000, 0x000000070f400000, 0x000000070f600000|  0%| F|  |TAMS 0x000000070f400000, 0x000000070f400000| Untracked 
| 100|0x000000070f600000, 0x000000070f600000, 0x000000070f800000|  0%| F|  |TAMS 0x000000070f600000, 0x000000070f600000| Untracked 
| 101|0x000000070f800000, 0x000000070f800000, 0x000000070fa00000|  0%| F|  |TAMS 0x000000070f800000, 0x000000070f800000| Untracked 
| 102|0x000000070fa00000, 0x000000070fa00000, 0x000000070fc00000|  0%| F|  |TAMS 0x000000070fa00000, 0x000000070fa00000| Untracked 
| 103|0x000000070fc00000, 0x000000070fc00000, 0x000000070fe00000|  0%| F|  |TAMS 0x000000070fc00000, 0x000000070fc00000| Untracked 
| 104|0x000000070fe00000, 0x000000070fe00000, 0x0000000710000000|  0%| F|  |TAMS 0x000000070fe00000, 0x000000070fe00000| Untracked 
| 105|0x0000000710000000, 0x0000000710000000, 0x0000000710200000|  0%| F|  |TAMS 0x0000000710000000, 0x0000000710000000| Untracked 
| 106|0x0000000710200000, 0x0000000710200000, 0x0000000710400000|  0%| F|  |TAMS 0x0000000710200000, 0x0000000710200000| Untracked 
| 107|0x0000000710400000, 0x0000000710400000, 0x0000000710600000|  0%| F|  |TAMS 0x0000000710400000, 0x0000000710400000| Untracked 
| 108|0x0000000710600000, 0x0000000710600000, 0x0000000710800000|  0%| F|  |TAMS 0x0000000710600000, 0x0000000710600000| Untracked 
| 109|0x0000000710800000, 0x0000000710800000, 0x0000000710a00000|  0%| F|  |TAMS 0x0000000710800000, 0x0000000710800000| Untracked 
| 110|0x0000000710a00000, 0x0000000710a00000, 0x0000000710c00000|  0%| F|  |TAMS 0x0000000710a00000, 0x0000000710a00000| Untracked 
| 111|0x0000000710c00000, 0x0000000710c00000, 0x0000000710e00000|  0%| F|  |TAMS 0x0000000710c00000, 0x0000000710c00000| Untracked 
| 112|0x0000000710e00000, 0x0000000710e00000, 0x0000000711000000|  0%| F|  |TAMS 0x0000000710e00000, 0x0000000710e00000| Untracked 
| 113|0x0000000711000000, 0x0000000711000000, 0x0000000711200000|  0%| F|  |TAMS 0x0000000711000000, 0x0000000711000000| Untracked 
| 114|0x0000000711200000, 0x0000000711400000, 0x0000000711400000|100%| S|CS|TAMS 0x0000000711200000, 0x0000000711200000| Complete 
| 115|0x0000000711400000, 0x0000000711600000, 0x0000000711600000|100%| S|CS|TAMS 0x0000000711400000, 0x0000000711400000| Complete 
| 116|0x0000000711600000, 0x00000007117aeaa0, 0x0000000711800000| 84%| E|  |TAMS 0x0000000711600000, 0x0000000711600000| Complete 
| 117|0x0000000711800000, 0x0000000711a00000, 0x0000000711a00000|100%| E|CS|TAMS 0x0000000711800000, 0x0000000711800000| Complete 
| 118|0x0000000711a00000, 0x0000000711c00000, 0x0000000711c00000|100%| E|CS|TAMS 0x0000000711a00000, 0x0000000711a00000| Complete 
| 119|0x0000000711c00000, 0x0000000711e00000, 0x0000000711e00000|100%| E|CS|TAMS 0x0000000711c00000, 0x0000000711c00000| Complete 
| 120|0x0000000711e00000, 0x0000000712000000, 0x0000000712000000|100%| E|CS|TAMS 0x0000000711e00000, 0x0000000711e00000| Complete 
| 121|0x0000000712000000, 0x0000000712200000, 0x0000000712200000|100%| E|CS|TAMS 0x0000000712000000, 0x0000000712000000| Complete 
| 122|0x0000000712200000, 0x0000000712400000, 0x0000000712400000|100%| E|CS|TAMS 0x0000000712200000, 0x0000000712200000| Complete 
| 123|0x0000000712400000, 0x0000000712600000, 0x0000000712600000|100%| E|CS|TAMS 0x0000000712400000, 0x0000000712400000| Complete 
| 124|0x0000000712600000, 0x0000000712800000, 0x0000000712800000|100%| E|CS|TAMS 0x0000000712600000, 0x0000000712600000| Complete 
| 125|0x0000000712800000, 0x0000000712a00000, 0x0000000712a00000|100%| E|CS|TAMS 0x0000000712800000, 0x0000000712800000| Complete 
| 126|0x0000000712a00000, 0x0000000712c00000, 0x0000000712c00000|100%| E|CS|TAMS 0x0000000712a00000, 0x0000000712a00000| Complete 

Card table byte_map: [0x000001c2d6e60000,0x000001c2d7650000] _byte_map_base: 0x000001c2d3649000

Marking Bits (Prev, Next): (CMBitMap*) 0x000001c2c3ed3bb0, (CMBitMap*) 0x000001c2c3ed3bf0
 Prev Bits: [0x000001c2d7e40000, 0x000001c2dbd88000)
 Next Bits: [0x000001c2dbd90000, 0x000001c2dfcd8000)

Polling page: 0x000001c2c1dc0000

Metaspace:

Usage:
  Non-class:     15.49 MB used.
      Class:      2.01 MB used.
       Both:     17.50 MB used.

Virtual space:
  Non-class space:       64.00 MB reserved,      15.56 MB ( 24%) committed,  1 nodes.
      Class space:        1.00 GB reserved,       2.12 MB ( <1%) committed,  1 nodes.
             Both:        1.06 GB reserved,      17.69 MB (  2%) committed. 

Chunk freelists:
   Non-Class:  390.00 KB
       Class:  13.72 MB
        Both:  14.11 MB

MaxMetaspaceSize: unlimited
CompressedClassSpaceSize: 1.00 GB
Initial GC threshold: 21.00 MB
Current GC threshold: 21.00 MB
CDS: off
MetaspaceReclaimPolicy: balanced
 - commit_granule_bytes: 65536.
 - commit_granule_words: 8192.
 - virtual_space_node_default_size: 8388608.
 - enlarge_chunks_in_place: 1.
 - new_chunks_are_fully_committed: 0.
 - uncommit_free_chunks: 1.
 - use_allocation_guard: 0.
 - handle_deallocations: 1.


Internal statistics:

num_allocs_failed_limit: 0.
num_arena_births: 92.
num_arena_deaths: 0.
num_vsnodes_births: 2.
num_vsnodes_deaths: 0.
num_space_committed: 283.
num_space_uncommitted: 0.
num_chunks_returned_to_freelist: 0.
num_chunks_taken_from_freelist: 345.
num_chunk_merges: 0.
num_chunk_splits: 222.
num_chunks_enlarged: 178.
num_inconsistent_stats: 0.

CodeHeap 'non-profiled nmethods': size=120000Kb used=595Kb max_used=595Kb free=119404Kb
 bounds [0x000001c2cee10000, 0x000001c2cf080000, 0x000001c2d6340000]
CodeHeap 'profiled nmethods': size=120000Kb used=2824Kb max_used=2824Kb free=117175Kb
 bounds [0x000001c2c7340000, 0x000001c2c7610000, 0x000001c2ce870000]
CodeHeap 'non-nmethods': size=5760Kb used=1178Kb max_used=1199Kb free=4581Kb
 bounds [0x000001c2ce870000, 0x000001c2ceae0000, 0x000001c2cee10000]
 total_blobs=2002 nmethods=1525 adapters=390
 compilation: enabled
              stopped_count=0, restarted_count=0
 full_count=0

Compilation events (20 events):
Event: 39.253 Thread 0x000001c2e2951020 1500       3       java.util.concurrent.ThreadPoolExecutor::ensurePrestart (41 bytes)
Event: 39.253 Thread 0x000001c2e2951020 nmethod 1500 0x000001c2c75f8c90 code [0x000001c2c75f8e60, 0x000001c2c75f9138]
Event: 39.253 Thread 0x000001c2e2951020 1501       3       java.util.concurrent.ScheduledThreadPoolExecutor$DelayedWorkQueue::take (5 bytes)
Event: 39.253 Thread 0x000001c2e2951020 nmethod 1501 0x000001c2c75f9290 code [0x000001c2c75f9440, 0x000001c2c75f9588]
Event: 39.253 Thread 0x000001c2e2951020 1498       3       java.util.concurrent.ScheduledThreadPoolExecutor$ScheduledFutureTask::setNextRunTime (38 bytes)
Event: 39.253 Thread 0x000001c2e2951020 nmethod 1498 0x000001c2c75f9610 code [0x000001c2c75f97c0, 0x000001c2c75f99e8]
Event: 39.253 Thread 0x000001c2e2951020 1499       3       java.util.concurrent.ScheduledThreadPoolExecutor::reExecutePeriodic (49 bytes)
Event: 39.254 Thread 0x000001c2e2951020 nmethod 1499 0x000001c2c75f9b10 code [0x000001c2c75f9d20, 0x000001c2c75fa3a8]
Event: 43.809 Thread 0x000001c2e2951020 1503       1       java.util.LinkedList::size (5 bytes)
Event: 43.809 Thread 0x000001c2e2951020 nmethod 1503 0x000001c2ceea3590 code [0x000001c2ceea3720, 0x000001c2ceea37f8]
Event: 43.812 Thread 0x000001c2e2936320 1505       4       jdk.internal.org.objectweb.asm.Symbol::<init> (38 bytes)
Event: 43.813 Thread 0x000001c2e2951020 1506       3       jdk.internal.org.objectweb.asm.MethodWriter::visitTypeInsn (116 bytes)
Event: 43.813 Thread 0x000001c2e2951020 nmethod 1506 0x000001c2c75fa610 code [0x000001c2c75fa800, 0x000001c2c75fac28]
Event: 43.813 Thread 0x000001c2e2951020 1507       3       java.lang.invoke.MethodTypeForm::cachedLambdaForm (23 bytes)
Event: 43.814 Thread 0x000001c2e2951020 nmethod 1507 0x000001c2c75fae10 code [0x000001c2c75fafc0, 0x000001c2c75fb328]
Event: 43.816 Thread 0x000001c2e2936320 nmethod 1505 0x000001c2ceea3b90 code [0x000001c2ceea3d00, 0x000001c2ceea4078]
Event: 43.818 Thread 0x000001c2e2936320 1509       4       jdk.internal.org.objectweb.asm.SymbolTable::put (150 bytes)
Event: 43.818 Thread 0x000001c2e2951020 1510       3       java.util.ImmutableCollections$ListN::size (6 bytes)
Event: 43.818 Thread 0x000001c2e2951020 nmethod 1510 0x000001c2c75fb490 code [0x000001c2c75fb620, 0x000001c2c75fb738]
Event: 43.819 Thread 0x000001c2e2951020 1511       1       org.gradle.internal.logging.text.AbstractLineChoppingStyledTextOutput$SeenFromEol::size (5 bytes)

GC Heap History (2 events):
Event: 0.879 GC heap before
{Heap before GC invocations=0 (full 0):
 garbage-first heap   total 260096K, used 30720K [0x0000000702e00000, 0x0000000800000000)
  region size 2048K, 11 young (22528K), 0 survivors (0K)
 Metaspace       used 10864K, committed 11072K, reserved 1114112K
  class space    used 1120K, committed 1216K, reserved 1048576K
}
Event: 0.886 GC heap after
{Heap after GC invocations=1 (full 0):
 garbage-first heap   total 260096K, used 10229K [0x0000000702e00000, 0x0000000800000000)
  region size 2048K, 2 young (4096K), 2 survivors (4096K)
 Metaspace       used 10864K, committed 11072K, reserved 1114112K
  class space    used 1120K, committed 1216K, reserved 1048576K
}

Dll operation events (2 events):
Event: 0.007 Loaded shared library C:\Program Files\Android\Android Studio\jbr\bin\java.dll
Event: 0.138 Loaded shared library C:\Program Files\Android\Android Studio\jbr\bin\verify.dll

Deoptimization events (20 events):
Event: 1.513 Thread 0x000001c2e7e49520 Uncommon trap: trap_request=0xffffff45 fr.pc=0x000001c2cee45f28 relative=0x0000000000000568
Event: 1.513 Thread 0x000001c2e7e49520 Uncommon trap: reason=unstable_if action=reinterpret pc=0x000001c2cee45f28 method=java.lang.AbstractStringBuilder.putStringAt(ILjava/lang/String;II)V @ 8 c2
Event: 1.513 Thread 0x000001c2e7e49520 DEOPT PACKING pc=0x000001c2cee45f28 sp=0x00000032515fef00
Event: 1.514 Thread 0x000001c2e7e49520 DEOPT UNPACKING pc=0x000001c2ce8c69a3 sp=0x00000032515fed88 mode 2
Event: 1.514 Thread 0x000001c2e7e49520 Uncommon trap: trap_request=0xffffff45 fr.pc=0x000001c2cee50890 relative=0x0000000000000550
Event: 1.514 Thread 0x000001c2e7e49520 Uncommon trap: reason=unstable_if action=reinterpret pc=0x000001c2cee50890 method=java.lang.AbstractStringBuilder.putStringAt(ILjava/lang/String;II)V @ 8 c2
Event: 1.514 Thread 0x000001c2e7e49520 DEOPT PACKING pc=0x000001c2cee50890 sp=0x00000032515fee90
Event: 1.514 Thread 0x000001c2e7e49520 DEOPT UNPACKING pc=0x000001c2ce8c69a3 sp=0x00000032515fed80 mode 2
Event: 1.514 Thread 0x000001c2e7e49520 Uncommon trap: trap_request=0xffffff45 fr.pc=0x000001c2cee7135c relative=0x000000000000005c
Event: 1.514 Thread 0x000001c2e7e49520 Uncommon trap: reason=unstable_if action=reinterpret pc=0x000001c2cee7135c method=java.lang.AbstractStringBuilder.isLatin1()Z @ 10 c2
Event: 1.514 Thread 0x000001c2e7e49520 DEOPT PACKING pc=0x000001c2cee7135c sp=0x00000032515fed20
Event: 1.514 Thread 0x000001c2e7e49520 DEOPT UNPACKING pc=0x000001c2ce8c69a3 sp=0x00000032515fecb0 mode 2
Event: 1.514 Thread 0x000001c2e7e49520 Uncommon trap: trap_request=0xffffff45 fr.pc=0x000001c2cee7a920 relative=0x0000000000000400
Event: 1.514 Thread 0x000001c2e7e49520 Uncommon trap: reason=unstable_if action=reinterpret pc=0x000001c2cee7a920 method=java.lang.AbstractStringBuilder.isLatin1()Z @ 10 c2
Event: 1.514 Thread 0x000001c2e7e49520 DEOPT PACKING pc=0x000001c2cee7a920 sp=0x00000032515fef10
Event: 1.514 Thread 0x000001c2e7e49520 DEOPT UNPACKING pc=0x000001c2ce8c69a3 sp=0x00000032515fee90 mode 2
Event: 43.815 Thread 0x000001c2c3e67cf0 Uncommon trap: trap_request=0xffffff45 fr.pc=0x000001c2cee88f90 relative=0x00000000000001f0
Event: 43.815 Thread 0x000001c2c3e67cf0 Uncommon trap: reason=unstable_if action=reinterpret pc=0x000001c2cee88f90 method=java.net.URI$Parser.scan(IILjava/lang/String;)I @ 26 c2
Event: 43.815 Thread 0x000001c2c3e67cf0 DEOPT PACKING pc=0x000001c2cee88f90 sp=0x000000324fbfc850
Event: 43.815 Thread 0x000001c2c3e67cf0 DEOPT UNPACKING pc=0x000001c2ce8c69a3 sp=0x000000324fbfc7e0 mode 2

Classes unloaded (0 events):
No events

Classes redefined (0 events):
No events

Internal exceptions (20 events):
Event: 0.898 Thread 0x000001c2c3e67cf0 Exception <a 'java/lang/NoSuchMethodError'{0x0000000712a44db0}: 'java.lang.Object java.lang.invoke.DirectMethodHandle$Holder.invokeStatic(java.lang.Object, java.lang.Object, int)'> (0x0000000712a44db0) 
thrown [s\src\hotspot\share\interpreter\linkResolver.cpp, line 771]
Event: 0.901 Thread 0x000001c2c3e67cf0 Exception <a 'java/lang/NoSuchMethodError'{0x0000000712a50aa0}: 'void java.lang.invoke.DelegatingMethodHandle$Holder.delegate(java.lang.Object, java.lang.Object, int, java.lang.Object)'> (0x0000000712a50aa0) 
thrown [s\src\hotspot\share\interpreter\linkResolver.cpp, line 771]
Event: 0.901 Thread 0x000001c2c3e67cf0 Exception <a 'java/lang/NoSuchMethodError'{0x0000000712a54c68}: 'int java.lang.invoke.DirectMethodHandle$Holder.invokeSpecial(java.lang.Object, java.lang.Object, java.lang.Object)'> (0x0000000712a54c68) 
thrown [s\src\hotspot\share\interpreter\linkResolver.cpp, line 771]
Event: 0.904 Thread 0x000001c2c3e67cf0 Exception <a 'java/lang/NoSuchMethodError'{0x0000000712a67e20}: 'java.lang.Object java.lang.invoke.Invokers$Holder.invokeExact_MT(java.lang.Object, java.lang.Object, java.lang.Object, java.lang.Object)'> (0x0000000712a67e20) 
thrown [s\src\hotspot\share\interpreter\linkResolver.cpp, line 771]
Event: 0.999 Thread 0x000001c2c3e67cf0 Exception <a 'java/lang/NoSuchMethodError'{0x00000007126b73d0}: 'java.lang.Object java.lang.invoke.DirectMethodHandle$Holder.invokeInterface(java.lang.Object, java.lang.Object, java.lang.Object)'> (0x00000007126b73d0) 
thrown [s\src\hotspot\share\interpreter\linkResolver.cpp, line 771]
Event: 1.002 Thread 0x000001c2c3e67cf0 Exception <a 'java/lang/NoSuchMethodError'{0x00000007126d8df0}: 'void java.lang.invoke.DirectMethodHandle$Holder.invokeSpecial(java.lang.Object, java.lang.Object, java.lang.Object)'> (0x00000007126d8df0) 
thrown [s\src\hotspot\share\interpreter\linkResolver.cpp, line 771]
Event: 1.014 Thread 0x000001c2c3e67cf0 Implicit null exception at 0x000001c2cee5ae90 to 0x000001c2cee5b44c
Event: 1.014 Thread 0x000001c2c3e67cf0 Implicit null exception at 0x000001c2cee4bf10 to 0x000001c2cee4c4ac
Event: 1.040 Thread 0x000001c2c3e67cf0 Exception <a 'java/lang/NoSuchMethodError'{0x0000000712473790}: 'java.lang.Object java.lang.invoke.DirectMethodHandle$Holder.invokeStaticInit(java.lang.Object)'> (0x0000000712473790) 
thrown [s\src\hotspot\share\interpreter\linkResolver.cpp, line 771]
Event: 1.163 Thread 0x000001c2c3e67cf0 Exception <a 'java/lang/NoSuchMethodError'{0x0000000712069e18}: 'java.lang.Object java.lang.invoke.DirectMethodHandle$Holder.invokeStaticInit(java.lang.Object, int, int, int, int)'> (0x0000000712069e18) 
thrown [s\src\hotspot\share\interpreter\linkResolver.cpp, line 771]
Event: 1.219 Thread 0x000001c2c3e67cf0 Exception <a 'java/lang/NoSuchMethodError'{0x00000007120ccea8}: 'java.lang.Object java.lang.invoke.DirectMethodHandle$Holder.invokeStaticInit(java.lang.Object, java.lang.Object, int, int, int, int)'> (0x00000007120ccea8) 
thrown [s\src\hotspot\share\interpreter\linkResolver.cpp, line 771]
Event: 1.299 Thread 0x000001c2c3e67cf0 Exception <a 'java/lang/NoSuchMethodError'{0x00000007120f9808}: 'void java.lang.invoke.DirectMethodHandle$Holder.invokeStatic(java.lang.Object, java.lang.Object, java.lang.Object)'> (0x00000007120f9808) 
thrown [s\src\hotspot\share\interpreter\linkResolver.cpp, line 771]
Event: 1.489 Thread 0x000001c2e7e49520 Exception <a 'java/lang/NoSuchMethodError'{0x0000000711bf84f0}: 'void java.lang.invoke.DirectMethodHandle$Holder.invokeStatic(java.lang.Object, long)'> (0x0000000711bf84f0) 
thrown [s\src\hotspot\share\interpreter\linkResolver.cpp, line 771]
Event: 1.489 Thread 0x000001c2e7e49520 Exception <a 'java/lang/NoSuchMethodError'{0x0000000711bfdba0}: 'java.lang.Object java.lang.invoke.DirectMethodHandle$Holder.newInvokeSpecial(java.lang.Object, long)'> (0x0000000711bfdba0) 
thrown [s\src\hotspot\share\interpreter\linkResolver.cpp, line 771]
Event: 1.492 Thread 0x000001c2e7e49520 Exception <a 'java/lang/NoSuchMethodError'{0x0000000711808e90}: 'java.lang.Object java.lang.invoke.DirectMethodHandle$Holder.invokeStaticInit(java.lang.Object, java.lang.Object, long, java.lang.Object)'> (0x0000000711808e90) 
thrown [s\src\hotspot\share\interpreter\linkResolver.cpp, line 771]
Event: 1.492 Thread 0x000001c2e7e49520 Exception <a 'java/lang/NoSuchMethodError'{0x000000071180f518}: 'java.lang.Object java.lang.invoke.DirectMethodHandle$Holder.newInvokeSpecial(java.lang.Object, java.lang.Object, long)'> (0x000000071180f518) 
thrown [s\src\hotspot\share\interpreter\linkResolver.cpp, line 771]
Event: 1.493 Thread 0x000001c2e7e49520 Exception <a 'java/lang/NoSuchMethodError'{0x0000000711813808}: 'java.lang.Object java.lang.invoke.Invokers$Holder.linkToTargetMethod(java.lang.Object, long, java.lang.Object)'> (0x0000000711813808) 
thrown [s\src\hotspot\share\interpreter\linkResolver.cpp, line 771]
Event: 43.802 Thread 0x000001c2c3e67cf0 Exception <a 'sun/net/ConnectionResetException'{0x00000007116d84b0}: Connection reset> (0x00000007116d84b0) 
thrown [s\src\hotspot\share\prims\jni.cpp, line 536]
Event: 43.812 Thread 0x000001c2c3e67cf0 Exception <a 'java/lang/NoSuchMethodError'{0x00000007117537d0}: 'int java.lang.invoke.DirectMethodHandle$Holder.invokeVirtual(java.lang.Object, java.lang.Object)'> (0x00000007117537d0) 
thrown [s\src\hotspot\share\interpreter\linkResolver.cpp, line 771]
Event: 43.815 Thread 0x000001c2e7e3aa90 Exception <a 'java/io/IOException'{0x00000007116f8630}: Connection reset by peer> (0x00000007116f8630) 
thrown [s\src\hotspot\share\prims\jni.cpp, line 536]

VM Operations (20 events):
Event: 4.122 Executing VM operation: HandshakeAllThreads
Event: 4.122 Executing VM operation: HandshakeAllThreads done
Event: 4.122 Executing VM operation: Cleanup
Event: 4.122 Executing VM operation: Cleanup done
Event: 5.127 Executing VM operation: Cleanup
Event: 5.127 Executing VM operation: Cleanup done
Event: 23.283 Executing VM operation: Cleanup
Event: 23.283 Executing VM operation: Cleanup done
Event: 25.308 Executing VM operation: Cleanup
Event: 25.308 Executing VM operation: Cleanup done
Event: 26.318 Executing VM operation: Cleanup
Event: 26.318 Executing VM operation: Cleanup done
Event: 27.331 Executing VM operation: Cleanup
Event: 27.331 Executing VM operation: Cleanup done
Event: 29.361 Executing VM operation: Cleanup
Event: 29.361 Executing VM operation: Cleanup done
Event: 30.363 Executing VM operation: Cleanup
Event: 30.364 Executing VM operation: Cleanup done
Event: 39.435 Executing VM operation: Cleanup
Event: 39.435 Executing VM operation: Cleanup done

Events (20 events):
Event: 11.081 loading class jdk/internal/reflect/ByteVectorImpl done
Event: 11.081 loading class jdk/internal/reflect/ClassFileAssembler
Event: 11.081 loading class jdk/internal/reflect/ClassFileAssembler done
Event: 11.081 loading class jdk/internal/reflect/UTF8
Event: 11.081 loading class jdk/internal/reflect/UTF8 done
Event: 11.082 loading class jdk/internal/reflect/Label
Event: 11.082 loading class jdk/internal/reflect/Label done
Event: 11.082 loading class jdk/internal/reflect/Label$PatchInfo
Event: 11.082 loading class jdk/internal/reflect/Label$PatchInfo done
Event: 11.083 loading class jdk/internal/reflect/MethodAccessorGenerator$1
Event: 11.083 loading class jdk/internal/reflect/MethodAccessorGenerator$1 done
Event: 11.083 loading class jdk/internal/reflect/ClassDefiner
Event: 11.083 loading class jdk/internal/reflect/ClassDefiner done
Event: 11.083 loading class jdk/internal/reflect/ClassDefiner$1
Event: 11.083 loading class jdk/internal/reflect/ClassDefiner$1 done
Event: 43.802 loading class sun/net/ConnectionResetException
Event: 43.802 loading class sun/net/ConnectionResetException done
Event: 43.816 Thread 0x000001c2e7e3aa90 Thread exited: 0x000001c2e7e3aa90
Event: 43.817 loading class java/util/concurrent/ConcurrentLinkedQueue$Itr
Event: 43.817 loading class java/util/concurrent/ConcurrentLinkedQueue$Itr done


Dynamic libraries:
0x00007ff62f140000 - 0x00007ff62f14a000 	C:\Program Files\Android\Android Studio\jbr\bin\java.exe
0x00007ffcbcf10000 - 0x00007ffcbd127000 	C:\Windows\SYSTEM32\ntdll.dll
0x00007ffcbb5e0000 - 0x00007ffcbb6a4000 	C:\Windows\System32\KERNEL32.DLL
0x00007ffcba470000 - 0x00007ffcba816000 	C:\Windows\System32\KERNELBASE.dll
0x00007ffcba280000 - 0x00007ffcba391000 	C:\Windows\System32\ucrtbase.dll
0x00007ffca3540000 - 0x00007ffca355b000 	C:\Program Files\Android\Android Studio\jbr\bin\VCRUNTIME140.dll
0x00007ffca3b90000 - 0x00007ffca3ba7000 	C:\Program Files\Android\Android Studio\jbr\bin\jli.dll
0x00007ffcbb030000 - 0x00007ffcbb1de000 	C:\Windows\System32\USER32.dll
0x00007ffcba440000 - 0x00007ffcba466000 	C:\Windows\System32\win32u.dll
0x00007ffcbcd30000 - 0x00007ffcbcd59000 	C:\Windows\System32\GDI32.dll
0x00007ffcba820000 - 0x00007ffcba938000 	C:\Windows\System32\gdi32full.dll
0x00007ffc9e510000 - 0x00007ffc9e7a3000 	C:\Windows\WinSxS\amd64_microsoft.windows.common-controls_6595b64144ccf1df_6.0.22621.2506_none_270c5ae97388e100\COMCTL32.dll
0x00007ffcba3a0000 - 0x00007ffcba43a000 	C:\Windows\System32\msvcp_win.dll
0x00007ffcbac60000 - 0x00007ffcbad07000 	C:\Windows\System32\msvcrt.dll
0x00007ffcbb9a0000 - 0x00007ffcbb9d1000 	C:\Windows\System32\IMM32.DLL
0x00007ffcb4a10000 - 0x00007ffcb4a1c000 	C:\Program Files\Android\Android Studio\jbr\bin\vcruntime140_1.dll
0x00007ffca34b0000 - 0x00007ffca353d000 	C:\Program Files\Android\Android Studio\jbr\bin\msvcp140.dll
0x00007ffc3ded0000 - 0x00007ffc3eb50000 	C:\Program Files\Android\Android Studio\jbr\bin\server\jvm.dll
0x00007ffcbaf70000 - 0x00007ffcbb021000 	C:\Windows\System32\ADVAPI32.dll
0x00007ffcbaeb0000 - 0x00007ffcbaf55000 	C:\Windows\System32\sechost.dll
0x00007ffcbbc10000 - 0x00007ffcbbd27000 	C:\Windows\System32\RPCRT4.dll
0x00007ffcb27a0000 - 0x00007ffcb27a9000 	C:\Windows\SYSTEM32\WSOCK32.dll
0x00007ffcb1540000 - 0x00007ffcb1574000 	C:\Windows\SYSTEM32\WINMM.dll
0x00007ffcbbd30000 - 0x00007ffcbbda1000 	C:\Windows\System32\WS2_32.dll
0x00007ffcac630000 - 0x00007ffcac63a000 	C:\Windows\SYSTEM32\VERSION.dll
0x00007ffcb9240000 - 0x00007ffcb9258000 	C:\Windows\SYSTEM32\kernel.appcore.dll
0x00007ffcb26b0000 - 0x00007ffcb26ba000 	C:\Program Files\Android\Android Studio\jbr\bin\jimage.dll
0x00007ffcb4ff0000 - 0x00007ffcb5223000 	C:\Windows\SYSTEM32\DBGHELP.DLL
0x00007ffcbb250000 - 0x00007ffcbb5d9000 	C:\Windows\System32\combase.dll
0x00007ffcbb9e0000 - 0x00007ffcbbab7000 	C:\Windows\System32\OLEAUT32.dll
0x00007ffc8dbd0000 - 0x00007ffc8dc02000 	C:\Windows\SYSTEM32\dbgcore.DLL
0x00007ffcbaa70000 - 0x00007ffcbaaea000 	C:\Windows\System32\bcryptPrimitives.dll
0x00007ffca3480000 - 0x00007ffca34a5000 	C:\Program Files\Android\Android Studio\jbr\bin\java.dll
0x00007ffca3460000 - 0x00007ffca3478000 	C:\Program Files\Android\Android Studio\jbr\bin\zip.dll
0x00007ffcbbdb0000 - 0x00007ffcbc60a000 	C:\Windows\System32\SHELL32.dll
0x00007ffcb8150000 - 0x00007ffcb8a46000 	C:\Windows\SYSTEM32\windows.storage.dll
0x00007ffcb8010000 - 0x00007ffcb814e000 	C:\Windows\SYSTEM32\wintypes.dll
0x00007ffcbb6b0000 - 0x00007ffcbb7a3000 	C:\Windows\System32\SHCORE.dll
0x00007ffcbccd0000 - 0x00007ffcbcd2e000 	C:\Windows\System32\shlwapi.dll
0x00007ffcba1b0000 - 0x00007ffcba1d6000 	C:\Windows\SYSTEM32\profapi.dll
0x00007ffca3440000 - 0x00007ffca3459000 	C:\Program Files\Android\Android Studio\jbr\bin\net.dll
0x00007ffcb3f60000 - 0x00007ffcb4097000 	C:\Windows\SYSTEM32\WINHTTP.dll
0x00007ffcb96b0000 - 0x00007ffcb9719000 	C:\Windows\system32\mswsock.dll
0x00007ffca3420000 - 0x00007ffca3436000 	C:\Program Files\Android\Android Studio\jbr\bin\nio.dll
0x00007ffcac560000 - 0x00007ffcac570000 	C:\Program Files\Android\Android Studio\jbr\bin\verify.dll
0x00007ffca20f0000 - 0x00007ffca2117000 	C:\Users\Abdullah\.gradle\native\e1d6ef7f7dcc3fd88c89a11ec53ec762bb8ba0a96d01ffa2cd45eb1d1d8dd5c5\windows-amd64\native-platform.dll
0x00007ffcac380000 - 0x00007ffcac389000 	C:\Program Files\Android\Android Studio\jbr\bin\management.dll
0x00007ffcaaef0000 - 0x00007ffcaaefb000 	C:\Program Files\Android\Android Studio\jbr\bin\management_ext.dll
0x00007ffcbaf60000 - 0x00007ffcbaf68000 	C:\Windows\System32\PSAPI.DLL
0x00007ffcb9a00000 - 0x00007ffcb9a1b000 	C:\Windows\SYSTEM32\CRYPTSP.dll
0x00007ffcb91a0000 - 0x00007ffcb91d5000 	C:\Windows\system32\rsaenh.dll
0x00007ffcb9750000 - 0x00007ffcb977c000 	C:\Windows\SYSTEM32\USERENV.dll
0x00007ffcb9bb0000 - 0x00007ffcb9bd8000 	C:\Windows\SYSTEM32\bcrypt.dll
0x00007ffcb99e0000 - 0x00007ffcb99ec000 	C:\Windows\SYSTEM32\CRYPTBASE.dll
0x00007ffcb8cb0000 - 0x00007ffcb8cdd000 	C:\Windows\SYSTEM32\IPHLPAPI.DLL
0x00007ffcbb990000 - 0x00007ffcbb999000 	C:\Windows\System32\NSI.dll
0x00007ffcb34f0000 - 0x00007ffcb3509000 	C:\Windows\SYSTEM32\dhcpcsvc6.DLL
0x00007ffcb3480000 - 0x00007ffcb349f000 	C:\Windows\SYSTEM32\dhcpcsvc.DLL
0x00007ffcb8d20000 - 0x00007ffcb8e19000 	C:\Windows\SYSTEM32\DNSAPI.dll
0x00007ffc4a260000 - 0x00007ffc4a268000 	C:\Windows\system32\wshunix.dll

dbghelp: loaded successfully - version: 4.0.5 - missing functions: none
symbol engine: initialized successfully - sym options: 0x614 - pdb path: .;C:\Program Files\Android\Android Studio\jbr\bin;C:\Windows\SYSTEM32;C:\Windows\WinSxS\amd64_microsoft.windows.common-controls_6595b64144ccf1df_6.0.22621.2506_none_270c5ae97388e100;C:\Program Files\Android\Android Studio\jbr\bin\server;C:\Users\Abdullah\.gradle\native\e1d6ef7f7dcc3fd88c89a11ec53ec762bb8ba0a96d01ffa2cd45eb1d1d8dd5c5\windows-amd64

VM Arguments:
jvm_args: -Dorg.gradle.appname=gradlew 
java_command: org.gradle.wrapper.GradleWrapperMain -q -Ptarget-platform=android-arm,android-arm64,android-x64 -Ptarget=lib\main.dart -Pbase-application-name=android.app.Application -Pdart-obfuscation=false -Ptrack-widget-creation=true -Ptree-shake-icons=true assembleRelease
java_class_path (initial): C:\Users\Abdullah\Desktop\frontend\android\\gradle\wrapper\gradle-wrapper.jar
Launcher Type: SUN_STANDARD

[Global flags]
     intx CICompilerCount                          = 4                                         {product} {ergonomic}
     uint ConcGCThreads                            = 2                                         {product} {ergonomic}
     uint G1ConcRefinementThreads                  = 8                                         {product} {ergonomic}
   size_t G1HeapRegionSize                         = 2097152                                   {product} {ergonomic}
    uintx GCDrainStackTargetSize                   = 64                                        {product} {ergonomic}
   size_t InitialHeapSize                          = 266338304                                 {product} {ergonomic}
   size_t MarkStackSize                            = 4194304                                   {product} {ergonomic}
   size_t MaxHeapSize                              = 4246732800                                {product} {ergonomic}
   size_t MaxNewSize                               = 2548039680                                {product} {ergonomic}
   size_t MinHeapDeltaBytes                        = 2097152                                   {product} {ergonomic}
   size_t MinHeapSize                              = 8388608                                   {product} {ergonomic}
    uintx NonNMethodCodeHeapSize                   = 5839372                                {pd product} {ergonomic}
    uintx NonProfiledCodeHeapSize                  = 122909434                              {pd product} {ergonomic}
    uintx ProfiledCodeHeapSize                     = 122909434                              {pd product} {ergonomic}
    uintx ReservedCodeCacheSize                    = 251658240                              {pd product} {ergonomic}
     bool SegmentedCodeCache                       = true                                      {product} {ergonomic}
   size_t SoftMaxHeapSize                          = 4246732800                             {manageable} {ergonomic}
     bool UseCompressedClassPointers               = true                           {product lp64_product} {ergonomic}
     bool UseCompressedOops                        = true                           {product lp64_product} {ergonomic}
     bool UseG1GC                                  = true                                      {product} {ergonomic}
     bool UseLargePagesIndividualAllocation        = false                                  {pd product} {ergonomic}

Logging:
Log output configuration:
 #0: stdout all=warning uptime,level,tags
 #1: stderr all=off uptime,level,tags

Environment Variables:
JAVA_HOME=C:\Program Files\Android\Android Studio\jbr
CLASSPATH=C:\Users\Abdullah\Desktop\frontend\android\\gradle\wrapper\gradle-wrapper.jar
PATH=C:\Program Files\Android\Android Studio\jbr\bin;C:\flutter\flutter\bin\;C:\Windows\system32;C:\Windows;C:\Windows\System32\Wbem;C:\Windows\System32\WindowsPowerShell\v1.0\;C:\Windows\System32\OpenSSH\;C:\Program Files\dotnet\;C:\Users\Abdullah\AppData\Local\Microsoft\WindowsApps;C:\Users\Abdullah\AppData\Local\Programs\Microsoft VS Code\bin;C:\flutter\flutter\bin;;C:\flutter\flutter\bin\mingit\cmd
USERNAME=Abdullah
LANG=en_US.UTF-8
OS=Windows_NT
PROCESSOR_IDENTIFIER=Intel64 Family 6 Model 142 Stepping 12, GenuineIntel
TMP=C:\Users\Abdullah\AppData\Local\Temp
TEMP=C:\Users\Abdullah\AppData\Local\Temp


JNI global refs:
JNI global refs: 19, weak refs: 0

JNI global refs memory usage: 843, weak refs: 841

OOME stack traces (most recent first):
Classloader memory used:
Loader bootstrap                                                                       : 1650K
Loader org.gradle.internal.classloader.VisitableURLClassLoader                         : 531K
Loader java.net.URLClassLoader                                                         : 25818B
Loader jdk.internal.loader.ClassLoaders$AppClassLoader                                 : 18431B
Loader jdk.internal.loader.ClassLoaders$PlatformClassLoader                            : 14431B
Loader jdk.internal.reflect.DelegatingClassLoader                                      : 439B

Classes loaded by more than one classloader:
Class org.gradle.internal.installation.GradleInstallation                             : loaded 2 times (x 73B)
Class org.gradle.cli.ParsedCommandLine                                                : loaded 2 times (x 78B)
Class org.gradle.internal.classpath.ClassPath                                         : loaded 2 times (x 68B)
Class org.gradle.api.internal.classpath.DefaultModuleRegistry                         : loaded 2 times (x 84B)
Class org.gradle.api.Action                                                           : loaded 2 times (x 68B)
Class org.gradle.cli.CommandLineParser$OptionString                                   : loaded 2 times (x 71B)
Class org.gradle.internal.installation.GradleInstallation$1                           : loaded 2 times (x 73B)
Class org.gradle.cli.CommandLineParser$AfterOptions                                   : loaded 2 times (x 75B)
Class org.gradle.internal.classpath.DefaultClassPath$ImmutableUniqueList$Builder      : loaded 2 times (x 73B)
Class org.gradle.cli.CommandLineParser$AfterFirstSubCommand                           : loaded 2 times (x 75B)
Class org.gradle.internal.classloader.ClassLoaderVisitor                              : loaded 2 times (x 74B)
Class org.gradle.internal.service.UnknownServiceException                             : loaded 2 times (x 81B)
Class org.gradle.api.GradleException                                                  : loaded 2 times (x 80B)
Class org.gradle.api.internal.classpath.ModuleRegistry                                : loaded 2 times (x 68B)
Class org.gradle.cli.CommandLineParser$KnownOptionParserState                         : loaded 2 times (x 74B)
Class org.gradle.internal.classloader.ClasspathUtil$1                                 : loaded 2 times (x 74B)
Class org.gradle.cli.AbstractPropertiesCommandLineConverter                           : loaded 2 times (x 81B)
Class org.gradle.api.internal.classpath.ManifestUtil                                  : loaded 2 times (x 69B)
Class org.gradle.api.specs.Spec                                                       : loaded 2 times (x 68B)
Class org.gradle.cli.SystemPropertiesCommandLineConverter                             : loaded 2 times (x 81B)
Class org.gradle.internal.IoActions                                                   : loaded 2 times (x 69B)
Class org.gradle.api.internal.classpath.EffectiveClassPath                            : loaded 2 times (x 88B)
Class org.gradle.internal.installation.CurrentGradleInstallation                      : loaded 2 times (x 71B)
Class org.gradle.internal.installation.CurrentGradleInstallationLocator               : loaded 2 times (x 69B)
Class org.gradle.api.internal.classpath.Module                                        : loaded 2 times (x 68B)
Class org.gradle.internal.classpath.DefaultClassPath                                  : loaded 2 times (x 88B)
Class org.gradle.api.Transformer                                                      : loaded 2 times (x 68B)
Class org.gradle.cli.CommandLineParser                                                : loaded 2 times (x 77B)
Class org.gradle.cli.CommandLineParser$BeforeFirstSubCommand                          : loaded 2 times (x 75B)
Class org.gradle.internal.classloader.SystemClassLoaderSpec                           : loaded 2 times (x 69B)
Class org.gradle.cli.CommandLineOption                                                : loaded 2 times (x 84B)
Class org.gradle.cli.CommandLineParser$ParserState                                    : loaded 2 times (x 74B)
Class org.gradle.cli.CommandLineParser$MissingOptionArgState                          : loaded 2 times (x 75B)
Class org.gradle.api.UncheckedIOException                                             : loaded 2 times (x 80B)
Class org.gradle.cli.ParsedCommandLineOption                                          : loaded 2 times (x 74B)
Class org.gradle.internal.classloader.ClasspathUtil                                   : loaded 2 times (x 69B)
Class org.gradle.api.internal.classpath.DefaultModuleRegistry$DefaultModule           : loaded 2 times (x 84B)
Class org.gradle.cli.CommandLineParser$UnknownOptionParserState                       : loaded 2 times (x 74B)
Class org.gradle.api.internal.classpath.UnknownModuleException                        : loaded 2 times (x 80B)
Class org.gradle.internal.service.ServiceLookupException                              : loaded 2 times (x 80B)
Class org.gradle.cache.GlobalCache                                                    : loaded 2 times (x 68B)
Class org.gradle.util.internal.GUtil                                                  : loaded 2 times (x 69B)
Class org.gradle.internal.classloader.ClassLoaderSpec                                 : loaded 2 times (x 69B)
Class org.gradle.cli.CommandLineParser$OptionAwareParserState                         : loaded 2 times (x 75B)
Class org.gradle.cli.CommandLineParser$OptionParserState                              : loaded 2 times (x 73B)
Class org.gradle.internal.Cast                                                        : loaded 2 times (x 69B)
Class org.gradle.internal.classloader.ClassLoaderHierarchy                            : loaded 2 times (x 68B)
Class org.gradle.cli.CommandLineConverter                                             : loaded 2 times (x 68B)
Class org.gradle.internal.classpath.DefaultClassPath$ImmutableUniqueList              : loaded 2 times (x 159B)
Class org.gradle.cli.AbstractCommandLineConverter                                     : loaded 2 times (x 77B)
Class org.gradle.cli.CommandLineArgumentException                                     : loaded 2 times (x 80B)


---------------  S Y S T E M  ---------------

OS:
 Windows 11 , 64 bit Build 22621 (10.0.22621.2506)
OS uptime: 0 days 22:59 hours
Hyper-V role detected

CPU: total 8 (initial active 8) (4 cores per cpu, 2 threads per core) family 6 model 142 stepping 12 microcode 0xf8, cx8, cmov, fxsr, ht, mmx, 3dnowpref, sse, sse2, sse3, ssse3, sse4.1, sse4.2, popcnt, lzcnt, tsc, tscinvbit, avx, avx2, aes, erms, clmul, bmi1, bmi2, adx, fma, vzeroupper, clflush, clflushopt, hv

Memory: 4k page, system-wide physical 16198M (424M free)
TotalPageFile size 28995M (AvailPageFile size 274M)
current process WorkingSet (physical memory assigned to process): 96M, peak: 101M
current process commit charge ("private bytes"): 361M, peak: 367M

vm_info: OpenJDK 64-Bit Server VM (17.0.7+0-b2043.56-10550314) for windows-amd64 JRE (17.0.7+0-b2043.56-10550314), built on Jul 24 2023 18:27:45 by "androidbuild" with MS VC++ 16.10 / 16.11 (VS2019)

END.
