#
# There is insufficient memory for the Java Runtime Environment to continue.
# Native memory allocation (malloc) failed to allocate 674800 bytes for Chunk::new
# Possible reasons:
#   The system is out of physical RAM or swap space
#   The process is running with CompressedOops enabled, and the Java Heap may be blocking the growth of the native heap
# Possible solutions:
#   Reduce memory load on the system
#   Increase physical memory or swap space
#   Check if swap backing store is full
#   Decrease Java heap size (-Xmx/-Xms)
#   Decrease number of Java threads
#   Decrease Java thread stack sizes (-Xss)
#   Set larger code cache with -XX:ReservedCodeCacheSize=
#   JVM is running with Unscaled Compressed Oops mode in which the Java heap is
#     placed in the first 4GB address space. The Java Heap base address is the
#     maximum limit for the native heap growth. Please use -XX:HeapBaseMinAddress
#     to set the Java Heap base and to place the Java Heap above 4GB virtual address.
# This output file may be truncated or incomplete.
#
#  Out of Memory Error (arena.cpp:189), pid=19996, tid=1348
#
# JRE version: OpenJDK Runtime Environment (17.0.7) (build 17.0.7+0-b2043.56-10550314)
# Java VM: OpenJDK 64-Bit Server VM (17.0.7+0-b2043.56-10550314, mixed mode, tiered, compressed oops, compressed class ptrs, g1 gc, windows-amd64)
# No core dump will be written. Minidumps are not enabled by default on client versions of Windows
#

---------------  S U M M A R Y ------------

Command Line: --add-opens=java.base/java.util=ALL-UNNAMED --add-opens=java.base/java.lang=ALL-UNNAMED --add-opens=java.base/java.lang.invoke=ALL-UNNAMED --add-opens=java.base/java.util=ALL-UNNAMED --add-opens=java.prefs/java.util.prefs=ALL-UNNAMED --add-opens=java.prefs/java.util.prefs=ALL-UNNAMED --add-opens=java.base/java.nio.charset=ALL-UNNAMED --add-opens=java.base/java.net=ALL-UNNAMED --add-opens=java.base/java.util.concurrent.atomic=ALL-UNNAMED -Xmx1536M -Dfile.encoding=windows-1252 -Duser.country=US -Duser.language=en -Duser.variant org.gradle.launcher.daemon.bootstrap.GradleDaemon 7.5

Host: Intel(R) Core(TM) i7-8665U CPU @ 1.90GHz, 8 cores, 15G,  Windows 11 , 64 bit Build 22621 (10.0.22621.2506)
Time: Mon Dec 18 18:42:09 2023 Pakistan Standard Time elapsed time: 19.215107 seconds (0d 0h 0m 19s)

---------------  T H R E A D  ---------------

Current thread (0x0000026e7a9ec2f0):  JavaThread "C2 CompilerThread0" daemon [_thread_in_native, id=1348, stack(0x000000f56ed00000,0x000000f56ee00000)]


Current CompileTask:
C2:  19215 4071       4       groovy.lang.MetaClassImpl::addMetaMethodToIndex (65 bytes)

Stack: [0x000000f56ed00000,0x000000f56ee00000]
Native frames: (J=compiled Java code, j=interpreted, Vv=VM code, C=native code)
V  [jvm.dll+0x683bfa]
V  [jvm.dll+0x8430a4]
V  [jvm.dll+0x8449be]
V  [jvm.dll+0x845023]
V  [jvm.dll+0x24ad2f]
V  [jvm.dll+0xac25c]
V  [jvm.dll+0xac82c]
V  [jvm.dll+0x36a187]
V  [jvm.dll+0x1be138]
V  [jvm.dll+0x21d3a9]
V  [jvm.dll+0x21c671]
V  [jvm.dll+0x1a605d]
V  [jvm.dll+0x22c148]
V  [jvm.dll+0x22a209]
V  [jvm.dll+0x7f858c]
V  [jvm.dll+0x7f2aea]
V  [jvm.dll+0x682a35]
C  [ucrtbase.dll+0x29363]
C  [KERNEL32.DLL+0x1257d]
C  [ntdll.dll+0x5aa58]


---------------  P R O C E S S  ---------------

Threads class SMR info:
_java_thread_list=0x0000026e12bc6660, length=42, elements={
0x0000026e70cbbc20, 0x0000026e7a98d260, 0x0000026e7a9904d0, 0x0000026e7a9c67a0,
0x0000026e7a9e7540, 0x0000026e7a9e9e10, 0x0000026e7a9eae70, 0x0000026e7a9ec2f0,
0x0000026e7aa220f0, 0x0000026e7aa22e90, 0x0000026e7ab79460, 0x0000026e7ab9e170,
0x0000026e0f92da70, 0x0000026e0f9300f0, 0x0000026e0f92cc00, 0x0000026e0f92d0d0,
0x0000026e0f92e8e0, 0x0000026e0f92edb0, 0x0000026e0f92d5a0, 0x0000026e0f92f280,
0x0000026e0f92e410, 0x0000026e0f92f750, 0x0000026e0f92fc20, 0x0000026e0f9305c0,
0x0000026e0f37a0b0, 0x0000026e0f37bd90, 0x0000026e0f37b3f0, 0x0000026e0f37a580,
0x0000026e0f37c260, 0x0000026e0f28e9f0, 0x0000026e0f37aa50, 0x0000026e0f37af20,
0x0000026e0f37c730, 0x0000026e0f37cc00, 0x0000026e0f37d0d0, 0x0000026e0f379be0,
0x0000026e0f8f98e0, 0x0000026e0f8f4240, 0x0000026e0f8f38a0, 0x0000026e0f8f4710,
0x0000026e0f8f4be0, 0x0000026e0f8f80d0
}

Java Threads: ( => current thread )
  0x0000026e70cbbc20 JavaThread "main" [_thread_blocked, id=5896, stack(0x000000f56e000000,0x000000f56e100000)]
  0x0000026e7a98d260 JavaThread "Reference Handler" daemon [_thread_blocked, id=16420, stack(0x000000f56e700000,0x000000f56e800000)]
  0x0000026e7a9904d0 JavaThread "Finalizer" daemon [_thread_blocked, id=18124, stack(0x000000f56e800000,0x000000f56e900000)]
  0x0000026e7a9c67a0 JavaThread "Signal Dispatcher" daemon [_thread_blocked, id=1040, stack(0x000000f56e900000,0x000000f56ea00000)]
  0x0000026e7a9e7540 JavaThread "Attach Listener" daemon [_thread_blocked, id=15220, stack(0x000000f56ea00000,0x000000f56eb00000)]
  0x0000026e7a9e9e10 JavaThread "Service Thread" daemon [_thread_blocked, id=20316, stack(0x000000f56eb00000,0x000000f56ec00000)]
  0x0000026e7a9eae70 JavaThread "Monitor Deflation Thread" daemon [_thread_blocked, id=15028, stack(0x000000f56ec00000,0x000000f56ed00000)]
=>0x0000026e7a9ec2f0 JavaThread "C2 CompilerThread0" daemon [_thread_in_native, id=1348, stack(0x000000f56ed00000,0x000000f56ee00000)]
  0x0000026e7aa220f0 JavaThread "C1 CompilerThread0" daemon [_thread_blocked, id=14136, stack(0x000000f56ee00000,0x000000f56ef00000)]
  0x0000026e7aa22e90 JavaThread "Sweeper thread" daemon [_thread_blocked, id=5068, stack(0x000000f56ef00000,0x000000f56f000000)]
  0x0000026e7ab79460 JavaThread "Common-Cleaner" daemon [_thread_blocked, id=7048, stack(0x000000f56f000000,0x000000f56f100000)]
  0x0000026e7ab9e170 JavaThread "Notification Thread" daemon [_thread_blocked, id=2280, stack(0x000000f56f100000,0x000000f56f200000)]
  0x0000026e0f92da70 JavaThread "Daemon health stats" [_thread_blocked, id=10868, stack(0x000000f56fa00000,0x000000f56fb00000)]
  0x0000026e0f9300f0 JavaThread "Incoming local TCP Connector on port 52910" [_thread_in_native, id=16676, stack(0x000000f56f800000,0x000000f56f900000)]
  0x0000026e0f92cc00 JavaThread "Daemon periodic checks" [_thread_blocked, id=6272, stack(0x000000f56f900000,0x000000f56fa00000)]
  0x0000026e0f92d0d0 JavaThread "Daemon" [_thread_blocked, id=9680, stack(0x000000f56fb00000,0x000000f56fc00000)]
  0x0000026e0f92e8e0 JavaThread "Handler for socket connection from /127.0.0.1:52910 to /127.0.0.1:52912" [_thread_in_native, id=18312, stack(0x000000f56fc00000,0x000000f56fd00000)]
  0x0000026e0f92edb0 JavaThread "Cancel handler" [_thread_blocked, id=18472, stack(0x000000f56fd00000,0x000000f56fe00000)]
  0x0000026e0f92d5a0 JavaThread "Daemon worker" [_thread_in_vm, id=14352, stack(0x000000f56fe00000,0x000000f56ff00000)]
  0x0000026e0f92f280 JavaThread "Asynchronous log dispatcher for DefaultDaemonConnection: socket connection from /127.0.0.1:52910 to /127.0.0.1:52912" [_thread_blocked, id=5744, stack(0x000000f56ff00000,0x000000f570000000)]
  0x0000026e0f92e410 JavaThread "Stdin handler" [_thread_blocked, id=16176, stack(0x000000f570000000,0x000000f570100000)]
  0x0000026e0f92f750 JavaThread "Daemon client event forwarder" [_thread_blocked, id=6740, stack(0x000000f570100000,0x000000f570200000)]
  0x0000026e0f92fc20 JavaThread "Cache worker for journal cache (C:\Users\Abdullah\.gradle\caches\journal-1)" [_thread_blocked, id=16412, stack(0x000000f570200000,0x000000f570300000)]
  0x0000026e0f9305c0 JavaThread "File lock request listener" [_thread_in_native, id=13832, stack(0x000000f570300000,0x000000f570400000)]
  0x0000026e0f37a0b0 JavaThread "Cache worker for file hash cache (C:\Users\Abdullah\.gradle\caches\7.5\fileHashes)" [_thread_blocked, id=14512, stack(0x000000f570700000,0x000000f570800000)]
  0x0000026e0f37bd90 JavaThread "File watcher server" daemon [_thread_in_native, id=19664, stack(0x000000f570b00000,0x000000f570c00000)]
  0x0000026e0f37b3f0 JavaThread "File watcher consumer" daemon [_thread_blocked, id=17436, stack(0x000000f570c00000,0x000000f570d00000)]
  0x0000026e0f37a580 JavaThread "Cache worker for checksums cache (C:\Users\Abdullah\Desktop\frontend\android\.gradle\7.5\checksums)" [_thread_blocked, id=4988, stack(0x000000f570d00000,0x000000f570e00000)]
  0x0000026e0f37c260 JavaThread "Cache worker for cache directory md-rule (C:\Users\Abdullah\.gradle\caches\7.5\md-rule)" [_thread_blocked, id=6616, stack(0x000000f570e00000,0x000000f570f00000)]
  0x0000026e0f28e9f0 JavaThread "C2 CompilerThread1" daemon [_thread_blocked, id=9380, stack(0x000000f570f00000,0x000000f571000000)]
  0x0000026e0f37aa50 JavaThread "Cache worker for file content cache (C:\Users\Abdullah\.gradle\caches\7.5\fileContent)" [_thread_blocked, id=14680, stack(0x000000f571000000,0x000000f571100000)]
  0x0000026e0f37af20 JavaThread "Cache worker for file hash cache (C:\Users\Abdullah\Desktop\frontend\android\.gradle\7.5\fileHashes)" [_thread_blocked, id=5368, stack(0x000000f571100000,0x000000f571200000)]
  0x0000026e0f37c730 JavaThread "Cache worker for cache directory md-supplier (C:\Users\Abdullah\.gradle\caches\7.5\md-supplier)" [_thread_blocked, id=14808, stack(0x000000f571200000,0x000000f571300000)]
  0x0000026e0f37cc00 JavaThread "Cache worker for execution history cache (C:\Users\Abdullah\.gradle\caches\7.5\executionHistory)" [_thread_blocked, id=7448, stack(0x000000f571400000,0x000000f571500000)]
  0x0000026e0f37d0d0 JavaThread "jar transforms" [_thread_blocked, id=19748, stack(0x000000f571500000,0x000000f571600000)]
  0x0000026e0f379be0 JavaThread "jar transforms Thread 2" [_thread_blocked, id=20084, stack(0x000000f571600000,0x000000f571700000)]
  0x0000026e0f8f98e0 JavaThread "jar transforms Thread 3" [_thread_blocked, id=19564, stack(0x000000f571700000,0x000000f571800000)]
  0x0000026e0f8f4240 JavaThread "jar transforms Thread 4" [_thread_blocked, id=16100, stack(0x000000f571800000,0x000000f571900000)]
  0x0000026e0f8f38a0 JavaThread "jar transforms Thread 5" [_thread_blocked, id=15224, stack(0x000000f571900000,0x000000f571a00000)]
  0x0000026e0f8f4710 JavaThread "jar transforms Thread 6" [_thread_blocked, id=11592, stack(0x000000f571a00000,0x000000f571b00000)]
  0x0000026e0f8f4be0 JavaThread "Cache worker for dependencies-accessors (C:\Users\Abdullah\Desktop\frontend\android\.gradle\7.5\dependencies-accessors)" [_thread_blocked, id=1656, stack(0x000000f571b00000,0x000000f571c00000)]
  0x0000026e0f8f80d0 JavaThread "jar transforms Thread 7" [_thread_blocked, id=18008, stack(0x000000f571300000,0x000000f571400000)]

Other Threads:
  0x0000026e7a83e920 VMThread "VM Thread" [stack: 0x000000f56e600000,0x000000f56e700000] [id=18064]
  0x0000026e7ab9ee50 WatcherThread [stack: 0x000000f56f200000,0x000000f56f300000] [id=7964]
  0x0000026e70d0a080 GCTaskThread "GC Thread#0" [stack: 0x000000f56e100000,0x000000f56e200000] [id=16756]
  0x0000026e7f35c220 GCTaskThread "GC Thread#1" [stack: 0x000000f56f300000,0x000000f56f400000] [id=13512]
  0x0000026e7f35c4d0 GCTaskThread "GC Thread#2" [stack: 0x000000f56f400000,0x000000f56f500000] [id=14976]
  0x0000026e7f35c780 GCTaskThread "GC Thread#3" [stack: 0x000000f56f500000,0x000000f56f600000] [id=13556]
  0x0000026e7f35ca30 GCTaskThread "GC Thread#4" [stack: 0x000000f56f600000,0x000000f56f700000] [id=14360]
  0x0000026e7f35d480 GCTaskThread "GC Thread#5" [stack: 0x000000f56f700000,0x000000f56f800000] [id=8368]
  0x0000026e7ace8040 GCTaskThread "GC Thread#6" [stack: 0x000000f570400000,0x000000f570500000] [id=14100]
  0x0000026e7f0d6d20 GCTaskThread "GC Thread#7" [stack: 0x000000f570500000,0x000000f570600000] [id=19560]
  0x0000026e70d16e60 ConcurrentGCThread "G1 Main Marker" [stack: 0x000000f56e200000,0x000000f56e300000] [id=17916]
  0x0000026e70d17eb0 ConcurrentGCThread "G1 Conc#0" [stack: 0x000000f56e300000,0x000000f56e400000] [id=18832]
  0x0000026e0f53b750 ConcurrentGCThread "G1 Conc#1" [stack: 0x000000f570600000,0x000000f570700000] [id=14664]
  0x0000026e70d7d680 ConcurrentGCThread "G1 Refine#0" [stack: 0x000000f56e400000,0x000000f56e500000] [id=5920]
  0x0000026e11157090 ConcurrentGCThread "G1 Refine#1" [stack: 0x000000f570800000,0x000000f570900000] [id=6584]
  0x0000026e110f6ad0 ConcurrentGCThread "G1 Refine#2" [stack: 0x000000f570900000,0x000000f570a00000] [id=14688]
  0x0000026e1095b900 ConcurrentGCThread "G1 Refine#3" [stack: 0x000000f570a00000,0x000000f570b00000] [id=13276]
  0x0000026e70d7df40 ConcurrentGCThread "G1 Service" [stack: 0x000000f56e500000,0x000000f56e600000] [id=2792]

Threads with active compile tasks:
C2 CompilerThread0    19270 4071       4       groovy.lang.MetaClassImpl::addMetaMethodToIndex (65 bytes)

VM state: not at safepoint (normal execution)

VM Mutex/Monitor currently owned by a thread: None

Heap address: 0x00000000a0000000, size: 1536 MB, Compressed Oops mode: 32-bit

CDS archive(s) not mapped
Compressed class space mapped at: 0x0000000100000000-0x0000000140000000, reserved size: 1073741824
Narrow klass base: 0x0000000000000000, Narrow klass shift: 3, Narrow klass range: 0x140000000

GC Precious Log:
 CPUs: 8 total, 8 available
 Memory: 16198M
 Large Page Support: Disabled
 NUMA Support: Disabled
 Compressed Oops: Enabled (32-bit)
 Heap Region Size: 1M
 Heap Min Capacity: 8M
 Heap Initial Capacity: 254M
 Heap Max Capacity: 1536M
 Pre-touch: Disabled
 Parallel Workers: 8
 Concurrent Workers: 2
 Concurrent Refinement Workers: 8
 Periodic GC: Disabled

Heap:
 garbage-first heap   total 160768K, used 90408K [0x00000000a0000000, 0x0000000100000000)
  region size 1024K, 61 young (62464K), 2 survivors (2048K)
 Metaspace       used 46196K, committed 46592K, reserved 1114112K
  class space    used 6043K, committed 6208K, reserved 1048576K

Heap Regions: E=young(eden), S=young(survivor), O=old, HS=humongous(starts), HC=humongous(continues), CS=collection set, F=free, OA=open archive, CA=closed archive, TAMS=top-at-mark-start (previous, next)
|   0|0x00000000a0000000, 0x00000000a0100000, 0x00000000a0100000|100%| O|  |TAMS 0x00000000a0100000, 0x00000000a0100000| Untracked 
|   1|0x00000000a0100000, 0x00000000a0200000, 0x00000000a0200000|100%| O|  |TAMS 0x00000000a0100000, 0x00000000a0200000| Untracked 
|   2|0x00000000a0200000, 0x00000000a0300000, 0x00000000a0300000|100%| O|  |TAMS 0x00000000a0300000, 0x00000000a0300000| Untracked 
|   3|0x00000000a0300000, 0x00000000a0400000, 0x00000000a0400000|100%|HS|  |TAMS 0x00000000a0400000, 0x00000000a0400000| Complete 
|   4|0x00000000a0400000, 0x00000000a0500000, 0x00000000a0500000|100%|HC|  |TAMS 0x00000000a0500000, 0x00000000a0500000| Complete 
|   5|0x00000000a0500000, 0x00000000a0600000, 0x00000000a0600000|100%|HC|  |TAMS 0x00000000a0600000, 0x00000000a0600000| Complete 
|   6|0x00000000a0600000, 0x00000000a0700000, 0x00000000a0700000|100%| O|  |TAMS 0x00000000a0700000, 0x00000000a0700000| Untracked 
|   7|0x00000000a0700000, 0x00000000a0800000, 0x00000000a0800000|100%| O|  |TAMS 0x00000000a0800000, 0x00000000a0800000| Untracked 
|   8|0x00000000a0800000, 0x00000000a0900000, 0x00000000a0900000|100%| O|  |TAMS 0x00000000a0900000, 0x00000000a0900000| Untracked 
|   9|0x00000000a0900000, 0x00000000a09f5600, 0x00000000a0a00000| 95%| O|  |TAMS 0x00000000a09f5600, 0x00000000a09f5600| Untracked 
|  10|0x00000000a0a00000, 0x00000000a0b00000, 0x00000000a0b00000|100%| O|  |TAMS 0x00000000a0b00000, 0x00000000a0b00000| Untracked 
|  11|0x00000000a0b00000, 0x00000000a0c00000, 0x00000000a0c00000|100%| O|  |TAMS 0x00000000a0c00000, 0x00000000a0c00000| Untracked 
|  12|0x00000000a0c00000, 0x00000000a0d00000, 0x00000000a0d00000|100%| O|  |TAMS 0x00000000a0d00000, 0x00000000a0d00000| Untracked 
|  13|0x00000000a0d00000, 0x00000000a0e00000, 0x00000000a0e00000|100%| O|  |TAMS 0x00000000a0e00000, 0x00000000a0e00000| Untracked 
|  14|0x00000000a0e00000, 0x00000000a0f00000, 0x00000000a0f00000|100%| O|  |TAMS 0x00000000a0f00000, 0x00000000a0f00000| Untracked 
|  15|0x00000000a0f00000, 0x00000000a1000000, 0x00000000a1000000|100%| O|  |TAMS 0x00000000a1000000, 0x00000000a1000000| Untracked 
|  16|0x00000000a1000000, 0x00000000a1100000, 0x00000000a1100000|100%| O|  |TAMS 0x00000000a1100000, 0x00000000a1100000| Untracked 
|  17|0x00000000a1100000, 0x00000000a1200000, 0x00000000a1200000|100%| O|  |TAMS 0x00000000a1200000, 0x00000000a1200000| Untracked 
|  18|0x00000000a1200000, 0x00000000a1300000, 0x00000000a1300000|100%| O|  |TAMS 0x00000000a1300000, 0x00000000a1300000| Untracked 
|  19|0x00000000a1300000, 0x00000000a1400000, 0x00000000a1400000|100%|HS|  |TAMS 0x00000000a1300000, 0x00000000a1400000| Complete 
|  20|0x00000000a1400000, 0x00000000a1500000, 0x00000000a1500000|100%| O|  |TAMS 0x00000000a1400000, 0x00000000a1500000| Untracked 
|  21|0x00000000a1500000, 0x00000000a1600000, 0x00000000a1600000|100%| O|  |TAMS 0x00000000a1500000, 0x00000000a1600000| Untracked 
|  22|0x00000000a1600000, 0x00000000a1700000, 0x00000000a1700000|100%| O|  |TAMS 0x00000000a1600000, 0x00000000a1700000| Untracked 
|  23|0x00000000a1700000, 0x00000000a1800000, 0x00000000a1800000|100%| O|  |TAMS 0x00000000a1700000, 0x00000000a1800000| Untracked 
|  24|0x00000000a1800000, 0x00000000a1900000, 0x00000000a1900000|100%| O|  |TAMS 0x00000000a1800000, 0x00000000a1900000| Untracked 
|  25|0x00000000a1900000, 0x00000000a19d8600, 0x00000000a1a00000| 84%| O|  |TAMS 0x00000000a1900000, 0x00000000a19d8600| Untracked 
|  26|0x00000000a1a00000, 0x00000000a1b00000, 0x00000000a1b00000|100%|HS|  |TAMS 0x00000000a1a00000, 0x00000000a1a00000| Complete 
|  27|0x00000000a1b00000, 0x00000000a1c00000, 0x00000000a1c00000|100%|HC|  |TAMS 0x00000000a1b00000, 0x00000000a1b00000| Complete 
|  28|0x00000000a1c00000, 0x00000000a1d00000, 0x00000000a1d00000|100%|HS|  |TAMS 0x00000000a1c00000, 0x00000000a1c00000| Complete 
|  29|0x00000000a1d00000, 0x00000000a1d00000, 0x00000000a1e00000|  0%| F|  |TAMS 0x00000000a1d00000, 0x00000000a1d00000| Untracked 
|  30|0x00000000a1e00000, 0x00000000a1e00000, 0x00000000a1f00000|  0%| F|  |TAMS 0x00000000a1e00000, 0x00000000a1e00000| Untracked 
|  31|0x00000000a1f00000, 0x00000000a1f00000, 0x00000000a2000000|  0%| F|  |TAMS 0x00000000a1f00000, 0x00000000a1f00000| Untracked 
|  32|0x00000000a2000000, 0x00000000a2000000, 0x00000000a2100000|  0%| F|  |TAMS 0x00000000a2000000, 0x00000000a2000000| Untracked 
|  33|0x00000000a2100000, 0x00000000a2100000, 0x00000000a2200000|  0%| F|  |TAMS 0x00000000a2100000, 0x00000000a2100000| Untracked 
|  34|0x00000000a2200000, 0x00000000a2200000, 0x00000000a2300000|  0%| F|  |TAMS 0x00000000a2200000, 0x00000000a2200000| Untracked 
|  35|0x00000000a2300000, 0x00000000a2300000, 0x00000000a2400000|  0%| F|  |TAMS 0x00000000a2300000, 0x00000000a2300000| Untracked 
|  36|0x00000000a2400000, 0x00000000a2400000, 0x00000000a2500000|  0%| F|  |TAMS 0x00000000a2400000, 0x00000000a2400000| Untracked 
|  37|0x00000000a2500000, 0x00000000a2500000, 0x00000000a2600000|  0%| F|  |TAMS 0x00000000a2500000, 0x00000000a2500000| Untracked 
|  38|0x00000000a2600000, 0x00000000a2600000, 0x00000000a2700000|  0%| F|  |TAMS 0x00000000a2600000, 0x00000000a2600000| Untracked 
|  39|0x00000000a2700000, 0x00000000a2700000, 0x00000000a2800000|  0%| F|  |TAMS 0x00000000a2700000, 0x00000000a2700000| Untracked 
|  40|0x00000000a2800000, 0x00000000a2800000, 0x00000000a2900000|  0%| F|  |TAMS 0x00000000a2800000, 0x00000000a2800000| Untracked 
|  41|0x00000000a2900000, 0x00000000a2900000, 0x00000000a2a00000|  0%| F|  |TAMS 0x00000000a2900000, 0x00000000a2900000| Untracked 
|  42|0x00000000a2a00000, 0x00000000a2a00000, 0x00000000a2b00000|  0%| F|  |TAMS 0x00000000a2a00000, 0x00000000a2a00000| Untracked 
|  43|0x00000000a2b00000, 0x00000000a2b7c640, 0x00000000a2c00000| 48%| S|CS|TAMS 0x00000000a2b00000, 0x00000000a2b00000| Complete 
|  44|0x00000000a2c00000, 0x00000000a2d00000, 0x00000000a2d00000|100%| S|CS|TAMS 0x00000000a2c00000, 0x00000000a2c00000| Complete 
|  45|0x00000000a2d00000, 0x00000000a2d00000, 0x00000000a2e00000|  0%| F|  |TAMS 0x00000000a2d00000, 0x00000000a2d00000| Untracked 
|  46|0x00000000a2e00000, 0x00000000a2e00000, 0x00000000a2f00000|  0%| F|  |TAMS 0x00000000a2e00000, 0x00000000a2e00000| Untracked 
|  47|0x00000000a2f00000, 0x00000000a2f00000, 0x00000000a3000000|  0%| F|  |TAMS 0x00000000a2f00000, 0x00000000a2f00000| Untracked 
|  48|0x00000000a3000000, 0x00000000a3000000, 0x00000000a3100000|  0%| F|  |TAMS 0x00000000a3000000, 0x00000000a3000000| Untracked 
|  49|0x00000000a3100000, 0x00000000a3100000, 0x00000000a3200000|  0%| F|  |TAMS 0x00000000a3100000, 0x00000000a3100000| Untracked 
|  50|0x00000000a3200000, 0x00000000a3200000, 0x00000000a3300000|  0%| F|  |TAMS 0x00000000a3200000, 0x00000000a3200000| Untracked 
|  51|0x00000000a3300000, 0x00000000a3300000, 0x00000000a3400000|  0%| F|  |TAMS 0x00000000a3300000, 0x00000000a3300000| Untracked 
|  52|0x00000000a3400000, 0x00000000a3400000, 0x00000000a3500000|  0%| F|  |TAMS 0x00000000a3400000, 0x00000000a3400000| Untracked 
|  53|0x00000000a3500000, 0x00000000a3500000, 0x00000000a3600000|  0%| F|  |TAMS 0x00000000a3500000, 0x00000000a3500000| Untracked 
|  54|0x00000000a3600000, 0x00000000a3600000, 0x00000000a3700000|  0%| F|  |TAMS 0x00000000a3600000, 0x00000000a3600000| Untracked 
|  55|0x00000000a3700000, 0x00000000a3700000, 0x00000000a3800000|  0%| F|  |TAMS 0x00000000a3700000, 0x00000000a3700000| Untracked 
|  56|0x00000000a3800000, 0x00000000a3800000, 0x00000000a3900000|  0%| F|  |TAMS 0x00000000a3800000, 0x00000000a3800000| Untracked 
|  57|0x00000000a3900000, 0x00000000a3900000, 0x00000000a3a00000|  0%| F|  |TAMS 0x00000000a3900000, 0x00000000a3900000| Untracked 
|  58|0x00000000a3a00000, 0x00000000a3a00000, 0x00000000a3b00000|  0%| F|  |TAMS 0x00000000a3a00000, 0x00000000a3a00000| Untracked 
|  59|0x00000000a3b00000, 0x00000000a3b00000, 0x00000000a3c00000|  0%| F|  |TAMS 0x00000000a3b00000, 0x00000000a3b00000| Untracked 
|  60|0x00000000a3c00000, 0x00000000a3c00000, 0x00000000a3d00000|  0%| F|  |TAMS 0x00000000a3c00000, 0x00000000a3c00000| Untracked 
|  61|0x00000000a3d00000, 0x00000000a3d00000, 0x00000000a3e00000|  0%| F|  |TAMS 0x00000000a3d00000, 0x00000000a3d00000| Untracked 
|  62|0x00000000a3e00000, 0x00000000a3e00000, 0x00000000a3f00000|  0%| F|  |TAMS 0x00000000a3e00000, 0x00000000a3e00000| Untracked 
|  63|0x00000000a3f00000, 0x00000000a3f00000, 0x00000000a4000000|  0%| F|  |TAMS 0x00000000a3f00000, 0x00000000a3f00000| Untracked 
|  64|0x00000000a4000000, 0x00000000a4000000, 0x00000000a4100000|  0%| F|  |TAMS 0x00000000a4000000, 0x00000000a4000000| Untracked 
|  65|0x00000000a4100000, 0x00000000a4100000, 0x00000000a4200000|  0%| F|  |TAMS 0x00000000a4100000, 0x00000000a4100000| Untracked 
|  66|0x00000000a4200000, 0x00000000a4200000, 0x00000000a4300000|  0%| F|  |TAMS 0x00000000a4200000, 0x00000000a4200000| Untracked 
|  67|0x00000000a4300000, 0x00000000a4300000, 0x00000000a4400000|  0%| F|  |TAMS 0x00000000a4300000, 0x00000000a4300000| Untracked 
|  68|0x00000000a4400000, 0x00000000a4400000, 0x00000000a4500000|  0%| F|  |TAMS 0x00000000a4400000, 0x00000000a4400000| Untracked 
|  69|0x00000000a4500000, 0x00000000a4500000, 0x00000000a4600000|  0%| F|  |TAMS 0x00000000a4500000, 0x00000000a4500000| Untracked 
|  70|0x00000000a4600000, 0x00000000a4600000, 0x00000000a4700000|  0%| F|  |TAMS 0x00000000a4600000, 0x00000000a4600000| Untracked 
|  71|0x00000000a4700000, 0x00000000a4700000, 0x00000000a4800000|  0%| F|  |TAMS 0x00000000a4700000, 0x00000000a4700000| Untracked 
|  72|0x00000000a4800000, 0x00000000a4800000, 0x00000000a4900000|  0%| F|  |TAMS 0x00000000a4800000, 0x00000000a4800000| Untracked 
|  73|0x00000000a4900000, 0x00000000a4900000, 0x00000000a4a00000|  0%| F|  |TAMS 0x00000000a4900000, 0x00000000a4900000| Untracked 
|  74|0x00000000a4a00000, 0x00000000a4a00000, 0x00000000a4b00000|  0%| F|  |TAMS 0x00000000a4a00000, 0x00000000a4a00000| Untracked 
|  75|0x00000000a4b00000, 0x00000000a4b00000, 0x00000000a4c00000|  0%| F|  |TAMS 0x00000000a4b00000, 0x00000000a4b00000| Untracked 
|  76|0x00000000a4c00000, 0x00000000a4c00000, 0x00000000a4d00000|  0%| F|  |TAMS 0x00000000a4c00000, 0x00000000a4c00000| Untracked 
|  77|0x00000000a4d00000, 0x00000000a4d00000, 0x00000000a4e00000|  0%| F|  |TAMS 0x00000000a4d00000, 0x00000000a4d00000| Untracked 
|  78|0x00000000a4e00000, 0x00000000a4e00000, 0x00000000a4f00000|  0%| F|  |TAMS 0x00000000a4e00000, 0x00000000a4e00000| Untracked 
|  79|0x00000000a4f00000, 0x00000000a4f00000, 0x00000000a5000000|  0%| F|  |TAMS 0x00000000a4f00000, 0x00000000a4f00000| Untracked 
|  80|0x00000000a5000000, 0x00000000a5000000, 0x00000000a5100000|  0%| F|  |TAMS 0x00000000a5000000, 0x00000000a5000000| Untracked 
|  81|0x00000000a5100000, 0x00000000a5100000, 0x00000000a5200000|  0%| F|  |TAMS 0x00000000a5100000, 0x00000000a5100000| Untracked 
|  82|0x00000000a5200000, 0x00000000a5200000, 0x00000000a5300000|  0%| F|  |TAMS 0x00000000a5200000, 0x00000000a5200000| Untracked 
|  83|0x00000000a5300000, 0x00000000a5300000, 0x00000000a5400000|  0%| F|  |TAMS 0x00000000a5300000, 0x00000000a5300000| Untracked 
|  84|0x00000000a5400000, 0x00000000a5400000, 0x00000000a5500000|  0%| F|  |TAMS 0x00000000a5400000, 0x00000000a5400000| Untracked 
|  85|0x00000000a5500000, 0x00000000a5500000, 0x00000000a5600000|  0%| F|  |TAMS 0x00000000a5500000, 0x00000000a5500000| Untracked 
|  86|0x00000000a5600000, 0x00000000a5600000, 0x00000000a5700000|  0%| F|  |TAMS 0x00000000a5600000, 0x00000000a5600000| Untracked 
|  87|0x00000000a5700000, 0x00000000a5700000, 0x00000000a5800000|  0%| F|  |TAMS 0x00000000a5700000, 0x00000000a5700000| Untracked 
|  88|0x00000000a5800000, 0x00000000a5800000, 0x00000000a5900000|  0%| F|  |TAMS 0x00000000a5800000, 0x00000000a5800000| Untracked 
|  89|0x00000000a5900000, 0x00000000a5900000, 0x00000000a5a00000|  0%| F|  |TAMS 0x00000000a5900000, 0x00000000a5900000| Untracked 
|  90|0x00000000a5a00000, 0x00000000a5a00000, 0x00000000a5b00000|  0%| F|  |TAMS 0x00000000a5a00000, 0x00000000a5a00000| Untracked 
|  91|0x00000000a5b00000, 0x00000000a5b00000, 0x00000000a5c00000|  0%| F|  |TAMS 0x00000000a5b00000, 0x00000000a5b00000| Untracked 
|  92|0x00000000a5c00000, 0x00000000a5c00000, 0x00000000a5d00000|  0%| F|  |TAMS 0x00000000a5c00000, 0x00000000a5c00000| Untracked 
|  93|0x00000000a5d00000, 0x00000000a5d00000, 0x00000000a5e00000|  0%| F|  |TAMS 0x00000000a5d00000, 0x00000000a5d00000| Untracked 
|  94|0x00000000a5e00000, 0x00000000a5e00000, 0x00000000a5f00000|  0%| F|  |TAMS 0x00000000a5e00000, 0x00000000a5e00000| Untracked 
|  95|0x00000000a5f00000, 0x00000000a5f00000, 0x00000000a6000000|  0%| F|  |TAMS 0x00000000a5f00000, 0x00000000a5f00000| Untracked 
|  96|0x00000000a6000000, 0x00000000a6000000, 0x00000000a6100000|  0%| F|  |TAMS 0x00000000a6000000, 0x00000000a6000000| Untracked 
|  97|0x00000000a6100000, 0x00000000a6100000, 0x00000000a6200000|  0%| F|  |TAMS 0x00000000a6100000, 0x00000000a6100000| Untracked 
|  98|0x00000000a6200000, 0x00000000a6300000, 0x00000000a6300000|100%| E|  |TAMS 0x00000000a6200000, 0x00000000a6200000| Complete 
|  99|0x00000000a6300000, 0x00000000a6400000, 0x00000000a6400000|100%| E|CS|TAMS 0x00000000a6300000, 0x00000000a6300000| Complete 
| 100|0x00000000a6400000, 0x00000000a6500000, 0x00000000a6500000|100%| E|CS|TAMS 0x00000000a6400000, 0x00000000a6400000| Complete 
| 101|0x00000000a6500000, 0x00000000a6600000, 0x00000000a6600000|100%| E|CS|TAMS 0x00000000a6500000, 0x00000000a6500000| Complete 
| 102|0x00000000a6600000, 0x00000000a6700000, 0x00000000a6700000|100%| E|CS|TAMS 0x00000000a6600000, 0x00000000a6600000| Complete 
| 103|0x00000000a6700000, 0x00000000a6800000, 0x00000000a6800000|100%| E|CS|TAMS 0x00000000a6700000, 0x00000000a6700000| Complete 
| 104|0x00000000a6800000, 0x00000000a6900000, 0x00000000a6900000|100%| E|CS|TAMS 0x00000000a6800000, 0x00000000a6800000| Complete 
| 105|0x00000000a6900000, 0x00000000a6a00000, 0x00000000a6a00000|100%| E|CS|TAMS 0x00000000a6900000, 0x00000000a6900000| Complete 
| 106|0x00000000a6a00000, 0x00000000a6b00000, 0x00000000a6b00000|100%| E|CS|TAMS 0x00000000a6a00000, 0x00000000a6a00000| Complete 
| 107|0x00000000a6b00000, 0x00000000a6c00000, 0x00000000a6c00000|100%| E|CS|TAMS 0x00000000a6b00000, 0x00000000a6b00000| Complete 
| 108|0x00000000a6c00000, 0x00000000a6d00000, 0x00000000a6d00000|100%| E|CS|TAMS 0x00000000a6c00000, 0x00000000a6c00000| Complete 
| 109|0x00000000a6d00000, 0x00000000a6e00000, 0x00000000a6e00000|100%| E|CS|TAMS 0x00000000a6d00000, 0x00000000a6d00000| Complete 
| 110|0x00000000a6e00000, 0x00000000a6f00000, 0x00000000a6f00000|100%| E|CS|TAMS 0x00000000a6e00000, 0x00000000a6e00000| Complete 
| 111|0x00000000a6f00000, 0x00000000a7000000, 0x00000000a7000000|100%| E|CS|TAMS 0x00000000a6f00000, 0x00000000a6f00000| Complete 
| 112|0x00000000a7000000, 0x00000000a7100000, 0x00000000a7100000|100%| E|CS|TAMS 0x00000000a7000000, 0x00000000a7000000| Complete 
| 113|0x00000000a7100000, 0x00000000a7200000, 0x00000000a7200000|100%| E|CS|TAMS 0x00000000a7100000, 0x00000000a7100000| Complete 
| 114|0x00000000a7200000, 0x00000000a7300000, 0x00000000a7300000|100%| E|CS|TAMS 0x00000000a7200000, 0x00000000a7200000| Complete 
| 115|0x00000000a7300000, 0x00000000a7400000, 0x00000000a7400000|100%| E|CS|TAMS 0x00000000a7300000, 0x00000000a7300000| Complete 
| 116|0x00000000a7400000, 0x00000000a7500000, 0x00000000a7500000|100%| E|CS|TAMS 0x00000000a7400000, 0x00000000a7400000| Complete 
| 117|0x00000000a7500000, 0x00000000a7600000, 0x00000000a7600000|100%| E|CS|TAMS 0x00000000a7500000, 0x00000000a7500000| Complete 
| 118|0x00000000a7600000, 0x00000000a7700000, 0x00000000a7700000|100%| E|CS|TAMS 0x00000000a7600000, 0x00000000a7600000| Complete 
| 119|0x00000000a7700000, 0x00000000a7800000, 0x00000000a7800000|100%| E|CS|TAMS 0x00000000a7700000, 0x00000000a7700000| Complete 
| 120|0x00000000a7800000, 0x00000000a7900000, 0x00000000a7900000|100%| E|CS|TAMS 0x00000000a7800000, 0x00000000a7800000| Complete 
| 121|0x00000000a7900000, 0x00000000a7a00000, 0x00000000a7a00000|100%| E|CS|TAMS 0x00000000a7900000, 0x00000000a7900000| Complete 
| 122|0x00000000a7a00000, 0x00000000a7b00000, 0x00000000a7b00000|100%| E|CS|TAMS 0x00000000a7a00000, 0x00000000a7a00000| Complete 
| 123|0x00000000a7b00000, 0x00000000a7c00000, 0x00000000a7c00000|100%| E|CS|TAMS 0x00000000a7b00000, 0x00000000a7b00000| Complete 
| 124|0x00000000a7c00000, 0x00000000a7d00000, 0x00000000a7d00000|100%| E|CS|TAMS 0x00000000a7c00000, 0x00000000a7c00000| Complete 
| 125|0x00000000a7d00000, 0x00000000a7e00000, 0x00000000a7e00000|100%| E|CS|TAMS 0x00000000a7d00000, 0x00000000a7d00000| Complete 
| 126|0x00000000a7e00000, 0x00000000a7f00000, 0x00000000a7f00000|100%| E|CS|TAMS 0x00000000a7e00000, 0x00000000a7e00000| Complete 
| 127|0x00000000a7f00000, 0x00000000a8000000, 0x00000000a8000000|100%| E|CS|TAMS 0x00000000a7f00000, 0x00000000a7f00000| Complete 
| 128|0x00000000a8000000, 0x00000000a8100000, 0x00000000a8100000|100%| E|CS|TAMS 0x00000000a8000000, 0x00000000a8000000| Complete 
| 129|0x00000000a8100000, 0x00000000a8200000, 0x00000000a8200000|100%| E|CS|TAMS 0x00000000a8100000, 0x00000000a8100000| Complete 
| 130|0x00000000a8200000, 0x00000000a8300000, 0x00000000a8300000|100%| E|CS|TAMS 0x00000000a8200000, 0x00000000a8200000| Complete 
| 131|0x00000000a8300000, 0x00000000a8400000, 0x00000000a8400000|100%| E|CS|TAMS 0x00000000a8300000, 0x00000000a8300000| Complete 
| 132|0x00000000a8400000, 0x00000000a8500000, 0x00000000a8500000|100%| E|CS|TAMS 0x00000000a8400000, 0x00000000a8400000| Complete 
| 133|0x00000000a8500000, 0x00000000a8600000, 0x00000000a8600000|100%| E|CS|TAMS 0x00000000a8500000, 0x00000000a8500000| Complete 
| 134|0x00000000a8600000, 0x00000000a8700000, 0x00000000a8700000|100%| E|CS|TAMS 0x00000000a8600000, 0x00000000a8600000| Complete 
| 135|0x00000000a8700000, 0x00000000a8800000, 0x00000000a8800000|100%| E|CS|TAMS 0x00000000a8700000, 0x00000000a8700000| Complete 
| 136|0x00000000a8800000, 0x00000000a8900000, 0x00000000a8900000|100%| E|CS|TAMS 0x00000000a8800000, 0x00000000a8800000| Complete 
| 137|0x00000000a8900000, 0x00000000a8a00000, 0x00000000a8a00000|100%| E|CS|TAMS 0x00000000a8900000, 0x00000000a8900000| Complete 
| 138|0x00000000a8a00000, 0x00000000a8b00000, 0x00000000a8b00000|100%| E|CS|TAMS 0x00000000a8a00000, 0x00000000a8a00000| Complete 
| 139|0x00000000a8b00000, 0x00000000a8c00000, 0x00000000a8c00000|100%| E|CS|TAMS 0x00000000a8b00000, 0x00000000a8b00000| Complete 
| 140|0x00000000a8c00000, 0x00000000a8d00000, 0x00000000a8d00000|100%| E|CS|TAMS 0x00000000a8c00000, 0x00000000a8c00000| Complete 
| 141|0x00000000a8d00000, 0x00000000a8e00000, 0x00000000a8e00000|100%| E|CS|TAMS 0x00000000a8d00000, 0x00000000a8d00000| Complete 
| 142|0x00000000a8e00000, 0x00000000a8f00000, 0x00000000a8f00000|100%| E|CS|TAMS 0x00000000a8e00000, 0x00000000a8e00000| Complete 
| 143|0x00000000a8f00000, 0x00000000a9000000, 0x00000000a9000000|100%| E|CS|TAMS 0x00000000a8f00000, 0x00000000a8f00000| Complete 
| 144|0x00000000a9000000, 0x00000000a9100000, 0x00000000a9100000|100%| E|CS|TAMS 0x00000000a9000000, 0x00000000a9000000| Complete 
| 145|0x00000000a9100000, 0x00000000a9200000, 0x00000000a9200000|100%| E|CS|TAMS 0x00000000a9100000, 0x00000000a9100000| Complete 
| 146|0x00000000a9200000, 0x00000000a9300000, 0x00000000a9300000|100%| E|CS|TAMS 0x00000000a9200000, 0x00000000a9200000| Complete 
| 147|0x00000000a9300000, 0x00000000a9400000, 0x00000000a9400000|100%| E|CS|TAMS 0x00000000a9300000, 0x00000000a9300000| Complete 
| 201|0x00000000ac900000, 0x00000000aca00000, 0x00000000aca00000|100%| E|CS|TAMS 0x00000000ac900000, 0x00000000ac900000| Complete 
| 202|0x00000000aca00000, 0x00000000acb00000, 0x00000000acb00000|100%| E|CS|TAMS 0x00000000aca00000, 0x00000000aca00000| Complete 
| 203|0x00000000acb00000, 0x00000000acc00000, 0x00000000acc00000|100%| E|CS|TAMS 0x00000000acb00000, 0x00000000acb00000| Complete 
| 204|0x00000000acc00000, 0x00000000acd00000, 0x00000000acd00000|100%| E|CS|TAMS 0x00000000acc00000, 0x00000000acc00000| Complete 
| 205|0x00000000acd00000, 0x00000000ace00000, 0x00000000ace00000|100%| E|CS|TAMS 0x00000000acd00000, 0x00000000acd00000| Complete 
| 206|0x00000000ace00000, 0x00000000acf00000, 0x00000000acf00000|100%| E|CS|TAMS 0x00000000ace00000, 0x00000000ace00000| Complete 
| 207|0x00000000acf00000, 0x00000000ad000000, 0x00000000ad000000|100%| E|CS|TAMS 0x00000000acf00000, 0x00000000acf00000| Complete 
| 208|0x00000000ad000000, 0x00000000ad100000, 0x00000000ad100000|100%| E|CS|TAMS 0x00000000ad000000, 0x00000000ad000000| Complete 
| 253|0x00000000afd00000, 0x00000000afe00000, 0x00000000afe00000|100%| E|CS|TAMS 0x00000000afd00000, 0x00000000afd00000| Complete 

Card table byte_map: [0x0000026e747c0000,0x0000026e74ac0000] _byte_map_base: 0x0000026e742c0000

Marking Bits (Prev, Next): (CMBitMap*) 0x0000026e70d0a530, (CMBitMap*) 0x0000026e70d0a570
 Prev Bits: [0x0000026e74dc0000, 0x0000026e765c0000)
 Next Bits: [0x0000026e765c0000, 0x0000026e77dc0000)

Polling page: 0x0000026e6ec20000

Metaspace:

Usage:
  Non-class:     39.23 MB used.
      Class:      5.90 MB used.
       Both:     45.14 MB used.

Virtual space:
  Non-class space:       64.00 MB reserved,      39.50 MB ( 62%) committed,  1 nodes.
      Class space:        1.00 GB reserved,       6.06 MB ( <1%) committed,  1 nodes.
             Both:        1.06 GB reserved,      45.56 MB (  4%) committed. 

Chunk freelists:
   Non-Class:  8.16 MB
       Class:  9.94 MB
        Both:  18.09 MB

MaxMetaspaceSize: unlimited
CompressedClassSpaceSize: 1.00 GB
Initial GC threshold: 21.00 MB
Current GC threshold: 58.88 MB
CDS: off
MetaspaceReclaimPolicy: balanced
 - commit_granule_bytes: 65536.
 - commit_granule_words: 8192.
 - virtual_space_node_default_size: 8388608.
 - enlarge_chunks_in_place: 1.
 - new_chunks_are_fully_committed: 0.
 - uncommit_free_chunks: 1.
 - use_allocation_guard: 0.
 - handle_deallocations: 1.


Internal statistics:

num_allocs_failed_limit: 6.
num_arena_births: 318.
num_arena_deaths: 0.
num_vsnodes_births: 2.
num_vsnodes_deaths: 0.
num_space_committed: 729.
num_space_uncommitted: 0.
num_chunks_returned_to_freelist: 6.
num_chunks_taken_from_freelist: 1639.
num_chunk_merges: 3.
num_chunk_splits: 1124.
num_chunks_enlarged: 828.
num_inconsistent_stats: 0.

CodeHeap 'non-profiled nmethods': size=120000Kb used=2617Kb max_used=2617Kb free=117382Kb
 bounds [0x0000026e07ad0000, 0x0000026e07d60000, 0x0000026e0f000000]
CodeHeap 'profiled nmethods': size=120000Kb used=8559Kb max_used=8559Kb free=111440Kb
 bounds [0x0000026e00000000, 0x0000026e00860000, 0x0000026e07530000]
CodeHeap 'non-nmethods': size=5760Kb used=2289Kb max_used=2374Kb free=3470Kb
 bounds [0x0000026e07530000, 0x0000026e077a0000, 0x0000026e07ad0000]
 total_blobs=4920 nmethods=4121 adapters=711
 compilation: enabled
              stopped_count=0, restarted_count=0
 full_count=0

Compilation events (20 events):
Event: 19.177 Thread 0x0000026e7aa220f0 4115       3       org.gradle.model.internal.asm.MethodVisitorScope::_ILOAD_OF (12 bytes)
Event: 19.177 Thread 0x0000026e7aa220f0 nmethod 4115 0x0000026e00853410 code [0x0000026e008535c0, 0x0000026e00853898]
Event: 19.182 Thread 0x0000026e7aa220f0 4116       3       java.util.Collections$SingletonSet::contains (9 bytes)
Event: 19.182 Thread 0x0000026e7aa220f0 nmethod 4116 0x0000026e00853a10 code [0x0000026e00853bc0, 0x0000026e00853ea8]
Event: 19.183 Thread 0x0000026e7aa220f0 4117       3       java.util.Collections::eq (22 bytes)
Event: 19.183 Thread 0x0000026e7aa220f0 nmethod 4117 0x0000026e00853f90 code [0x0000026e00854140, 0x0000026e008543a8]
Event: 19.185 Thread 0x0000026e7aa220f0 4118       3       com.google.common.collect.ImmutableCollection$Builder::<init> (5 bytes)
Event: 19.185 Thread 0x0000026e7aa220f0 nmethod 4118 0x0000026e00854490 code [0x0000026e00854620, 0x0000026e00854778]
Event: 19.190 Thread 0x0000026e0f28e9f0 nmethod 4105 0x0000026e07d59d90 code [0x0000026e07d59f20, 0x0000026e07d5a7f8]
Event: 19.191 Thread 0x0000026e0f28e9f0 4096       4       java.lang.reflect.AccessibleObject::<init> (5 bytes)
Event: 19.192 Thread 0x0000026e0f28e9f0 nmethod 4096 0x0000026e07d5ab10 code [0x0000026e07d5ac80, 0x0000026e07d5acf8]
Event: 19.192 Thread 0x0000026e0f28e9f0 4089       4       java.lang.Class::getGenericInfo (52 bytes)
Event: 19.196 Thread 0x0000026e0f28e9f0 nmethod 4089 0x0000026e07d5ae10 code [0x0000026e07d5afc0, 0x0000026e07d5b1c8]
Event: 19.196 Thread 0x0000026e0f28e9f0 4073       4       java.lang.Throwable::<init> (39 bytes)
Event: 19.209 Thread 0x0000026e7aa220f0 4119       3       jdk.internal.misc.VM::isModuleSystemInited (13 bytes)
Event: 19.210 Thread 0x0000026e7aa220f0 nmethod 4119 0x0000026e00854810 code [0x0000026e008549a0, 0x0000026e00854b58]
Event: 19.210 Thread 0x0000026e7aa220f0 4120       3       java.lang.ModuleLayer::boot (4 bytes)
Event: 19.210 Thread 0x0000026e7aa220f0 nmethod 4120 0x0000026e00854c10 code [0x0000026e00854da0, 0x0000026e00854e98]
Event: 19.210 Thread 0x0000026e7aa220f0 4121       1       java.lang.StackTraceElement::getClassName (5 bytes)
Event: 19.210 Thread 0x0000026e7aa220f0 nmethod 4121 0x0000026e07d5b310 code [0x0000026e07d5b4a0, 0x0000026e07d5b578]

GC Heap History (20 events):
Event: 5.244 GC heap before
{Heap before GC invocations=1 (full 0):
 garbage-first heap   total 260096K, used 38819K [0x00000000a0000000, 0x0000000100000000)
  region size 1024K, 31 young (31744K), 3 survivors (3072K)
 Metaspace       used 11185K, committed 11392K, reserved 1114112K
  class space    used 1163K, committed 1280K, reserved 1048576K
}
Event: 5.251 GC heap after
{Heap after GC invocations=2 (full 0):
 garbage-first heap   total 260096K, used 13226K [0x00000000a0000000, 0x0000000100000000)
  region size 1024K, 4 young (4096K), 4 survivors (4096K)
 Metaspace       used 11185K, committed 11392K, reserved 1114112K
  class space    used 1163K, committed 1280K, reserved 1048576K
}
Event: 8.727 GC heap before
{Heap before GC invocations=2 (full 0):
 garbage-first heap   total 260096K, used 54186K [0x00000000a0000000, 0x0000000100000000)
  region size 1024K, 45 young (46080K), 4 survivors (4096K)
 Metaspace       used 21309K, committed 21504K, reserved 1114112K
  class space    used 2593K, committed 2688K, reserved 1048576K
}
Event: 8.738 GC heap after
{Heap after GC invocations=3 (full 0):
 garbage-first heap   total 260096K, used 17191K [0x00000000a0000000, 0x0000000100000000)
  region size 1024K, 8 young (8192K), 8 survivors (8192K)
 Metaspace       used 21309K, committed 21504K, reserved 1114112K
  class space    used 2593K, committed 2688K, reserved 1048576K
}
Event: 10.682 GC heap before
{Heap before GC invocations=4 (full 0):
 garbage-first heap   total 61440K, used 45863K [0x00000000a0000000, 0x0000000100000000)
  region size 1024K, 36 young (36864K), 8 survivors (8192K)
 Metaspace       used 26073K, committed 26368K, reserved 1114112K
  class space    used 3415K, committed 3520K, reserved 1048576K
}
Event: 10.692 GC heap after
{Heap after GC invocations=5 (full 0):
 garbage-first heap   total 61440K, used 18936K [0x00000000a0000000, 0x0000000100000000)
  region size 1024K, 2 young (2048K), 2 survivors (2048K)
 Metaspace       used 26073K, committed 26368K, reserved 1114112K
  class space    used 3415K, committed 3520K, reserved 1048576K
}
Event: 10.765 GC heap before
{Heap before GC invocations=5 (full 0):
 garbage-first heap   total 61440K, used 19960K [0x00000000a0000000, 0x0000000100000000)
  region size 1024K, 3 young (3072K), 2 survivors (2048K)
 Metaspace       used 26113K, committed 26368K, reserved 1114112K
  class space    used 3419K, committed 3520K, reserved 1048576K
}
Event: 10.775 GC heap after
{Heap after GC invocations=6 (full 0):
 garbage-first heap   total 61440K, used 19205K [0x00000000a0000000, 0x0000000100000000)
  region size 1024K, 1 young (1024K), 1 survivors (1024K)
 Metaspace       used 26113K, committed 26368K, reserved 1114112K
  class space    used 3419K, committed 3520K, reserved 1048576K
}
Event: 11.974 GC heap before
{Heap before GC invocations=6 (full 0):
 garbage-first heap   total 61440K, used 40709K [0x00000000a0000000, 0x0000000100000000)
  region size 1024K, 23 young (23552K), 1 survivors (1024K)
 Metaspace       used 29654K, committed 29952K, reserved 1114112K
  class space    used 3988K, committed 4096K, reserved 1048576K
}
Event: 11.978 GC heap after
{Heap after GC invocations=7 (full 0):
 garbage-first heap   total 61440K, used 20169K [0x00000000a0000000, 0x0000000100000000)
  region size 1024K, 2 young (2048K), 2 survivors (2048K)
 Metaspace       used 29654K, committed 29952K, reserved 1114112K
  class space    used 3988K, committed 4096K, reserved 1048576K
}
Event: 13.162 GC heap before
{Heap before GC invocations=7 (full 0):
 garbage-first heap   total 61440K, used 43721K [0x00000000a0000000, 0x0000000100000000)
  region size 1024K, 25 young (25600K), 2 survivors (2048K)
 Metaspace       used 33449K, committed 33728K, reserved 1114112K
  class space    used 4566K, committed 4672K, reserved 1048576K
}
Event: 13.168 GC heap after
{Heap after GC invocations=8 (full 0):
 garbage-first heap   total 61440K, used 21483K [0x00000000a0000000, 0x0000000100000000)
  region size 1024K, 3 young (3072K), 3 survivors (3072K)
 Metaspace       used 33449K, committed 33728K, reserved 1114112K
  class space    used 4566K, committed 4672K, reserved 1048576K
}
Event: 13.611 GC heap before
{Heap before GC invocations=8 (full 0):
 garbage-first heap   total 61440K, used 25579K [0x00000000a0000000, 0x0000000100000000)
  region size 1024K, 9 young (9216K), 3 survivors (3072K)
 Metaspace       used 35665K, committed 35968K, reserved 1114112K
  class space    used 4725K, committed 4864K, reserved 1048576K
}
Event: 13.617 GC heap after
{Heap after GC invocations=9 (full 0):
 garbage-first heap   total 61440K, used 22493K [0x00000000a0000000, 0x0000000100000000)
  region size 1024K, 3 young (3072K), 3 survivors (3072K)
 Metaspace       used 35665K, committed 35968K, reserved 1114112K
  class space    used 4725K, committed 4864K, reserved 1048576K
}
Event: 14.840 GC heap before
{Heap before GC invocations=10 (full 0):
 garbage-first heap   total 61440K, used 42973K [0x00000000a0000000, 0x0000000100000000)
  region size 1024K, 24 young (24576K), 3 survivors (3072K)
 Metaspace       used 38462K, committed 38784K, reserved 1114112K
  class space    used 5047K, committed 5184K, reserved 1048576K
}
Event: 14.852 GC heap after
{Heap after GC invocations=11 (full 0):
 garbage-first heap   total 61440K, used 25423K [0x00000000a0000000, 0x0000000100000000)
  region size 1024K, 3 young (3072K), 3 survivors (3072K)
 Metaspace       used 38462K, committed 38784K, reserved 1114112K
  class space    used 5047K, committed 5184K, reserved 1048576K
}
Event: 14.865 GC heap before
{Heap before GC invocations=11 (full 0):
 garbage-first heap   total 61440K, used 26447K [0x00000000a0000000, 0x0000000100000000)
  region size 1024K, 4 young (4096K), 3 survivors (3072K)
 Metaspace       used 38463K, committed 38784K, reserved 1114112K
  class space    used 5047K, committed 5184K, reserved 1048576K
}
Event: 14.871 GC heap after
{Heap after GC invocations=12 (full 0):
 garbage-first heap   total 61440K, used 25757K [0x00000000a0000000, 0x0000000100000000)
  region size 1024K, 1 young (1024K), 1 survivors (1024K)
 Metaspace       used 38463K, committed 38784K, reserved 1114112K
  class space    used 5047K, committed 5184K, reserved 1048576K
}
Event: 15.691 GC heap before
{Heap before GC invocations=12 (full 0):
 garbage-first heap   total 61440K, used 39069K [0x00000000a0000000, 0x0000000100000000)
  region size 1024K, 15 young (15360K), 1 survivors (1024K)
 Metaspace       used 39850K, committed 40128K, reserved 1114112K
  class space    used 5249K, committed 5376K, reserved 1048576K
}
Event: 15.696 GC heap after
{Heap after GC invocations=13 (full 0):
 garbage-first heap   total 160768K, used 27944K [0x00000000a0000000, 0x0000000100000000)
  region size 1024K, 2 young (2048K), 2 survivors (2048K)
 Metaspace       used 39850K, committed 40128K, reserved 1114112K
  class space    used 5249K, committed 5376K, reserved 1048576K
}

Dll operation events (2 events):
Event: 0.022 Loaded shared library C:\Program Files\Android\Android Studio\jbr\bin\java.dll
Event: 2.023 Loaded shared library C:\Program Files\Android\Android Studio\jbr\bin\verify.dll

Deoptimization events (20 events):
Event: 17.938 Thread 0x0000026e0f92d5a0 DEOPT PACKING pc=0x0000026e07ca625c sp=0x000000f56fef9bd0
Event: 17.938 Thread 0x0000026e0f92d5a0 DEOPT UNPACKING pc=0x0000026e075869a3 sp=0x000000f56fef9ac8 mode 2
Event: 18.311 Thread 0x0000026e0f92d5a0 Uncommon trap: trap_request=0xffffff45 fr.pc=0x0000026e07c09eb4 relative=0x0000000000000294
Event: 18.311 Thread 0x0000026e0f92d5a0 Uncommon trap: reason=unstable_if action=reinterpret pc=0x0000026e07c09eb4 method=java.util.HashMap.hash(Ljava/lang/Object;)I @ 1 c2
Event: 18.311 Thread 0x0000026e0f92d5a0 DEOPT PACKING pc=0x0000026e07c09eb4 sp=0x000000f56fef8480
Event: 18.311 Thread 0x0000026e0f92d5a0 DEOPT UNPACKING pc=0x0000026e075869a3 sp=0x000000f56fef8318 mode 2
Event: 18.311 Thread 0x0000026e0f92d5a0 Uncommon trap: trap_request=0xffffff45 fr.pc=0x0000026e07c35288 relative=0x00000000000007a8
Event: 18.311 Thread 0x0000026e0f92d5a0 Uncommon trap: reason=unstable_if action=reinterpret pc=0x0000026e07c35288 method=java.util.HashMap.putVal(ILjava/lang/Object;Ljava/lang/Object;ZZ)Ljava/lang/Object; @ 85 c2
Event: 18.311 Thread 0x0000026e0f92d5a0 DEOPT PACKING pc=0x0000026e07c35288 sp=0x000000f56fef8440
Event: 18.311 Thread 0x0000026e0f92d5a0 DEOPT UNPACKING pc=0x0000026e075869a3 sp=0x000000f56fef8370 mode 2
Event: 18.321 Thread 0x0000026e0f92d5a0 Uncommon trap: trap_request=0xffffff45 fr.pc=0x0000026e07c36b04 relative=0x0000000000000344
Event: 18.321 Thread 0x0000026e0f92d5a0 Uncommon trap: reason=unstable_if action=reinterpret pc=0x0000026e07c36b04 method=org.gradle.internal.reflect.PropertyAccessorType.isGetGetterName(Ljava/lang/String;)Z @ 14 c2
Event: 18.321 Thread 0x0000026e0f92d5a0 DEOPT PACKING pc=0x0000026e07c36b04 sp=0x000000f56fef8ed0
Event: 18.321 Thread 0x0000026e0f92d5a0 DEOPT UNPACKING pc=0x0000026e075869a3 sp=0x000000f56fef8e28 mode 2
Event: 18.398 Thread 0x0000026e0f92d5a0 Uncommon trap: trap_request=0xffffff45 fr.pc=0x0000026e07c245ec relative=0x00000000000000ec
Event: 18.398 Thread 0x0000026e0f92d5a0 Uncommon trap: reason=unstable_if action=reinterpret pc=0x0000026e07c245ec method=org.objectweb.asm.ByteVector.putShort(I)Lorg/objectweb/asm/ByteVector; @ 13 c2
Event: 18.398 Thread 0x0000026e0f92d5a0 DEOPT PACKING pc=0x0000026e07c245ec sp=0x000000f56fef8ae0
Event: 18.398 Thread 0x0000026e0f92d5a0 DEOPT UNPACKING pc=0x0000026e075869a3 sp=0x000000f56fef8a78 mode 2
Event: 18.799 Thread 0x0000026e0f92d5a0 DEOPT PACKING pc=0x0000026e003eb2d4 sp=0x000000f56fef9320
Event: 18.799 Thread 0x0000026e0f92d5a0 DEOPT UNPACKING pc=0x0000026e07587143 sp=0x000000f56fef8878 mode 0

Classes unloaded (0 events):
No events

Classes redefined (0 events):
No events

Internal exceptions (20 events):
Event: 18.893 Thread 0x0000026e0f92d5a0 Exception <a 'java/lang/ClassNotFoundException'{0x00000000a6fbc308}: org/gradle/api/internal/project/ProjectScriptCustomizer> (0x00000000a6fbc308) 
thrown [s\src\hotspot\share\classfile\systemDictionary.cpp, line 256]
Event: 18.896 Thread 0x0000026e0f92d5a0 Exception <a 'java/lang/ClassNotFoundException'{0x00000000a6fd3a78}: build_eq2z9khmdav5p132332se9b07Customizer> (0x00000000a6fd3a78) 
thrown [s\src\hotspot\share\classfile\systemDictionary.cpp, line 256]
Event: 18.916 Thread 0x0000026e0f92d5a0 Exception <a 'java/lang/ClassNotFoundException'{0x00000000a6e1ccf0}: org/gradle/internal/metaobject/ConfigureDelegateBeanInfo> (0x00000000a6e1ccf0) 
thrown [s\src\hotspot\share\classfile\systemDictionary.cpp, line 256]
Event: 18.921 Thread 0x0000026e0f92d5a0 Exception <a 'java/lang/ClassNotFoundException'{0x00000000a6e2c450}: org/gradle/internal/metaobject/ConfigureDelegateCustomizer> (0x00000000a6e2c450) 
thrown [s\src\hotspot\share\classfile\systemDictionary.cpp, line 256]
Event: 18.944 Thread 0x0000026e0f92d5a0 Exception <a 'java/lang/ClassNotFoundException'{0x00000000a6d15e58}: org/gradle/api/internal/project/DefaultProject_DecoratedBeanInfo> (0x00000000a6d15e58) 
thrown [s\src\hotspot\share\classfile\systemDictionary.cpp, line 256]
Event: 18.947 Thread 0x0000026e0f92d5a0 Exception <a 'java/lang/ClassNotFoundException'{0x00000000a6d3dc38}: org/gradle/api/internal/project/DefaultProjectBeanInfo> (0x00000000a6d3dc38) 
thrown [s\src\hotspot\share\classfile\systemDictionary.cpp, line 256]
Event: 18.949 Thread 0x0000026e0f92d5a0 Exception <a 'java/lang/ClassNotFoundException'{0x00000000a6d4ddd8}: org/gradle/api/internal/project/DefaultProjectCustomizer> (0x00000000a6d4ddd8) 
thrown [s\src\hotspot\share\classfile\systemDictionary.cpp, line 256]
Event: 18.964 Thread 0x0000026e0f92d5a0 Exception <a 'java/lang/ClassNotFoundException'{0x00000000a6df5d80}: org/gradle/api/internal/project/DefaultProject_DecoratedCustomizer> (0x00000000a6df5d80) 
thrown [s\src\hotspot\share\classfile\systemDictionary.cpp, line 256]
Event: 19.027 Thread 0x0000026e0f92d5a0 Exception <a 'java/lang/ClassNotFoundException'{0x00000000a68aa5d0}: org/gradle/api/internal/artifacts/dsl/DefaultRepositoryHandler_DecoratedBeanInfo> (0x00000000a68aa5d0) 
thrown [s\src\hotspot\share\classfile\systemDictionary.cpp, line 256]
Event: 19.029 Thread 0x0000026e0f92d5a0 Exception <a 'java/lang/ClassNotFoundException'{0x00000000a68bf908}: org/gradle/api/internal/artifacts/dsl/DefaultRepositoryHandlerBeanInfo> (0x00000000a68bf908) 
thrown [s\src\hotspot\share\classfile\systemDictionary.cpp, line 256]
Event: 19.031 Thread 0x0000026e0f92d5a0 Exception <a 'java/lang/ClassNotFoundException'{0x00000000a68d5b18}: org/gradle/api/internal/artifacts/DefaultArtifactRepositoryContainerBeanInfo> (0x00000000a68d5b18) 
thrown [s\src\hotspot\share\classfile\systemDictionary.cpp, line 256]
Event: 19.033 Thread 0x0000026e0f92d5a0 Exception <a 'java/lang/ClassNotFoundException'{0x00000000a68e9368}: org/gradle/api/internal/DefaultNamedDomainObjectListBeanInfo> (0x00000000a68e9368) 
thrown [s\src\hotspot\share\classfile\systemDictionary.cpp, line 256]
Event: 19.035 Thread 0x0000026e0f92d5a0 Exception <a 'java/lang/ClassNotFoundException'{0x00000000a68fccc0}: org/gradle/api/internal/DefaultNamedDomainObjectCollectionBeanInfo> (0x00000000a68fccc0) 
thrown [s\src\hotspot\share\classfile\systemDictionary.cpp, line 256]
Event: 19.037 Thread 0x0000026e0f92d5a0 Exception <a 'java/lang/ClassNotFoundException'{0x00000000a6711298}: org/gradle/api/internal/DefaultDomainObjectCollectionBeanInfo> (0x00000000a6711298) 
thrown [s\src\hotspot\share\classfile\systemDictionary.cpp, line 256]
Event: 19.039 Thread 0x0000026e0f92d5a0 Exception <a 'java/lang/ClassNotFoundException'{0x00000000a6724e10}: org/gradle/api/internal/DefaultDomainObjectCollectionCustomizer> (0x00000000a6724e10) 
thrown [s\src\hotspot\share\classfile\systemDictionary.cpp, line 256]
Event: 19.046 Thread 0x0000026e0f92d5a0 Exception <a 'java/lang/ClassNotFoundException'{0x00000000a6759248}: org/gradle/api/internal/DefaultNamedDomainObjectCollectionCustomizer> (0x00000000a6759248) 
thrown [s\src\hotspot\share\classfile\systemDictionary.cpp, line 256]
Event: 19.053 Thread 0x0000026e0f92d5a0 Exception <a 'java/lang/ClassNotFoundException'{0x00000000a6794658}: org/gradle/api/internal/DefaultNamedDomainObjectListCustomizer> (0x00000000a6794658) 
thrown [s\src\hotspot\share\classfile\systemDictionary.cpp, line 256]
Event: 19.059 Thread 0x0000026e0f92d5a0 Exception <a 'java/lang/ClassNotFoundException'{0x00000000a67c48a8}: org/gradle/api/internal/artifacts/DefaultArtifactRepositoryContainerCustomizer> (0x00000000a67c48a8) 
thrown [s\src\hotspot\share\classfile\systemDictionary.cpp, line 256]
Event: 19.063 Thread 0x0000026e0f92d5a0 Exception <a 'java/lang/ClassNotFoundException'{0x00000000a67ec070}: org/gradle/api/internal/artifacts/dsl/DefaultRepositoryHandlerCustomizer> (0x00000000a67ec070) 
thrown [s\src\hotspot\share\classfile\systemDictionary.cpp, line 256]
Event: 19.072 Thread 0x0000026e0f92d5a0 Exception <a 'java/lang/ClassNotFoundException'{0x00000000a6621ad8}: org/gradle/api/internal/artifacts/dsl/DefaultRepositoryHandler_DecoratedCustomizer> (0x00000000a6621ad8) 
thrown [s\src\hotspot\share\classfile\systemDictionary.cpp, line 256]

VM Operations (20 events):
Event: 15.379 Executing VM operation: HandshakeAllThreads
Event: 15.379 Executing VM operation: HandshakeAllThreads done
Event: 15.691 Executing VM operation: G1TryInitiateConcMark
Event: 15.696 Executing VM operation: G1TryInitiateConcMark done
Event: 16.211 Executing VM operation: HandshakeAllThreads
Event: 16.211 Executing VM operation: HandshakeAllThreads done
Event: 16.212 Executing VM operation: HandshakeAllThreads
Event: 16.212 Executing VM operation: HandshakeAllThreads done
Event: 16.903 Executing VM operation: HandshakeAllThreads
Event: 16.903 Executing VM operation: HandshakeAllThreads done
Event: 16.903 Executing VM operation: Cleanup
Event: 16.907 Executing VM operation: Cleanup done
Event: 17.563 Executing VM operation: HandshakeAllThreads
Event: 17.563 Executing VM operation: HandshakeAllThreads done
Event: 17.930 Executing VM operation: HandshakeAllThreads
Event: 17.930 Executing VM operation: HandshakeAllThreads done
Event: 17.930 Executing VM operation: Cleanup
Event: 17.930 Executing VM operation: Cleanup done
Event: 18.345 Executing VM operation: HandshakeAllThreads
Event: 18.345 Executing VM operation: HandshakeAllThreads done

Events (20 events):
Event: 17.544 loading class java/util/concurrent/LinkedBlockingDeque$Itr
Event: 17.545 loading class java/util/concurrent/LinkedBlockingDeque$AbstractItr
Event: 17.545 loading class java/util/concurrent/LinkedBlockingDeque$AbstractItr done
Event: 17.545 loading class java/util/concurrent/LinkedBlockingDeque$Itr done
Event: 17.698 loading class java/nio/file/AtomicMoveNotSupportedException
Event: 17.698 loading class java/nio/file/AtomicMoveNotSupportedException done
Event: 17.929 loading class java/util/ArrayList$ListItr
Event: 17.929 loading class java/util/ArrayList$ListItr done
Event: 17.962 Thread 0x0000026e0f28ef00 Thread exited: 0x0000026e0f28ef00
Event: 18.415 loading class java/lang/StringIndexOutOfBoundsException
Event: 18.415 loading class java/lang/StringIndexOutOfBoundsException done
Event: 18.872 Thread 0x0000026e0f8f80d0 Thread added: 0x0000026e0f8f80d0
Event: 18.973 loading class org/xml/sax/SAXParseException
Event: 18.973 loading class org/xml/sax/SAXParseException done
Event: 18.976 loading class org/xml/sax/Attributes
Event: 18.976 loading class org/xml/sax/Attributes done
Event: 18.976 loading class org/xml/sax/Locator
Event: 18.976 loading class org/xml/sax/Locator done
Event: 19.209 loading class java/lang/StackTraceElement$HashedModules
Event: 19.209 loading class java/lang/StackTraceElement$HashedModules done


Dynamic libraries:
0x00007ff6d2f20000 - 0x00007ff6d2f2a000 	C:\Program Files\Android\Android Studio\jbr\bin\java.exe
0x00007ffcbcf10000 - 0x00007ffcbd127000 	C:\Windows\SYSTEM32\ntdll.dll
0x00007ffcbb5e0000 - 0x00007ffcbb6a4000 	C:\Windows\System32\KERNEL32.DLL
0x00007ffcba470000 - 0x00007ffcba816000 	C:\Windows\System32\KERNELBASE.dll
0x00007ffcba280000 - 0x00007ffcba391000 	C:\Windows\System32\ucrtbase.dll
0x00007ffcb26b0000 - 0x00007ffcb26c7000 	C:\Program Files\Android\Android Studio\jbr\bin\jli.dll
0x00007ffcb26d0000 - 0x00007ffcb26eb000 	C:\Program Files\Android\Android Studio\jbr\bin\VCRUNTIME140.dll
0x00007ffcbb030000 - 0x00007ffcbb1de000 	C:\Windows\System32\USER32.dll
0x00007ffcba440000 - 0x00007ffcba466000 	C:\Windows\System32\win32u.dll
0x00007ffcbcd30000 - 0x00007ffcbcd59000 	C:\Windows\System32\GDI32.dll
0x00007ffcba820000 - 0x00007ffcba938000 	C:\Windows\System32\gdi32full.dll
0x00007ffc9e510000 - 0x00007ffc9e7a3000 	C:\Windows\WinSxS\amd64_microsoft.windows.common-controls_6595b64144ccf1df_6.0.22621.2506_none_270c5ae97388e100\COMCTL32.dll
0x00007ffcba3a0000 - 0x00007ffcba43a000 	C:\Windows\System32\msvcp_win.dll
0x00007ffcbac60000 - 0x00007ffcbad07000 	C:\Windows\System32\msvcrt.dll
0x00007ffcbb9a0000 - 0x00007ffcbb9d1000 	C:\Windows\System32\IMM32.DLL
0x00007ffcb27a0000 - 0x00007ffcb27ac000 	C:\Program Files\Android\Android Studio\jbr\bin\vcruntime140_1.dll
0x00007ffca2130000 - 0x00007ffca21bd000 	C:\Program Files\Android\Android Studio\jbr\bin\msvcp140.dll
0x00007ffc380e0000 - 0x00007ffc38d60000 	C:\Program Files\Android\Android Studio\jbr\bin\server\jvm.dll
0x00007ffcbaf70000 - 0x00007ffcbb021000 	C:\Windows\System32\ADVAPI32.dll
0x00007ffcbaeb0000 - 0x00007ffcbaf55000 	C:\Windows\System32\sechost.dll
0x00007ffcbbc10000 - 0x00007ffcbbd27000 	C:\Windows\System32\RPCRT4.dll
0x00007ffcac560000 - 0x00007ffcac569000 	C:\Windows\SYSTEM32\WSOCK32.dll
0x00007ffcbbd30000 - 0x00007ffcbbda1000 	C:\Windows\System32\WS2_32.dll
0x00007ffcb1540000 - 0x00007ffcb1574000 	C:\Windows\SYSTEM32\WINMM.dll
0x00007ffcac630000 - 0x00007ffcac63a000 	C:\Windows\SYSTEM32\VERSION.dll
0x00007ffcb9240000 - 0x00007ffcb9258000 	C:\Windows\SYSTEM32\kernel.appcore.dll
0x00007ffcac380000 - 0x00007ffcac38a000 	C:\Program Files\Android\Android Studio\jbr\bin\jimage.dll
0x00007ffcb4ff0000 - 0x00007ffcb5223000 	C:\Windows\SYSTEM32\DBGHELP.DLL
0x00007ffcbb250000 - 0x00007ffcbb5d9000 	C:\Windows\System32\combase.dll
0x00007ffcbb9e0000 - 0x00007ffcbbab7000 	C:\Windows\System32\OLEAUT32.dll
0x00007ffc8dbd0000 - 0x00007ffc8dc02000 	C:\Windows\SYSTEM32\dbgcore.DLL
0x00007ffcbaa70000 - 0x00007ffcbaaea000 	C:\Windows\System32\bcryptPrimitives.dll
0x00007ffca2100000 - 0x00007ffca2125000 	C:\Program Files\Android\Android Studio\jbr\bin\java.dll
0x00007ffca3580000 - 0x00007ffca3598000 	C:\Program Files\Android\Android Studio\jbr\bin\zip.dll
0x00007ffcbbdb0000 - 0x00007ffcbc60a000 	C:\Windows\System32\SHELL32.dll
0x00007ffcb8150000 - 0x00007ffcb8a46000 	C:\Windows\SYSTEM32\windows.storage.dll
0x00007ffcb8010000 - 0x00007ffcb814e000 	C:\Windows\SYSTEM32\wintypes.dll
0x00007ffcbb6b0000 - 0x00007ffcbb7a3000 	C:\Windows\System32\SHCORE.dll
0x00007ffcbccd0000 - 0x00007ffcbcd2e000 	C:\Windows\System32\shlwapi.dll
0x00007ffcba1b0000 - 0x00007ffcba1d6000 	C:\Windows\SYSTEM32\profapi.dll
0x00007ffca2690000 - 0x00007ffca26a9000 	C:\Program Files\Android\Android Studio\jbr\bin\net.dll
0x00007ffcb3f60000 - 0x00007ffcb4097000 	C:\Windows\SYSTEM32\WINHTTP.dll
0x00007ffcb96b0000 - 0x00007ffcb9719000 	C:\Windows\system32\mswsock.dll
0x00007ffca2510000 - 0x00007ffca2526000 	C:\Program Files\Android\Android Studio\jbr\bin\nio.dll
0x00007ffcaaef0000 - 0x00007ffcaaf00000 	C:\Program Files\Android\Android Studio\jbr\bin\verify.dll
0x00007ffca20d0000 - 0x00007ffca20f7000 	C:\Users\Abdullah\.gradle\native\e1d6ef7f7dcc3fd88c89a11ec53ec762bb8ba0a96d01ffa2cd45eb1d1d8dd5c5\windows-amd64\native-platform.dll
0x00007ffc94fb0000 - 0x00007ffc950f4000 	C:\Users\Abdullah\.gradle\native\0d407fdbe67a94daf76414ababcb853783967236a71b16ec16e742cd7a986fd3\windows-amd64\native-platform-file-events.dll
0x00007ffca20c0000 - 0x00007ffca20c9000 	C:\Program Files\Android\Android Studio\jbr\bin\management.dll
0x00007ffca20b0000 - 0x00007ffca20bb000 	C:\Program Files\Android\Android Studio\jbr\bin\management_ext.dll
0x00007ffcbaf60000 - 0x00007ffcbaf68000 	C:\Windows\System32\PSAPI.DLL
0x00007ffcb9a00000 - 0x00007ffcb9a1b000 	C:\Windows\SYSTEM32\CRYPTSP.dll
0x00007ffcb91a0000 - 0x00007ffcb91d5000 	C:\Windows\system32\rsaenh.dll
0x00007ffcb9750000 - 0x00007ffcb977c000 	C:\Windows\SYSTEM32\USERENV.dll
0x00007ffcb9bb0000 - 0x00007ffcb9bd8000 	C:\Windows\SYSTEM32\bcrypt.dll
0x00007ffcb99e0000 - 0x00007ffcb99ec000 	C:\Windows\SYSTEM32\CRYPTBASE.dll
0x00007ffcb8cb0000 - 0x00007ffcb8cdd000 	C:\Windows\SYSTEM32\IPHLPAPI.DLL
0x00007ffcbb990000 - 0x00007ffcbb999000 	C:\Windows\System32\NSI.dll
0x00007ffcb34f0000 - 0x00007ffcb3509000 	C:\Windows\SYSTEM32\dhcpcsvc6.DLL
0x00007ffcb3480000 - 0x00007ffcb349f000 	C:\Windows\SYSTEM32\dhcpcsvc.DLL
0x00007ffcb8d20000 - 0x00007ffcb8e19000 	C:\Windows\SYSTEM32\DNSAPI.dll
0x00007ffc4a260000 - 0x00007ffc4a268000 	C:\Windows\system32\wshunix.dll

dbghelp: loaded successfully - version: 4.0.5 - missing functions: none
symbol engine: initialized successfully - sym options: 0x614 - pdb path: .;C:\Program Files\Android\Android Studio\jbr\bin;C:\Windows\SYSTEM32;C:\Windows\WinSxS\amd64_microsoft.windows.common-controls_6595b64144ccf1df_6.0.22621.2506_none_270c5ae97388e100;C:\Program Files\Android\Android Studio\jbr\bin\server;C:\Users\Abdullah\.gradle\native\e1d6ef7f7dcc3fd88c89a11ec53ec762bb8ba0a96d01ffa2cd45eb1d1d8dd5c5\windows-amd64;C:\Users\Abdullah\.gradle\native\0d407fdbe67a94daf76414ababcb853783967236a71b16ec16e742cd7a986fd3\windows-amd64

VM Arguments:
jvm_args: --add-opens=java.base/java.util=ALL-UNNAMED --add-opens=java.base/java.lang=ALL-UNNAMED --add-opens=java.base/java.lang.invoke=ALL-UNNAMED --add-opens=java.base/java.util=ALL-UNNAMED --add-opens=java.prefs/java.util.prefs=ALL-UNNAMED --add-opens=java.prefs/java.util.prefs=ALL-UNNAMED --add-opens=java.base/java.nio.charset=ALL-UNNAMED --add-opens=java.base/java.net=ALL-UNNAMED --add-opens=java.base/java.util.concurrent.atomic=ALL-UNNAMED -Xmx1536M -Dfile.encoding=windows-1252 -Duser.country=US -Duser.language=en -Duser.variant 
java_command: org.gradle.launcher.daemon.bootstrap.GradleDaemon 7.5
java_class_path (initial): C:\Users\Abdullah\.gradle\wrapper\dists\gradle-7.5-all\6qsw290k5lz422uaf8jf6m7co\gradle-7.5\lib\gradle-launcher-7.5.jar
Launcher Type: SUN_STANDARD

[Global flags]
     intx CICompilerCount                          = 4                                         {product} {ergonomic}
     uint ConcGCThreads                            = 2                                         {product} {ergonomic}
     uint G1ConcRefinementThreads                  = 8                                         {product} {ergonomic}
   size_t G1HeapRegionSize                         = 1048576                                   {product} {ergonomic}
    uintx GCDrainStackTargetSize                   = 64                                        {product} {ergonomic}
   size_t InitialHeapSize                          = 266338304                                 {product} {ergonomic}
   size_t MarkStackSize                            = 4194304                                   {product} {ergonomic}
   size_t MaxHeapSize                              = 1610612736                                {product} {command line}
   size_t MaxNewSize                               = 965738496                                 {product} {ergonomic}
   size_t MinHeapDeltaBytes                        = 1048576                                   {product} {ergonomic}
   size_t MinHeapSize                              = 8388608                                   {product} {ergonomic}
    uintx NonNMethodCodeHeapSize                   = 5839372                                {pd product} {ergonomic}
    uintx NonProfiledCodeHeapSize                  = 122909434                              {pd product} {ergonomic}
    uintx ProfiledCodeHeapSize                     = 122909434                              {pd product} {ergonomic}
    uintx ReservedCodeCacheSize                    = 251658240                              {pd product} {ergonomic}
     bool SegmentedCodeCache                       = true                                      {product} {ergonomic}
   size_t SoftMaxHeapSize                          = 1610612736                             {manageable} {ergonomic}
     bool UseCompressedClassPointers               = true                           {product lp64_product} {ergonomic}
     bool UseCompressedOops                        = true                           {product lp64_product} {ergonomic}
     bool UseG1GC                                  = true                                      {product} {ergonomic}
     bool UseLargePagesIndividualAllocation        = false                                  {pd product} {ergonomic}

Logging:
Log output configuration:
 #0: stdout all=warning uptime,level,tags
 #1: stderr all=off uptime,level,tags

Environment Variables:
JAVA_HOME=C:\Program Files\Android\Android Studio\jbr
CLASSPATH=C:\Users\Abdullah\Desktop\frontend\android\\gradle\wrapper\gradle-wrapper.jar
PATH=C:\Program Files\Android\Android Studio\jbr\bin;C:\flutter\flutter\bin\;C:\Windows\system32;C:\Windows;C:\Windows\System32\Wbem;C:\Windows\System32\WindowsPowerShell\v1.0\;C:\Windows\System32\OpenSSH\;C:\Program Files\dotnet\;C:\Users\Abdullah\AppData\Local\Microsoft\WindowsApps;C:\Users\Abdullah\AppData\Local\Programs\Microsoft VS Code\bin;C:\flutter\flutter\bin;;C:\flutter\flutter\bin\mingit\cmd
USERNAME=Abdullah
LANG=en_US.UTF-8
OS=Windows_NT
PROCESSOR_IDENTIFIER=Intel64 Family 6 Model 142 Stepping 12, GenuineIntel
TMP=C:\Users\Abdullah\AppData\Local\Temp
TEMP=C:\Users\Abdullah\AppData\Local\Temp


JNI global refs:
JNI global refs: 24, weak refs: 0

JNI global refs memory usage: 843, weak refs: 841

OOME stack traces (most recent first):
Classloader memory used:
Loader org.gradle.internal.classloader.VisitableURLClassLoader                         : 2863K
Loader bootstrap                                                                       : 2293K
Loader org.gradle.initialization.MixInLegacyTypesClassLoader                           : 522K
Loader jdk.internal.loader.ClassLoaders$PlatformClassLoader                            : 64888B
Loader jdk.internal.loader.ClassLoaders$AppClassLoader                                 : 25674B
Loader org.gradle.groovy.scripts.internal.DefaultScriptCompilationHandler$ScriptClassLoader: 8649B
Loader jdk.internal.reflect.DelegatingClassLoader                                      : 5259B
Loader org.codehaus.groovy.runtime.callsite.CallSiteClassLoader                        : 2896B

Classes loaded by more than one classloader:
Class org.gradle.internal.installation.GradleInstallation                             : loaded 2 times (x 73B)
Class org.gradle.internal.classpath.ClassPath                                         : loaded 2 times (x 68B)
Class org.gradle.api.internal.classpath.DefaultModuleRegistry                         : loaded 2 times (x 84B)
Class org.gradle.api.Action                                                           : loaded 2 times (x 68B)
Class org.gradle.api.internal.DefaultClassPathProvider                                : loaded 2 times (x 74B)
Class org.gradle.internal.installation.GradleInstallation$1                           : loaded 2 times (x 73B)
Class org.gradle.internal.classloader.FilteringClassLoader                            : loaded 2 times (x 102B)
Class org.gradle.internal.classpath.DefaultClassPath$ImmutableUniqueList$Builder      : loaded 2 times (x 73B)
Class org.gradle.internal.classloader.ClassLoaderVisitor                              : loaded 2 times (x 74B)
Class org.gradle.internal.service.DefaultServiceLocator                               : loaded 2 times (x 81B)
Class org.gradle.internal.service.UnknownServiceException                             : loaded 2 times (x 81B)
Class org.gradle.internal.classloader.DefaultClassLoaderFactory                       : loaded 2 times (x 80B)
Class org.gradle.internal.classloader.VisitableURLClassLoader$Spec                    : loaded 2 times (x 72B)
Class org.gradle.api.GradleException                                                  : loaded 2 times (x 80B)
Class org.gradle.api.internal.classpath.ModuleRegistry                                : loaded 2 times (x 68B)
Class org.gradle.api.internal.ClassPathProvider                                       : loaded 2 times (x 68B)
Class org.gradle.internal.classloader.ClasspathUtil$1                                 : loaded 2 times (x 74B)
Class org.gradle.internal.classloader.ClassLoaderFactory                              : loaded 2 times (x 68B)
Class org.gradle.api.internal.classpath.ManifestUtil                                  : loaded 2 times (x 69B)
Class org.gradle.api.specs.Spec                                                       : loaded 2 times (x 68B)
Class org.gradle.internal.IoActions                                                   : loaded 2 times (x 69B)
Class org.gradle.api.internal.classpath.EffectiveClassPath                            : loaded 2 times (x 88B)
Class org.gradle.internal.installation.CurrentGradleInstallation                      : loaded 2 times (x 71B)
Class org.gradle.internal.installation.CurrentGradleInstallationLocator               : loaded 2 times (x 69B)
Class org.gradle.api.internal.classpath.Module                                        : loaded 2 times (x 68B)
Class org.gradle.internal.service.CachingServiceLocator                               : loaded 2 times (x 80B)
Class org.gradle.internal.classpath.DefaultClassPath                                  : loaded 2 times (x 88B)
Class org.gradle.api.Transformer                                                      : loaded 2 times (x 68B)
Class org.gradle.internal.classloader.SystemClassLoaderSpec                           : loaded 2 times (x 69B)
Class org.gradle.api.UncheckedIOException                                             : loaded 2 times (x 80B)
Class org.gradle.internal.classloader.ClasspathUtil                                   : loaded 2 times (x 69B)
Class org.gradle.api.internal.DefaultClassPathRegistry                                : loaded 2 times (x 74B)
Class org.gradle.api.internal.classpath.DefaultModuleRegistry$DefaultModule           : loaded 2 times (x 84B)
Class org.gradle.api.internal.classpath.UnknownModuleException                        : loaded 2 times (x 80B)
Class org.gradle.internal.service.ServiceLookupException                              : loaded 2 times (x 80B)
Class org.gradle.cache.GlobalCache                                                    : loaded 2 times (x 68B)
Class [Lorg.gradle.api.internal.ClassPathProvider;                                    : loaded 2 times (x 67B)
Class org.gradle.util.internal.GUtil                                                  : loaded 2 times (x 69B)
Class org.gradle.internal.classloader.ClassLoaderSpec                                 : loaded 2 times (x 69B)
Class org.gradle.internal.classloader.VisitableURLClassLoader                         : loaded 2 times (x 114B)
Class org.gradle.internal.Cast                                                        : loaded 2 times (x 69B)
Class org.gradle.api.internal.ClassPathRegistry                                       : loaded 2 times (x 68B)
Class org.gradle.internal.classloader.ClassLoaderHierarchy                            : loaded 2 times (x 68B)
Class org.gradle.internal.service.ServiceLocator                                      : loaded 2 times (x 68B)
Class org.gradle.internal.classpath.DefaultClassPath$ImmutableUniqueList              : loaded 2 times (x 159B)


---------------  S Y S T E M  ---------------

OS:
 Windows 11 , 64 bit Build 22621 (10.0.22621.2506)
OS uptime: 0 days 23:11 hours
Hyper-V role detected

CPU: total 8 (initial active 8) (4 cores per cpu, 2 threads per core) family 6 model 142 stepping 12 microcode 0xf8, cx8, cmov, fxsr, ht, mmx, 3dnowpref, sse, sse2, sse3, ssse3, sse4.1, sse4.2, popcnt, lzcnt, tsc, tscinvbit, avx, avx2, aes, erms, clmul, bmi1, bmi2, adx, fma, vzeroupper, clflush, clflushopt, hv

Memory: 4k page, system-wide physical 16198M (494M free)
TotalPageFile size 28995M (AvailPageFile size 5M)
current process WorkingSet (physical memory assigned to process): 272M, peak: 272M
current process commit charge ("private bytes"): 353M, peak: 395M

vm_info: OpenJDK 64-Bit Server VM (17.0.7+0-b2043.56-10550314) for windows-amd64 JRE (17.0.7+0-b2043.56-10550314), built on Jul 24 2023 18:27:45 by "androidbuild" with MS VC++ 16.10 / 16.11 (VS2019)

END.
