#
# There is insufficient memory for the Java Runtime Environment to continue.
# Native memory allocation (malloc) failed to allocate 82032 bytes for Chunk::new
# Possible reasons:
#   The system is out of physical RAM or swap space
#   The process is running with CompressedOops enabled, and the Java Heap may be blocking the growth of the native heap
# Possible solutions:
#   Reduce memory load on the system
#   Increase physical memory or swap space
#   Check if swap backing store is full
#   Decrease Java heap size (-Xmx/-Xms)
#   Decrease number of Java threads
#   Decrease Java thread stack sizes (-Xss)
#   Set larger code cache with -XX:ReservedCodeCacheSize=
#   JVM is running with Unscaled Compressed Oops mode in which the Java heap is
#     placed in the first 4GB address space. The Java Heap base address is the
#     maximum limit for the native heap growth. Please use -XX:HeapBaseMinAddress
#     to set the Java Heap base and to place the Java Heap above 4GB virtual address.
# This output file may be truncated or incomplete.
#
#  Out of Memory Error (arena.cpp:189), pid=16644, tid=5024
#
# JRE version: OpenJDK Runtime Environment (17.0.7) (build 17.0.7+0-b2043.56-10550314)
# Java VM: OpenJDK 64-Bit Server VM (17.0.7+0-b2043.56-10550314, mixed mode, tiered, compressed oops, compressed class ptrs, g1 gc, windows-amd64)
# No core dump will be written. Minidumps are not enabled by default on client versions of Windows
#

---------------  S U M M A R Y ------------

Command Line: --add-opens=java.base/java.util=ALL-UNNAMED --add-opens=java.base/java.lang=ALL-UNNAMED --add-opens=java.base/java.lang.invoke=ALL-UNNAMED --add-opens=java.base/java.util=ALL-UNNAMED --add-opens=java.prefs/java.util.prefs=ALL-UNNAMED --add-opens=java.prefs/java.util.prefs=ALL-UNNAMED --add-opens=java.base/java.nio.charset=ALL-UNNAMED --add-opens=java.base/java.net=ALL-UNNAMED --add-opens=java.base/java.util.concurrent.atomic=ALL-UNNAMED -Xmx1536M -Dfile.encoding=windows-1252 -Duser.country=US -Duser.language=en -Duser.variant org.gradle.launcher.daemon.bootstrap.GradleDaemon 7.5

Host: Intel(R) Core(TM) i7-8665U CPU @ 1.90GHz, 8 cores, 15G,  Windows 11 , 64 bit Build 22621 (10.0.22621.2506)
Time: Mon Dec 18 18:29:29 2023 Pakistan Standard Time elapsed time: 42.141900 seconds (0d 0h 0m 42s)

---------------  T H R E A D  ---------------

Current thread (0x000001fa733925d0):  JavaThread "C2 CompilerThread0" daemon [_thread_in_native, id=5024, stack(0x000000f2bc900000,0x000000f2bca00000)]


Current CompileTask:
C2:  42142 12960   !   4       java.util.concurrent.locks.AbstractQueuedSynchronizer::acquire (407 bytes)

Stack: [0x000000f2bc900000,0x000000f2bca00000]
Native frames: (J=compiled Java code, j=interpreted, Vv=VM code, C=native code)
V  [jvm.dll+0x683bfa]
V  [jvm.dll+0x8430a4]
V  [jvm.dll+0x8449be]
V  [jvm.dll+0x845023]
V  [jvm.dll+0x24ad2f]
V  [jvm.dll+0xac25c]
V  [jvm.dll+0xac82c]
V  [jvm.dll+0x11f9f7]
V  [jvm.dll+0x60fff2]
V  [jvm.dll+0x61442f]
V  [jvm.dll+0x21d0c8]
V  [jvm.dll+0x21c671]
V  [jvm.dll+0x1a605d]
V  [jvm.dll+0x22c148]
V  [jvm.dll+0x22a209]
V  [jvm.dll+0x7f858c]
V  [jvm.dll+0x7f2aea]
V  [jvm.dll+0x682a35]
C  [ucrtbase.dll+0x29363]
C  [KERNEL32.DLL+0x1257d]
C  [ntdll.dll+0x5aa58]


---------------  P R O C E S S  ---------------

Threads class SMR info:
_java_thread_list=0x000001fa7a54f920, length=145, elements={
0x000001fa5a66c0d0, 0x000001fa73318340, 0x000001fa73319310, 0x000001fa733368c0,
0x000001fa73390590, 0x000001fa73390f40, 0x000001fa733918f0, 0x000001fa733925d0,
0x000001fa733882e0, 0x000001fa73389bf0, 0x000001fa73536030, 0x000001fa73536500,
0x000001fa79743180, 0x000001fa797dc1e0, 0x000001fa7971f4a0, 0x000001fa7a687c40,
0x000001fa7a15d390, 0x000001fa79a56650, 0x000001fa78b8b110, 0x000001fa7921d710,
0x000001fa7921ef20, 0x000001fa7921dbe0, 0x000001fa7921e0b0, 0x000001fa7921f3f0,
0x000001fa79220260, 0x000001fa792210d0, 0x000001fa7921e580, 0x000001fa7921ea50,
0x000001fa7921fd90, 0x000001fa7921f8c0, 0x000001fa79220730, 0x000001fa79220c00,
0x000001fa7a72de20, 0x000001fa7a72fb00, 0x000001fa7a72f160, 0x000001fa7a728c50,
0x000001fa7a72bc70, 0x000001fa7a72c140, 0x000001fa7a72c610, 0x000001fa7a729f90,
0x000001fa7a729120, 0x000001fa7a7295f0, 0x000001fa7a72e7c0, 0x000001fa7a72cae0,
0x000001fa7a729ac0, 0x000001fa7a72cfb0, 0x000001fa7a72ec90, 0x000001fa7a72f630,
0x000001fa7a72d480, 0x000001fa7a72a460, 0x000001fa7a72a930, 0x000001fa7a72ae00,
0x000001fa7a72b2d0, 0x000001fa7b83c9c0, 0x000001fa7b83feb0, 0x000001fa7b83d830,
0x000001fa7b841b90, 0x000001fa7b840d20, 0x000001fa7b83f510, 0x000001fa7b840380,
0x000001fa7b83d360, 0x000001fa7b842a00, 0x000001fa7b83dd00, 0x000001fa7b8411f0,
0x000001fa7b83ce90, 0x000001fa7b840850, 0x000001fa7b83e1d0, 0x000001fa7b842060,
0x000001fa7b8416c0, 0x000001fa7b8433a0, 0x000001fa7b842530, 0x000001fa7b842ed0,
0x000001fa7b843870, 0x000001fa7b843d40, 0x000001fa7b83e6a0, 0x000001fa7b83c4f0,
0x000001fa7b83f9e0, 0x000001fa7b83eb70, 0x000001fa7b83f040, 0x000001fa7c72d280,
0x000001fa7c72e0f0, 0x000001fa7c72b0d0, 0x000001fa7c72b5a0, 0x000001fa7c72a730,
0x000001fa7c72ac00, 0x000001fa7c72ba70, 0x000001fa7c728580, 0x000001fa7c7280b0,
0x000001fa7c72c8e0, 0x000001fa7c72bf40, 0x000001fa7c72c410, 0x000001fa7c72e5c0,
0x000001fa7c728f20, 0x000001fa7c7293f0, 0x000001fa7c7298c0, 0x000001fa7c72ea90,
0x000001fa7c72cdb0, 0x000001fa7c72ef60, 0x000001fa7c727710, 0x000001fa7c72dc20,
0x000001fa7c729d90, 0x000001fa7c727be0, 0x000001fa7c72a260, 0x000001fa7c728a50,
0x000001fa7c72d750, 0x000001fa7a17fcd0, 0x000001fa7a17f800, 0x000001fa7a185840,
0x000001fa7a180670, 0x000001fa7a180b40, 0x000001fa7a183690, 0x000001fa7a1814e0,
0x000001fa7a17e990, 0x000001fa7a181010, 0x000001fa7a1819b0, 0x000001fa7a17dff0,
0x000001fa7a1849d0, 0x000001fa7a183b60, 0x000001fa7a17e4c0, 0x000001fa7a17ee60,
0x000001fa7a182cf0, 0x000001fa7a17f330, 0x000001fa7a184ea0, 0x000001fa7a181e80,
0x000001fa7a185370, 0x000001fa7d440530, 0x000001fa7d43f6c0, 0x000001fa7d43e850,
0x000001fa7d43fb90, 0x000001fa7d4443c0, 0x000001fa7d444d60, 0x000001fa7d445230,
0x000001fa7d43deb0, 0x000001fa7d440060, 0x000001fa7d443550, 0x000001fa7d440a00,
0x000001fa7d443a20, 0x000001fa7d440ed0, 0x000001fa7d445700, 0x000001fa7d442bb0,
0x000001fa7d43e380, 0x000001fa7d4413a0, 0x000001fa7d441d40, 0x000001fa7d442210,
0x000001fa7d4426e0
}

Java Threads: ( => current thread )
  0x000001fa5a66c0d0 JavaThread "main" [_thread_blocked, id=15956, stack(0x000000f2bbc00000,0x000000f2bbd00000)]
  0x000001fa73318340 JavaThread "Reference Handler" daemon [_thread_blocked, id=15304, stack(0x000000f2bc300000,0x000000f2bc400000)]
  0x000001fa73319310 JavaThread "Finalizer" daemon [_thread_blocked, id=16320, stack(0x000000f2bc400000,0x000000f2bc500000)]
  0x000001fa733368c0 JavaThread "Signal Dispatcher" daemon [_thread_blocked, id=12116, stack(0x000000f2bc500000,0x000000f2bc600000)]
  0x000001fa73390590 JavaThread "Attach Listener" daemon [_thread_blocked, id=19976, stack(0x000000f2bc600000,0x000000f2bc700000)]
  0x000001fa73390f40 JavaThread "Service Thread" daemon [_thread_blocked, id=8248, stack(0x000000f2bc700000,0x000000f2bc800000)]
  0x000001fa733918f0 JavaThread "Monitor Deflation Thread" daemon [_thread_blocked, id=17940, stack(0x000000f2bc800000,0x000000f2bc900000)]
=>0x000001fa733925d0 JavaThread "C2 CompilerThread0" daemon [_thread_in_native, id=5024, stack(0x000000f2bc900000,0x000000f2bca00000)]
  0x000001fa733882e0 JavaThread "C1 CompilerThread0" daemon [_thread_blocked, id=14572, stack(0x000000f2bca00000,0x000000f2bcb00000)]
  0x000001fa73389bf0 JavaThread "Sweeper thread" daemon [_thread_blocked, id=16352, stack(0x000000f2bcb00000,0x000000f2bcc00000)]
  0x000001fa73536030 JavaThread "Common-Cleaner" daemon [_thread_blocked, id=6880, stack(0x000000f2bcc00000,0x000000f2bcd00000)]
  0x000001fa73536500 JavaThread "Notification Thread" daemon [_thread_blocked, id=16928, stack(0x000000f2bcd00000,0x000000f2bce00000)]
  0x000001fa79743180 JavaThread "Daemon health stats" [_thread_blocked, id=11528, stack(0x000000f2bd500000,0x000000f2bd600000)]
  0x000001fa797dc1e0 JavaThread "Incoming local TCP Connector on port 51474" [_thread_in_native, id=12160, stack(0x000000f2bd600000,0x000000f2bd700000)]
  0x000001fa7971f4a0 JavaThread "Daemon periodic checks" [_thread_blocked, id=12416, stack(0x000000f2bd700000,0x000000f2bd800000)]
  0x000001fa7a687c40 JavaThread "Daemon" [_thread_blocked, id=16528, stack(0x000000f2bd800000,0x000000f2bd900000)]
  0x000001fa7a15d390 JavaThread "Handler for socket connection from /127.0.0.1:51474 to /127.0.0.1:51475" [_thread_in_native, id=17092, stack(0x000000f2bd900000,0x000000f2bda00000)]
  0x000001fa79a56650 JavaThread "Cancel handler" [_thread_blocked, id=14416, stack(0x000000f2bda00000,0x000000f2bdb00000)]
  0x000001fa78b8b110 JavaThread "Daemon worker" [_thread_blocked, id=19804, stack(0x000000f2bdb00000,0x000000f2bdc00000)]
  0x000001fa7921d710 JavaThread "Asynchronous log dispatcher for DefaultDaemonConnection: socket connection from /127.0.0.1:51474 to /127.0.0.1:51475" [_thread_blocked, id=19564, stack(0x000000f2bdc00000,0x000000f2bdd00000)]
  0x000001fa7921ef20 JavaThread "Stdin handler" [_thread_blocked, id=8196, stack(0x000000f2bdd00000,0x000000f2bde00000)]
  0x000001fa7921dbe0 JavaThread "Daemon client event forwarder" [_thread_blocked, id=3200, stack(0x000000f2bde00000,0x000000f2bdf00000)]
  0x000001fa7921e0b0 JavaThread "Cache worker for journal cache (C:\Users\Abdullah\.gradle\caches\journal-1)" [_thread_blocked, id=14024, stack(0x000000f2bdf00000,0x000000f2be000000)]
  0x000001fa7921f3f0 JavaThread "File lock request listener" [_thread_in_native, id=2372, stack(0x000000f2be000000,0x000000f2be100000)]
  0x000001fa79220260 JavaThread "Cache worker for file hash cache (C:\Users\Abdullah\.gradle\caches\7.5\fileHashes)" [_thread_blocked, id=17652, stack(0x000000f2be400000,0x000000f2be500000)]
  0x000001fa792210d0 JavaThread "File watcher server" daemon [_thread_in_native, id=19656, stack(0x000000f2be500000,0x000000f2be600000)]
  0x000001fa7921e580 JavaThread "File watcher consumer" daemon [_thread_blocked, id=16472, stack(0x000000f2be600000,0x000000f2be700000)]
  0x000001fa7921ea50 JavaThread "Cache worker for checksums cache (C:\Users\Abdullah\Desktop\frontend\android\.gradle\7.5\checksums)" [_thread_blocked, id=14144, stack(0x000000f2be700000,0x000000f2be800000)]
  0x000001fa7921fd90 JavaThread "Cache worker for cache directory md-rule (C:\Users\Abdullah\.gradle\caches\7.5\md-rule)" [_thread_blocked, id=17260, stack(0x000000f2be800000,0x000000f2be900000)]
  0x000001fa7921f8c0 JavaThread "Cache worker for file content cache (C:\Users\Abdullah\.gradle\caches\7.5\fileContent)" [_thread_blocked, id=18292, stack(0x000000f2be900000,0x000000f2bea00000)]
  0x000001fa79220730 JavaThread "Cache worker for file hash cache (C:\Users\Abdullah\Desktop\frontend\android\.gradle\7.5\fileHashes)" [_thread_blocked, id=18776, stack(0x000000f2bea00000,0x000000f2beb00000)]
  0x000001fa79220c00 JavaThread "Cache worker for cache directory md-supplier (C:\Users\Abdullah\.gradle\caches\7.5\md-supplier)" [_thread_blocked, id=10440, stack(0x000000f2beb00000,0x000000f2bec00000)]
  0x000001fa7a72de20 JavaThread "Cache worker for execution history cache (C:\Users\Abdullah\.gradle\caches\7.5\executionHistory)" [_thread_blocked, id=17584, stack(0x000000f2bec00000,0x000000f2bed00000)]
  0x000001fa7a72fb00 JavaThread "jar transforms" [_thread_blocked, id=7972, stack(0x000000f2bed00000,0x000000f2bee00000)]
  0x000001fa7a72f160 JavaThread "jar transforms Thread 2" [_thread_blocked, id=7136, stack(0x000000f2bee00000,0x000000f2bef00000)]
  0x000001fa7a728c50 JavaThread "jar transforms Thread 3" [_thread_blocked, id=17656, stack(0x000000f2bef00000,0x000000f2bf000000)]
  0x000001fa7a72bc70 JavaThread "jar transforms Thread 4" [_thread_blocked, id=13992, stack(0x000000f2bf000000,0x000000f2bf100000)]
  0x000001fa7a72c140 JavaThread "jar transforms Thread 5" [_thread_blocked, id=19968, stack(0x000000f2bf100000,0x000000f2bf200000)]
  0x000001fa7a72c610 JavaThread "jar transforms Thread 6" [_thread_blocked, id=18600, stack(0x000000f2bf200000,0x000000f2bf300000)]
  0x000001fa7a729f90 JavaThread "Cache worker for dependencies-accessors (C:\Users\Abdullah\Desktop\frontend\android\.gradle\7.5\dependencies-accessors)" [_thread_blocked, id=5968, stack(0x000000f2bf300000,0x000000f2bf400000)]
  0x000001fa7a729120 JavaThread "jar transforms Thread 7" [_thread_blocked, id=18796, stack(0x000000f2bf400000,0x000000f2bf500000)]
  0x000001fa7a7295f0 JavaThread "Cache worker for Build Output Cleanup Cache (C:\Users\Abdullah\Desktop\frontend\android\.gradle\buildOutputCleanup)" [_thread_blocked, id=15912, stack(0x000000f2bf500000,0x000000f2bf600000)]
  0x000001fa7a72e7c0 JavaThread "Unconstrained build operations" [_thread_blocked, id=1408, stack(0x000000f2bf600000,0x000000f2bf700000)]
  0x000001fa7a72cae0 JavaThread "Unconstrained build operations Thread 2" [_thread_blocked, id=1940, stack(0x000000f2bf700000,0x000000f2bf800000)]
  0x000001fa7a729ac0 JavaThread "Unconstrained build operations Thread 3" [_thread_blocked, id=11980, stack(0x000000f2bf800000,0x000000f2bf900000)]
  0x000001fa7a72cfb0 JavaThread "Unconstrained build operations Thread 4" [_thread_blocked, id=14776, stack(0x000000f2bf900000,0x000000f2bfa00000)]
  0x000001fa7a72ec90 JavaThread "Unconstrained build operations Thread 5" [_thread_blocked, id=3904, stack(0x000000f2bfa00000,0x000000f2bfb00000)]
  0x000001fa7a72f630 JavaThread "Unconstrained build operations Thread 6" [_thread_blocked, id=11884, stack(0x000000f2bfb00000,0x000000f2bfc00000)]
  0x000001fa7a72d480 JavaThread "Unconstrained build operations Thread 7" [_thread_blocked, id=17208, stack(0x000000f2bfc00000,0x000000f2bfd00000)]
  0x000001fa7a72a460 JavaThread "Unconstrained build operations Thread 8" [_thread_blocked, id=15932, stack(0x000000f2bfd00000,0x000000f2bfe00000)]
  0x000001fa7a72a930 JavaThread "Unconstrained build operations Thread 9" [_thread_blocked, id=9204, stack(0x000000f2bfe00000,0x000000f2bff00000)]
  0x000001fa7a72ae00 JavaThread "Unconstrained build operations Thread 10" [_thread_blocked, id=19256, stack(0x000000f2bff00000,0x000000f2c0000000)]
  0x000001fa7a72b2d0 JavaThread "Unconstrained build operations Thread 11" [_thread_blocked, id=12140, stack(0x000000f2c0000000,0x000000f2c0100000)]
  0x000001fa7b83c9c0 JavaThread "Unconstrained build operations Thread 12" [_thread_blocked, id=11740, stack(0x000000f2c0100000,0x000000f2c0200000)]
  0x000001fa7b83feb0 JavaThread "Unconstrained build operations Thread 13" [_thread_blocked, id=16056, stack(0x000000f2c0200000,0x000000f2c0300000)]
  0x000001fa7b83d830 JavaThread "Unconstrained build operations Thread 14" [_thread_blocked, id=13604, stack(0x000000f2c0300000,0x000000f2c0400000)]
  0x000001fa7b841b90 JavaThread "Unconstrained build operations Thread 15" [_thread_blocked, id=7780, stack(0x000000f2c0400000,0x000000f2c0500000)]
  0x000001fa7b840d20 JavaThread "Unconstrained build operations Thread 16" [_thread_blocked, id=14692, stack(0x000000f2c0500000,0x000000f2c0600000)]
  0x000001fa7b83f510 JavaThread "Unconstrained build operations Thread 17" [_thread_blocked, id=2836, stack(0x000000f2c0600000,0x000000f2c0700000)]
  0x000001fa7b840380 JavaThread "Unconstrained build operations Thread 18" [_thread_blocked, id=6188, stack(0x000000f2c0700000,0x000000f2c0800000)]
  0x000001fa7b83d360 JavaThread "Unconstrained build operations Thread 19" [_thread_blocked, id=20000, stack(0x000000f2c0800000,0x000000f2c0900000)]
  0x000001fa7b842a00 JavaThread "Unconstrained build operations Thread 20" [_thread_blocked, id=16104, stack(0x000000f2c0900000,0x000000f2c0a00000)]
  0x000001fa7b83dd00 JavaThread "Unconstrained build operations Thread 21" [_thread_blocked, id=3972, stack(0x000000f2c0a00000,0x000000f2c0b00000)]
  0x000001fa7b8411f0 JavaThread "Unconstrained build operations Thread 22" [_thread_blocked, id=19848, stack(0x000000f2c0b00000,0x000000f2c0c00000)]
  0x000001fa7b83ce90 JavaThread "Unconstrained build operations Thread 23" [_thread_blocked, id=17752, stack(0x000000f2c0c00000,0x000000f2c0d00000)]
  0x000001fa7b840850 JavaThread "Unconstrained build operations Thread 24" [_thread_blocked, id=17600, stack(0x000000f2c0d00000,0x000000f2c0e00000)]
  0x000001fa7b83e1d0 JavaThread "Unconstrained build operations Thread 25" [_thread_blocked, id=17420, stack(0x000000f2c0e00000,0x000000f2c0f00000)]
  0x000001fa7b842060 JavaThread "Unconstrained build operations Thread 26" [_thread_blocked, id=13944, stack(0x000000f2c0f00000,0x000000f2c1000000)]
  0x000001fa7b8416c0 JavaThread "Unconstrained build operations Thread 27" [_thread_blocked, id=8012, stack(0x000000f2c1000000,0x000000f2c1100000)]
  0x000001fa7b8433a0 JavaThread "Unconstrained build operations Thread 28" [_thread_blocked, id=17900, stack(0x000000f2c1100000,0x000000f2c1200000)]
  0x000001fa7b842530 JavaThread "Unconstrained build operations Thread 29" [_thread_blocked, id=16524, stack(0x000000f2c1200000,0x000000f2c1300000)]
  0x000001fa7b842ed0 JavaThread "Unconstrained build operations Thread 30" [_thread_blocked, id=12016, stack(0x000000f2c1300000,0x000000f2c1400000)]
  0x000001fa7b843870 JavaThread "Unconstrained build operations Thread 31" [_thread_blocked, id=15076, stack(0x000000f2c1400000,0x000000f2c1500000)]
  0x000001fa7b843d40 JavaThread "Unconstrained build operations Thread 32" [_thread_blocked, id=1140, stack(0x000000f2c1500000,0x000000f2c1600000)]
  0x000001fa7b83e6a0 JavaThread "Unconstrained build operations Thread 33" [_thread_blocked, id=18700, stack(0x000000f2c1600000,0x000000f2c1700000)]
  0x000001fa7b83c4f0 JavaThread "Unconstrained build operations Thread 34" [_thread_blocked, id=5432, stack(0x000000f2c1700000,0x000000f2c1800000)]
  0x000001fa7b83f9e0 JavaThread "Unconstrained build operations Thread 35" [_thread_blocked, id=19204, stack(0x000000f2c1800000,0x000000f2c1900000)]
  0x000001fa7b83eb70 JavaThread "Unconstrained build operations Thread 36" [_thread_blocked, id=14884, stack(0x000000f2c1900000,0x000000f2c1a00000)]
  0x000001fa7b83f040 JavaThread "Unconstrained build operations Thread 37" [_thread_blocked, id=2232, stack(0x000000f2c1a00000,0x000000f2c1b00000)]
  0x000001fa7c72d280 JavaThread "Unconstrained build operations Thread 38" [_thread_blocked, id=9680, stack(0x000000f2c1b00000,0x000000f2c1c00000)]
  0x000001fa7c72e0f0 JavaThread "Unconstrained build operations Thread 39" [_thread_blocked, id=3728, stack(0x000000f2c1c00000,0x000000f2c1d00000)]
  0x000001fa7c72b0d0 JavaThread "Unconstrained build operations Thread 40" [_thread_blocked, id=5300, stack(0x000000f2c1d00000,0x000000f2c1e00000)]
  0x000001fa7c72b5a0 JavaThread "Unconstrained build operations Thread 41" [_thread_blocked, id=11976, stack(0x000000f2c1e00000,0x000000f2c1f00000)]
  0x000001fa7c72a730 JavaThread "Unconstrained build operations Thread 42" [_thread_blocked, id=12200, stack(0x000000f2c1f00000,0x000000f2c2000000)]
  0x000001fa7c72ac00 JavaThread "Unconstrained build operations Thread 43" [_thread_blocked, id=16180, stack(0x000000f2c2000000,0x000000f2c2100000)]
  0x000001fa7c72ba70 JavaThread "Unconstrained build operations Thread 44" [_thread_blocked, id=14428, stack(0x000000f2c2100000,0x000000f2c2200000)]
  0x000001fa7c728580 JavaThread "Unconstrained build operations Thread 45" [_thread_blocked, id=14732, stack(0x000000f2c2200000,0x000000f2c2300000)]
  0x000001fa7c7280b0 JavaThread "Unconstrained build operations Thread 46" [_thread_blocked, id=2508, stack(0x000000f2c2300000,0x000000f2c2400000)]
  0x000001fa7c72c8e0 JavaThread "Unconstrained build operations Thread 47" [_thread_blocked, id=18024, stack(0x000000f2c2400000,0x000000f2c2500000)]
  0x000001fa7c72bf40 JavaThread "Unconstrained build operations Thread 48" [_thread_blocked, id=17296, stack(0x000000f2c2500000,0x000000f2c2600000)]
  0x000001fa7c72c410 JavaThread "Unconstrained build operations Thread 49" [_thread_blocked, id=5552, stack(0x000000f2c2600000,0x000000f2c2700000)]
  0x000001fa7c72e5c0 JavaThread "Unconstrained build operations Thread 50" [_thread_blocked, id=11788, stack(0x000000f2c2700000,0x000000f2c2800000)]
  0x000001fa7c728f20 JavaThread "Unconstrained build operations Thread 51" [_thread_blocked, id=13504, stack(0x000000f2c2800000,0x000000f2c2900000)]
  0x000001fa7c7293f0 JavaThread "Unconstrained build operations Thread 52" [_thread_blocked, id=3740, stack(0x000000f2c2900000,0x000000f2c2a00000)]
  0x000001fa7c7298c0 JavaThread "Unconstrained build operations Thread 53" [_thread_blocked, id=20384, stack(0x000000f2c2a00000,0x000000f2c2b00000)]
  0x000001fa7c72ea90 JavaThread "Unconstrained build operations Thread 54" [_thread_blocked, id=19224, stack(0x000000f2c2b00000,0x000000f2c2c00000)]
  0x000001fa7c72cdb0 JavaThread "Unconstrained build operations Thread 55" [_thread_blocked, id=13280, stack(0x000000f2c2c00000,0x000000f2c2d00000)]
  0x000001fa7c72ef60 JavaThread "Unconstrained build operations Thread 56" [_thread_blocked, id=15148, stack(0x000000f2c2d00000,0x000000f2c2e00000)]
  0x000001fa7c727710 JavaThread "Unconstrained build operations Thread 57" [_thread_blocked, id=11148, stack(0x000000f2c2e00000,0x000000f2c2f00000)]
  0x000001fa7c72dc20 JavaThread "Unconstrained build operations Thread 58" [_thread_blocked, id=16504, stack(0x000000f2c2f00000,0x000000f2c3000000)]
  0x000001fa7c729d90 JavaThread "Unconstrained build operations Thread 59" [_thread_blocked, id=16968, stack(0x000000f2c3000000,0x000000f2c3100000)]
  0x000001fa7c727be0 JavaThread "Unconstrained build operations Thread 60" [_thread_blocked, id=16904, stack(0x000000f2c3100000,0x000000f2c3200000)]
  0x000001fa7c72a260 JavaThread "Unconstrained build operations Thread 61" [_thread_blocked, id=8996, stack(0x000000f2c3200000,0x000000f2c3300000)]
  0x000001fa7c728a50 JavaThread "Unconstrained build operations Thread 62" [_thread_blocked, id=17008, stack(0x000000f2c3300000,0x000000f2c3400000)]
  0x000001fa7c72d750 JavaThread "Unconstrained build operations Thread 63" [_thread_blocked, id=5720, stack(0x000000f2c3400000,0x000000f2c3500000)]
  0x000001fa7a17fcd0 JavaThread "Unconstrained build operations Thread 64" [_thread_blocked, id=17204, stack(0x000000f2c3500000,0x000000f2c3600000)]
  0x000001fa7a17f800 JavaThread "Unconstrained build operations Thread 65" [_thread_blocked, id=13512, stack(0x000000f2c3600000,0x000000f2c3700000)]
  0x000001fa7a185840 JavaThread "Unconstrained build operations Thread 66" [_thread_blocked, id=1844, stack(0x000000f2c3700000,0x000000f2c3800000)]
  0x000001fa7a180670 JavaThread "Unconstrained build operations Thread 67" [_thread_blocked, id=16680, stack(0x000000f2c3800000,0x000000f2c3900000)]
  0x000001fa7a180b40 JavaThread "Unconstrained build operations Thread 68" [_thread_blocked, id=18748, stack(0x000000f2c3900000,0x000000f2c3a00000)]
  0x000001fa7a183690 JavaThread "Unconstrained build operations Thread 69" [_thread_blocked, id=4188, stack(0x000000f2c3a00000,0x000000f2c3b00000)]
  0x000001fa7a1814e0 JavaThread "Unconstrained build operations Thread 70" [_thread_blocked, id=19988, stack(0x000000f2c3b00000,0x000000f2c3c00000)]
  0x000001fa7a17e990 JavaThread "Unconstrained build operations Thread 71" [_thread_blocked, id=14320, stack(0x000000f2c3c00000,0x000000f2c3d00000)]
  0x000001fa7a181010 JavaThread "Unconstrained build operations Thread 72" [_thread_blocked, id=13652, stack(0x000000f2c3d00000,0x000000f2c3e00000)]
  0x000001fa7a1819b0 JavaThread "Unconstrained build operations Thread 73" [_thread_blocked, id=2496, stack(0x000000f2c3e00000,0x000000f2c3f00000)]
  0x000001fa7a17dff0 JavaThread "Unconstrained build operations Thread 74" [_thread_blocked, id=6136, stack(0x000000f2c3f00000,0x000000f2c4000000)]
  0x000001fa7a1849d0 JavaThread "Unconstrained build operations Thread 75" [_thread_blocked, id=7344, stack(0x000000f2c4000000,0x000000f2c4100000)]
  0x000001fa7a183b60 JavaThread "Unconstrained build operations Thread 76" [_thread_blocked, id=12224, stack(0x000000f2c4100000,0x000000f2c4200000)]
  0x000001fa7a17e4c0 JavaThread "Unconstrained build operations Thread 77" [_thread_blocked, id=9240, stack(0x000000f2c4200000,0x000000f2c4300000)]
  0x000001fa7a17ee60 JavaThread "Unconstrained build operations Thread 78" [_thread_blocked, id=10796, stack(0x000000f2c4300000,0x000000f2c4400000)]
  0x000001fa7a182cf0 JavaThread "Unconstrained build operations Thread 79" [_thread_blocked, id=16984, stack(0x000000f2c4400000,0x000000f2c4500000)]
  0x000001fa7a17f330 JavaThread "Unconstrained build operations Thread 80" [_thread_blocked, id=16532, stack(0x000000f2c4500000,0x000000f2c4600000)]
  0x000001fa7a184ea0 JavaThread "jar transforms Thread 8" [_thread_blocked, id=16964, stack(0x000000f2c4600000,0x000000f2c4700000)]
  0x000001fa7a181e80 JavaThread "Memory manager" [_thread_blocked, id=9364, stack(0x000000f2c4800000,0x000000f2c4900000)]
  0x000001fa7a185370 JavaThread "Cache worker for kotlin-dsl (C:\Users\Abdullah\.gradle\caches\7.5\kotlin-dsl)" [_thread_blocked, id=14868, stack(0x000000f2c4900000,0x000000f2c4a00000)]
  0x000001fa7d440530 JavaThread "included builds" [_thread_blocked, id=8424, stack(0x000000f2c4a00000,0x000000f2c4b00000)]
  0x000001fa7d43f6c0 JavaThread "Execution worker" [_thread_blocked, id=17072, stack(0x000000f2c4b00000,0x000000f2c4c00000)]
  0x000001fa7d43e850 JavaThread "Execution worker Thread 2" [_thread_blocked, id=11812, stack(0x000000f2c4c00000,0x000000f2c4d00000)]
  0x000001fa7d43fb90 JavaThread "Execution worker Thread 3" [_thread_blocked, id=16396, stack(0x000000f2c4d00000,0x000000f2c4e00000)]
  0x000001fa7d4443c0 JavaThread "Execution worker Thread 4" [_thread_blocked, id=4220, stack(0x000000f2c4e00000,0x000000f2c4f00000)]
  0x000001fa7d444d60 JavaThread "Execution worker Thread 5" [_thread_blocked, id=4256, stack(0x000000f2c4f00000,0x000000f2c5000000)]
  0x000001fa7d445230 JavaThread "Execution worker Thread 6" [_thread_blocked, id=6804, stack(0x000000f2c5000000,0x000000f2c5100000)]
  0x000001fa7d43deb0 JavaThread "Execution worker Thread 7" [_thread_blocked, id=13136, stack(0x000000f2c5100000,0x000000f2c5200000)]
  0x000001fa7d440060 JavaThread "Cache worker for execution history cache (C:\Users\Abdullah\Desktop\frontend\android\.gradle\7.5\executionHistory)" [_thread_blocked, id=14484, stack(0x000000f2c5200000,0x000000f2c5300000)]
  0x000001fa7d443550 JavaThread "WorkerExecutor Queue" [_thread_blocked, id=9416, stack(0x000000f2c5300000,0x000000f2c5400000)]
  0x000001fa7d440a00 JavaThread "WorkerExecutor Queue Thread 2" [_thread_blocked, id=6752, stack(0x000000f2c5400000,0x000000f2c5500000)]
  0x000001fa7d443a20 JavaThread "WorkerExecutor Queue Thread 3" [_thread_blocked, id=14340, stack(0x000000f2c5500000,0x000000f2c5600000)]
  0x000001fa7d440ed0 JavaThread "WorkerExecutor Queue Thread 4" [_thread_blocked, id=7960, stack(0x000000f2c5600000,0x000000f2c5700000)]
  0x000001fa7d445700 JavaThread "WorkerExecutor Queue Thread 5" [_thread_blocked, id=7100, stack(0x000000f2c5700000,0x000000f2c5800000)]
  0x000001fa7d442bb0 JavaThread "WorkerExecutor Queue Thread 6" [_thread_blocked, id=16636, stack(0x000000f2c5800000,0x000000f2c5900000)]
  0x000001fa7d43e380 JavaThread "WorkerExecutor Queue Thread 7" [_thread_blocked, id=20200, stack(0x000000f2c5900000,0x000000f2c5a00000)]
  0x000001fa7d4413a0 JavaThread "WorkerExecutor Queue Thread 8" [_thread_blocked, id=14676, stack(0x000000f2c5a00000,0x000000f2c5b00000)]
  0x000001fa7d441d40 JavaThread "Exec process" [_thread_in_native, id=2988, stack(0x000000f2c5b00000,0x000000f2c5c00000)]
  0x000001fa7d442210 JavaThread "Exec process Thread 2" [_thread_in_native, id=13720, stack(0x000000f2c5c00000,0x000000f2c5d00000)]
  0x000001fa7d4426e0 JavaThread "Exec process Thread 3" [_thread_in_native, id=19944, stack(0x000000f2c5d00000,0x000000f2c5e00000)]

Other Threads:
  0x000001fa731b94d0 VMThread "VM Thread" [stack: 0x000000f2bc200000,0x000000f2bc300000] [id=3240]
  0x000001fa5a6e2d80 WatcherThread [stack: 0x000000f2bce00000,0x000000f2bcf00000] [id=1280]
  0x000001fa5a6b93c0 GCTaskThread "GC Thread#0" [stack: 0x000000f2bbd00000,0x000000f2bbe00000] [id=12508]
  0x000001fa78a6a740 GCTaskThread "GC Thread#1" [stack: 0x000000f2bd000000,0x000000f2bd100000] [id=13528]
  0x000001fa78a6a9f0 GCTaskThread "GC Thread#2" [stack: 0x000000f2bd100000,0x000000f2bd200000] [id=17896]
  0x000001fa78a6aca0 GCTaskThread "GC Thread#3" [stack: 0x000000f2bd200000,0x000000f2bd300000] [id=17692]
  0x000001fa78a6af50 GCTaskThread "GC Thread#4" [stack: 0x000000f2bd300000,0x000000f2bd400000] [id=15288]
  0x000001fa78a6b200 GCTaskThread "GC Thread#5" [stack: 0x000000f2bd400000,0x000000f2bd500000] [id=19972]
  0x000001fa79e8f070 GCTaskThread "GC Thread#6" [stack: 0x000000f2be100000,0x000000f2be200000] [id=16080]
  0x000001fa7901d060 GCTaskThread "GC Thread#7" [stack: 0x000000f2be200000,0x000000f2be300000] [id=9184]
  0x000001fa5a6c61a0 ConcurrentGCThread "G1 Main Marker" [stack: 0x000000f2bbe00000,0x000000f2bbf00000] [id=7384]
  0x000001fa5a6c6a50 ConcurrentGCThread "G1 Conc#0" [stack: 0x000000f2bbf00000,0x000000f2bc000000] [id=6580]
  0x000001fa7a108070 ConcurrentGCThread "G1 Conc#1" [stack: 0x000000f2be300000,0x000000f2be400000] [id=18932]
  0x000001fa5a72dd00 ConcurrentGCThread "G1 Refine#0" [stack: 0x000000f2bc000000,0x000000f2bc100000] [id=18120]
  0x000001fa7ba5c680 ConcurrentGCThread "G1 Refine#1" [stack: 0x000000f2c4700000,0x000000f2c4800000] [id=9396]
  0x000001fa5a72e5c0 ConcurrentGCThread "G1 Service" [stack: 0x000000f2bc100000,0x000000f2bc200000] [id=18412]

Threads with active compile tasks:
C2 CompilerThread0    42189 12960   !   4       java.util.concurrent.locks.AbstractQueuedSynchronizer::acquire (407 bytes)

VM state: not at safepoint (normal execution)

VM Mutex/Monitor currently owned by a thread: None

Heap address: 0x00000000a0000000, size: 1536 MB, Compressed Oops mode: 32-bit

CDS archive(s) not mapped
Compressed class space mapped at: 0x0000000100000000-0x0000000140000000, reserved size: 1073741824
Narrow klass base: 0x0000000000000000, Narrow klass shift: 3, Narrow klass range: 0x140000000

GC Precious Log:
 CPUs: 8 total, 8 available
 Memory: 16198M
 Large Page Support: Disabled
 NUMA Support: Disabled
 Compressed Oops: Enabled (32-bit)
 Heap Region Size: 1M
 Heap Min Capacity: 8M
 Heap Initial Capacity: 254M
 Heap Max Capacity: 1536M
 Pre-touch: Disabled
 Parallel Workers: 8
 Concurrent Workers: 2
 Concurrent Refinement Workers: 8
 Periodic GC: Disabled

Heap:
 garbage-first heap   total 263168K, used 189491K [0x00000000a0000000, 0x0000000100000000)
  region size 1024K, 82 young (83968K), 2 survivors (2048K)
 Metaspace       used 109728K, committed 110592K, reserved 1179648K
  class space    used 14919K, committed 15296K, reserved 1048576K

Heap Regions: E=young(eden), S=young(survivor), O=old, HS=humongous(starts), HC=humongous(continues), CS=collection set, F=free, OA=open archive, CA=closed archive, TAMS=top-at-mark-start (previous, next)
|   0|0x00000000a0000000, 0x00000000a0100000, 0x00000000a0100000|100%| O|  |TAMS 0x00000000a0100000, 0x00000000a0000000| Untracked 
|   1|0x00000000a0100000, 0x00000000a0200000, 0x00000000a0200000|100%| O|  |TAMS 0x00000000a0200000, 0x00000000a0100000| Untracked 
|   2|0x00000000a0200000, 0x00000000a0300000, 0x00000000a0300000|100%| O|  |TAMS 0x00000000a0300000, 0x00000000a0200000| Untracked 
|   3|0x00000000a0300000, 0x00000000a0400000, 0x00000000a0400000|100%|HS|  |TAMS 0x00000000a0400000, 0x00000000a0300000| Complete 
|   4|0x00000000a0400000, 0x00000000a0500000, 0x00000000a0500000|100%|HC|  |TAMS 0x00000000a0500000, 0x00000000a0400000| Complete 
|   5|0x00000000a0500000, 0x00000000a0600000, 0x00000000a0600000|100%|HC|  |TAMS 0x00000000a0600000, 0x00000000a0500000| Complete 
|   6|0x00000000a0600000, 0x00000000a0700000, 0x00000000a0700000|100%| O|  |TAMS 0x00000000a0700000, 0x00000000a0600000| Untracked 
|   7|0x00000000a0700000, 0x00000000a0800000, 0x00000000a0800000|100%| O|  |TAMS 0x00000000a0800000, 0x00000000a0700000| Untracked 
|   8|0x00000000a0800000, 0x00000000a0900000, 0x00000000a0900000|100%| O|  |TAMS 0x00000000a0900000, 0x00000000a0800000| Untracked 
|   9|0x00000000a0900000, 0x00000000a0a00000, 0x00000000a0a00000|100%| O|  |TAMS 0x00000000a0a00000, 0x00000000a0900000| Untracked 
|  10|0x00000000a0a00000, 0x00000000a0b00000, 0x00000000a0b00000|100%| O|  |TAMS 0x00000000a0b00000, 0x00000000a0a00000| Untracked 
|  11|0x00000000a0b00000, 0x00000000a0c00000, 0x00000000a0c00000|100%| O|  |TAMS 0x00000000a0c00000, 0x00000000a0b00000| Untracked 
|  12|0x00000000a0c00000, 0x00000000a0d00000, 0x00000000a0d00000|100%| O|  |TAMS 0x00000000a0d00000, 0x00000000a0c00000| Untracked 
|  13|0x00000000a0d00000, 0x00000000a0e00000, 0x00000000a0e00000|100%| O|  |TAMS 0x00000000a0e00000, 0x00000000a0d00000| Untracked 
|  14|0x00000000a0e00000, 0x00000000a0f00000, 0x00000000a0f00000|100%| O|  |TAMS 0x00000000a0f00000, 0x00000000a0e00000| Untracked 
|  15|0x00000000a0f00000, 0x00000000a1000000, 0x00000000a1000000|100%| O|  |TAMS 0x00000000a1000000, 0x00000000a0f00000| Untracked 
|  16|0x00000000a1000000, 0x00000000a1100000, 0x00000000a1100000|100%| O|  |TAMS 0x00000000a1100000, 0x00000000a1000000| Untracked 
|  17|0x00000000a1100000, 0x00000000a1200000, 0x00000000a1200000|100%| O|  |TAMS 0x00000000a1200000, 0x00000000a1100000| Untracked 
|  18|0x00000000a1200000, 0x00000000a1300000, 0x00000000a1300000|100%| O|  |TAMS 0x00000000a1300000, 0x00000000a1200000| Untracked 
|  19|0x00000000a1300000, 0x00000000a1400000, 0x00000000a1400000|100%| O|  |TAMS 0x00000000a1400000, 0x00000000a1300000| Untracked 
|  20|0x00000000a1400000, 0x00000000a1500000, 0x00000000a1500000|100%| O|  |TAMS 0x00000000a1500000, 0x00000000a1400000| Untracked 
|  21|0x00000000a1500000, 0x00000000a1600000, 0x00000000a1600000|100%| O|  |TAMS 0x00000000a1600000, 0x00000000a1500000| Untracked 
|  22|0x00000000a1600000, 0x00000000a1700000, 0x00000000a1700000|100%| O|  |TAMS 0x00000000a1700000, 0x00000000a1600000| Untracked 
|  23|0x00000000a1700000, 0x00000000a1800000, 0x00000000a1800000|100%| O|  |TAMS 0x00000000a1800000, 0x00000000a1700000| Untracked 
|  24|0x00000000a1800000, 0x00000000a1900000, 0x00000000a1900000|100%| O|  |TAMS 0x00000000a1900000, 0x00000000a1800000| Untracked 
|  25|0x00000000a1900000, 0x00000000a1a00000, 0x00000000a1a00000|100%|HS|  |TAMS 0x00000000a1a00000, 0x00000000a1900000| Complete 
|  26|0x00000000a1a00000, 0x00000000a1b00000, 0x00000000a1b00000|100%| O|  |TAMS 0x00000000a1b00000, 0x00000000a1a00000| Untracked 
|  27|0x00000000a1b00000, 0x00000000a1c00000, 0x00000000a1c00000|100%| O|  |TAMS 0x00000000a1c00000, 0x00000000a1b00000| Untracked 
|  28|0x00000000a1c00000, 0x00000000a1d00000, 0x00000000a1d00000|100%|HS|  |TAMS 0x00000000a1d00000, 0x00000000a1c00000| Complete 
|  29|0x00000000a1d00000, 0x00000000a1e00000, 0x00000000a1e00000|100%|HS|  |TAMS 0x00000000a1e00000, 0x00000000a1d00000| Complete 
|  30|0x00000000a1e00000, 0x00000000a1f00000, 0x00000000a1f00000|100%| O|  |TAMS 0x00000000a1f00000, 0x00000000a1e00000| Untracked 
|  31|0x00000000a1f00000, 0x00000000a2000000, 0x00000000a2000000|100%| O|  |TAMS 0x00000000a2000000, 0x00000000a1f00000| Untracked 
|  32|0x00000000a2000000, 0x00000000a2100000, 0x00000000a2100000|100%| O|  |TAMS 0x00000000a2100000, 0x00000000a2000000| Untracked 
|  33|0x00000000a2100000, 0x00000000a2200000, 0x00000000a2200000|100%| O|  |TAMS 0x00000000a2200000, 0x00000000a2100000| Untracked 
|  34|0x00000000a2200000, 0x00000000a2300000, 0x00000000a2300000|100%|HS|  |TAMS 0x00000000a2300000, 0x00000000a2200000| Complete 
|  35|0x00000000a2300000, 0x00000000a2400000, 0x00000000a2400000|100%|HC|  |TAMS 0x00000000a2400000, 0x00000000a2300000| Complete 
|  36|0x00000000a2400000, 0x00000000a2500000, 0x00000000a2500000|100%|HC|  |TAMS 0x00000000a2500000, 0x00000000a2400000| Complete 
|  37|0x00000000a2500000, 0x00000000a2600000, 0x00000000a2600000|100%|HC|  |TAMS 0x00000000a2600000, 0x00000000a2500000| Complete 
|  38|0x00000000a2600000, 0x00000000a2700000, 0x00000000a2700000|100%|HS|  |TAMS 0x00000000a2700000, 0x00000000a2600000| Complete 
|  39|0x00000000a2700000, 0x00000000a2800000, 0x00000000a2800000|100%|HC|  |TAMS 0x00000000a2800000, 0x00000000a2700000| Complete 
|  40|0x00000000a2800000, 0x00000000a2900000, 0x00000000a2900000|100%| O|  |TAMS 0x00000000a2900000, 0x00000000a2800000| Untracked 
|  41|0x00000000a2900000, 0x00000000a2a00000, 0x00000000a2a00000|100%| O|  |TAMS 0x00000000a2a00000, 0x00000000a2900000| Untracked 
|  42|0x00000000a2a00000, 0x00000000a2b00000, 0x00000000a2b00000|100%| O|  |TAMS 0x00000000a2b00000, 0x00000000a2a00000| Untracked 
|  43|0x00000000a2b00000, 0x00000000a2c00000, 0x00000000a2c00000|100%| O|  |TAMS 0x00000000a2c00000, 0x00000000a2b00000| Untracked 
|  44|0x00000000a2c00000, 0x00000000a2d00000, 0x00000000a2d00000|100%| O|  |TAMS 0x00000000a2d00000, 0x00000000a2c00000| Untracked 
|  45|0x00000000a2d00000, 0x00000000a2e00000, 0x00000000a2e00000|100%| O|  |TAMS 0x00000000a2e00000, 0x00000000a2d00000| Untracked 
|  46|0x00000000a2e00000, 0x00000000a2f00000, 0x00000000a2f00000|100%| O|  |TAMS 0x00000000a2f00000, 0x00000000a2e00000| Untracked 
|  47|0x00000000a2f00000, 0x00000000a3000000, 0x00000000a3000000|100%| O|  |TAMS 0x00000000a3000000, 0x00000000a2f00000| Untracked 
|  48|0x00000000a3000000, 0x00000000a3100000, 0x00000000a3100000|100%| O|  |TAMS 0x00000000a3100000, 0x00000000a3000000| Untracked 
|  49|0x00000000a3100000, 0x00000000a3200000, 0x00000000a3200000|100%| O|  |TAMS 0x00000000a3200000, 0x00000000a3100000| Untracked 
|  50|0x00000000a3200000, 0x00000000a3300000, 0x00000000a3300000|100%| O|  |TAMS 0x00000000a3300000, 0x00000000a3200000| Untracked 
|  51|0x00000000a3300000, 0x00000000a3400000, 0x00000000a3400000|100%| O|  |TAMS 0x00000000a3400000, 0x00000000a3300000| Untracked 
|  52|0x00000000a3400000, 0x00000000a3500000, 0x00000000a3500000|100%| O|  |TAMS 0x00000000a3500000, 0x00000000a3400000| Untracked 
|  53|0x00000000a3500000, 0x00000000a3600000, 0x00000000a3600000|100%| O|  |TAMS 0x00000000a3600000, 0x00000000a3500000| Untracked 
|  54|0x00000000a3600000, 0x00000000a3700000, 0x00000000a3700000|100%| O|  |TAMS 0x00000000a3700000, 0x00000000a3600000| Untracked 
|  55|0x00000000a3700000, 0x00000000a3800000, 0x00000000a3800000|100%| O|  |TAMS 0x00000000a3800000, 0x00000000a3700000| Untracked 
|  56|0x00000000a3800000, 0x00000000a3900000, 0x00000000a3900000|100%| O|  |TAMS 0x00000000a3900000, 0x00000000a3800000| Untracked 
|  57|0x00000000a3900000, 0x00000000a3a00000, 0x00000000a3a00000|100%| O|  |TAMS 0x00000000a3a00000, 0x00000000a3900000| Untracked 
|  58|0x00000000a3a00000, 0x00000000a3b00000, 0x00000000a3b00000|100%|HS|  |TAMS 0x00000000a3b00000, 0x00000000a3a00000| Complete 
|  59|0x00000000a3b00000, 0x00000000a3c00000, 0x00000000a3c00000|100%|HS|  |TAMS 0x00000000a3c00000, 0x00000000a3b00000| Complete 
|  60|0x00000000a3c00000, 0x00000000a3d00000, 0x00000000a3d00000|100%| O|  |TAMS 0x00000000a3d00000, 0x00000000a3c00000| Untracked 
|  61|0x00000000a3d00000, 0x00000000a3e00000, 0x00000000a3e00000|100%| O|  |TAMS 0x00000000a3e00000, 0x00000000a3d00000| Untracked 
|  62|0x00000000a3e00000, 0x00000000a3f00000, 0x00000000a3f00000|100%| O|  |TAMS 0x00000000a3f00000, 0x00000000a3e00000| Untracked 
|  63|0x00000000a3f00000, 0x00000000a4000000, 0x00000000a4000000|100%| O|  |TAMS 0x00000000a4000000, 0x00000000a3f00000| Untracked 
|  64|0x00000000a4000000, 0x00000000a4100000, 0x00000000a4100000|100%| O|  |TAMS 0x00000000a4100000, 0x00000000a4000000| Untracked 
|  65|0x00000000a4100000, 0x00000000a4200000, 0x00000000a4200000|100%| O|  |TAMS 0x00000000a4200000, 0x00000000a4100000| Untracked 
|  66|0x00000000a4200000, 0x00000000a4300000, 0x00000000a4300000|100%| O|  |TAMS 0x00000000a4300000, 0x00000000a4200000| Untracked 
|  67|0x00000000a4300000, 0x00000000a4400000, 0x00000000a4400000|100%| O|  |TAMS 0x00000000a4400000, 0x00000000a4300000| Untracked 
|  68|0x00000000a4400000, 0x00000000a4500000, 0x00000000a4500000|100%| O|  |TAMS 0x00000000a4500000, 0x00000000a4400000| Untracked 
|  69|0x00000000a4500000, 0x00000000a4600000, 0x00000000a4600000|100%| O|  |TAMS 0x00000000a4600000, 0x00000000a4500000| Untracked 
|  70|0x00000000a4600000, 0x00000000a4700000, 0x00000000a4700000|100%| O|  |TAMS 0x00000000a4700000, 0x00000000a4600000| Untracked 
|  71|0x00000000a4700000, 0x00000000a4800000, 0x00000000a4800000|100%| O|  |TAMS 0x00000000a4800000, 0x00000000a4700000| Untracked 
|  72|0x00000000a4800000, 0x00000000a4900000, 0x00000000a4900000|100%| O|  |TAMS 0x00000000a4900000, 0x00000000a4800000| Untracked 
|  73|0x00000000a4900000, 0x00000000a4a00000, 0x00000000a4a00000|100%| O|  |TAMS 0x00000000a4a00000, 0x00000000a4900000| Untracked 
|  74|0x00000000a4a00000, 0x00000000a4b00000, 0x00000000a4b00000|100%| O|  |TAMS 0x00000000a4b00000, 0x00000000a4a00000| Untracked 
|  75|0x00000000a4b00000, 0x00000000a4c00000, 0x00000000a4c00000|100%| O|  |TAMS 0x00000000a4c00000, 0x00000000a4b00000| Untracked 
|  76|0x00000000a4c00000, 0x00000000a4d00000, 0x00000000a4d00000|100%| O|  |TAMS 0x00000000a4d00000, 0x00000000a4c00000| Untracked 
|  77|0x00000000a4d00000, 0x00000000a4e00000, 0x00000000a4e00000|100%| O|  |TAMS 0x00000000a4e00000, 0x00000000a4d00000| Untracked 
|  78|0x00000000a4e00000, 0x00000000a4f00000, 0x00000000a4f00000|100%| O|  |TAMS 0x00000000a4f00000, 0x00000000a4e00000| Untracked 
|  79|0x00000000a4f00000, 0x00000000a5000000, 0x00000000a5000000|100%|HS|  |TAMS 0x00000000a5000000, 0x00000000a4f00000| Complete 
|  80|0x00000000a5000000, 0x00000000a5100000, 0x00000000a5100000|100%| O|  |TAMS 0x00000000a5100000, 0x00000000a5000000| Untracked 
|  81|0x00000000a5100000, 0x00000000a5200000, 0x00000000a5200000|100%| O|  |TAMS 0x00000000a5200000, 0x00000000a5100000| Untracked 
|  82|0x00000000a5200000, 0x00000000a5300000, 0x00000000a5300000|100%| O|  |TAMS 0x00000000a5300000, 0x00000000a5200000| Untracked 
|  83|0x00000000a5300000, 0x00000000a5400000, 0x00000000a5400000|100%| O|  |TAMS 0x00000000a5400000, 0x00000000a5300000| Untracked 
|  84|0x00000000a5400000, 0x00000000a5500000, 0x00000000a5500000|100%| O|  |TAMS 0x00000000a5400000, 0x00000000a5400000| Untracked 
|  85|0x00000000a5500000, 0x00000000a5600000, 0x00000000a5600000|100%| O|  |TAMS 0x00000000a5600000, 0x00000000a5500000| Untracked 
|  86|0x00000000a5600000, 0x00000000a5700000, 0x00000000a5700000|100%| O|  |TAMS 0x00000000a5700000, 0x00000000a5600000| Untracked 
|  87|0x00000000a5700000, 0x00000000a5800000, 0x00000000a5800000|100%| O|  |TAMS 0x00000000a5800000, 0x00000000a5700000| Untracked 
|  88|0x00000000a5800000, 0x00000000a5900000, 0x00000000a5900000|100%| O|  |TAMS 0x00000000a5900000, 0x00000000a5800000| Untracked 
|  89|0x00000000a5900000, 0x00000000a5a00000, 0x00000000a5a00000|100%| O|  |TAMS 0x00000000a5a00000, 0x00000000a5900000| Untracked 
|  90|0x00000000a5a00000, 0x00000000a5b00000, 0x00000000a5b00000|100%| O|  |TAMS 0x00000000a5b00000, 0x00000000a5a00000| Untracked 
|  91|0x00000000a5b00000, 0x00000000a5c00000, 0x00000000a5c00000|100%| O|  |TAMS 0x00000000a5c00000, 0x00000000a5b00000| Untracked 
|  92|0x00000000a5c00000, 0x00000000a5c00000, 0x00000000a5d00000|  0%| F|  |TAMS 0x00000000a5c00000, 0x00000000a5c00000| Untracked 
|  93|0x00000000a5d00000, 0x00000000a5e00000, 0x00000000a5e00000|100%| O|  |TAMS 0x00000000a5e00000, 0x00000000a5d00000| Untracked 
|  94|0x00000000a5e00000, 0x00000000a5f00000, 0x00000000a5f00000|100%| O|  |TAMS 0x00000000a5f00000, 0x00000000a5e00000| Untracked 
|  95|0x00000000a5f00000, 0x00000000a6000000, 0x00000000a6000000|100%| O|  |TAMS 0x00000000a6000000, 0x00000000a5f00000| Untracked 
|  96|0x00000000a6000000, 0x00000000a6100000, 0x00000000a6100000|100%| O|  |TAMS 0x00000000a6100000, 0x00000000a6000000| Untracked 
|  97|0x00000000a6100000, 0x00000000a6200000, 0x00000000a6200000|100%| O|  |TAMS 0x00000000a61afa00, 0x00000000a6100000| Untracked 
|  98|0x00000000a6200000, 0x00000000a6300000, 0x00000000a6300000|100%| O|  |TAMS 0x00000000a6200000, 0x00000000a6200000| Untracked 
|  99|0x00000000a6300000, 0x00000000a6400000, 0x00000000a6400000|100%| O|  |TAMS 0x00000000a6300000, 0x00000000a6300000| Untracked 
| 100|0x00000000a6400000, 0x00000000a6500000, 0x00000000a6500000|100%| O|  |TAMS 0x00000000a6400000, 0x00000000a6400000| Untracked 
| 101|0x00000000a6500000, 0x00000000a6600000, 0x00000000a6600000|100%| O|  |TAMS 0x00000000a6500000, 0x00000000a6500000| Untracked 
| 102|0x00000000a6600000, 0x00000000a6700000, 0x00000000a6700000|100%| O|  |TAMS 0x00000000a6600000, 0x00000000a6600000| Untracked 
| 103|0x00000000a6700000, 0x00000000a6800000, 0x00000000a6800000|100%| O|  |TAMS 0x00000000a6700000, 0x00000000a6700000| Untracked 
| 104|0x00000000a6800000, 0x00000000a6900000, 0x00000000a6900000|100%| O|  |TAMS 0x00000000a6800000, 0x00000000a6800000| Untracked 
| 105|0x00000000a6900000, 0x00000000a6a00000, 0x00000000a6a00000|100%| O|  |TAMS 0x00000000a6900000, 0x00000000a6900000| Untracked 
| 106|0x00000000a6a00000, 0x00000000a6add400, 0x00000000a6b00000| 86%| O|  |TAMS 0x00000000a6a00000, 0x00000000a6a00000| Untracked 
| 107|0x00000000a6b00000, 0x00000000a6b00000, 0x00000000a6c00000|  0%| F|  |TAMS 0x00000000a6b00000, 0x00000000a6b00000| Untracked 
| 108|0x00000000a6c00000, 0x00000000a6c00000, 0x00000000a6d00000|  0%| F|  |TAMS 0x00000000a6c00000, 0x00000000a6c00000| Untracked 
| 109|0x00000000a6d00000, 0x00000000a6d00000, 0x00000000a6e00000|  0%| F|  |TAMS 0x00000000a6d00000, 0x00000000a6d00000| Untracked 
| 110|0x00000000a6e00000, 0x00000000a6e00000, 0x00000000a6f00000|  0%| F|  |TAMS 0x00000000a6e00000, 0x00000000a6e00000| Untracked 
| 111|0x00000000a6f00000, 0x00000000a6f00000, 0x00000000a7000000|  0%| F|  |TAMS 0x00000000a6f00000, 0x00000000a6f00000| Untracked 
| 112|0x00000000a7000000, 0x00000000a7000000, 0x00000000a7100000|  0%| F|  |TAMS 0x00000000a7000000, 0x00000000a7000000| Untracked 
| 113|0x00000000a7100000, 0x00000000a7100000, 0x00000000a7200000|  0%| F|  |TAMS 0x00000000a7100000, 0x00000000a7100000| Untracked 
| 114|0x00000000a7200000, 0x00000000a7200000, 0x00000000a7300000|  0%| F|  |TAMS 0x00000000a7200000, 0x00000000a7200000| Untracked 
| 115|0x00000000a7300000, 0x00000000a7300000, 0x00000000a7400000|  0%| F|  |TAMS 0x00000000a7300000, 0x00000000a7300000| Untracked 
| 116|0x00000000a7400000, 0x00000000a7400000, 0x00000000a7500000|  0%| F|  |TAMS 0x00000000a7400000, 0x00000000a7400000| Untracked 
| 117|0x00000000a7500000, 0x00000000a7500000, 0x00000000a7600000|  0%| F|  |TAMS 0x00000000a7500000, 0x00000000a7500000| Untracked 
| 118|0x00000000a7600000, 0x00000000a7600000, 0x00000000a7700000|  0%| F|  |TAMS 0x00000000a7600000, 0x00000000a7600000| Untracked 
| 119|0x00000000a7700000, 0x00000000a7700000, 0x00000000a7800000|  0%| F|  |TAMS 0x00000000a7700000, 0x00000000a7700000| Untracked 
| 120|0x00000000a7800000, 0x00000000a7800000, 0x00000000a7900000|  0%| F|  |TAMS 0x00000000a7800000, 0x00000000a7800000| Untracked 
| 121|0x00000000a7900000, 0x00000000a7900000, 0x00000000a7a00000|  0%| F|  |TAMS 0x00000000a7900000, 0x00000000a7900000| Untracked 
| 122|0x00000000a7a00000, 0x00000000a7a00000, 0x00000000a7b00000|  0%| F|  |TAMS 0x00000000a7a00000, 0x00000000a7a00000| Untracked 
| 123|0x00000000a7b00000, 0x00000000a7b00000, 0x00000000a7c00000|  0%| F|  |TAMS 0x00000000a7b00000, 0x00000000a7b00000| Untracked 
| 124|0x00000000a7c00000, 0x00000000a7c00000, 0x00000000a7d00000|  0%| F|  |TAMS 0x00000000a7c00000, 0x00000000a7c00000| Untracked 
| 125|0x00000000a7d00000, 0x00000000a7d00000, 0x00000000a7e00000|  0%| F|  |TAMS 0x00000000a7d00000, 0x00000000a7d00000| Untracked 
| 126|0x00000000a7e00000, 0x00000000a7e00000, 0x00000000a7f00000|  0%| F|  |TAMS 0x00000000a7e00000, 0x00000000a7e00000| Untracked 
| 127|0x00000000a7f00000, 0x00000000a7f00000, 0x00000000a8000000|  0%| F|  |TAMS 0x00000000a7f00000, 0x00000000a7f00000| Untracked 
| 128|0x00000000a8000000, 0x00000000a8000000, 0x00000000a8100000|  0%| F|  |TAMS 0x00000000a8000000, 0x00000000a8000000| Untracked 
| 129|0x00000000a8100000, 0x00000000a8100000, 0x00000000a8200000|  0%| F|  |TAMS 0x00000000a8100000, 0x00000000a8100000| Untracked 
| 130|0x00000000a8200000, 0x00000000a8200000, 0x00000000a8300000|  0%| F|  |TAMS 0x00000000a8200000, 0x00000000a8200000| Untracked 
| 131|0x00000000a8300000, 0x00000000a8300000, 0x00000000a8400000|  0%| F|  |TAMS 0x00000000a8300000, 0x00000000a8300000| Untracked 
| 132|0x00000000a8400000, 0x00000000a8400000, 0x00000000a8500000|  0%| F|  |TAMS 0x00000000a8400000, 0x00000000a8400000| Untracked 
| 133|0x00000000a8500000, 0x00000000a8500000, 0x00000000a8600000|  0%| F|  |TAMS 0x00000000a8500000, 0x00000000a8500000| Untracked 
| 134|0x00000000a8600000, 0x00000000a8600000, 0x00000000a8700000|  0%| F|  |TAMS 0x00000000a8600000, 0x00000000a8600000| Untracked 
| 135|0x00000000a8700000, 0x00000000a8700000, 0x00000000a8800000|  0%| F|  |TAMS 0x00000000a8700000, 0x00000000a8700000| Untracked 
| 136|0x00000000a8800000, 0x00000000a8800000, 0x00000000a8900000|  0%| F|  |TAMS 0x00000000a8800000, 0x00000000a8800000| Untracked 
| 137|0x00000000a8900000, 0x00000000a8900000, 0x00000000a8a00000|  0%| F|  |TAMS 0x00000000a8900000, 0x00000000a8900000| Untracked 
| 138|0x00000000a8a00000, 0x00000000a8a00000, 0x00000000a8b00000|  0%| F|  |TAMS 0x00000000a8a00000, 0x00000000a8a00000| Untracked 
| 139|0x00000000a8b00000, 0x00000000a8b00000, 0x00000000a8c00000|  0%| F|  |TAMS 0x00000000a8b00000, 0x00000000a8b00000| Untracked 
| 140|0x00000000a8c00000, 0x00000000a8c00000, 0x00000000a8d00000|  0%| F|  |TAMS 0x00000000a8c00000, 0x00000000a8c00000| Untracked 
| 141|0x00000000a8d00000, 0x00000000a8d00000, 0x00000000a8e00000|  0%| F|  |TAMS 0x00000000a8d00000, 0x00000000a8d00000| Untracked 
| 142|0x00000000a8e00000, 0x00000000a8e00000, 0x00000000a8f00000|  0%| F|  |TAMS 0x00000000a8e00000, 0x00000000a8e00000| Untracked 
| 143|0x00000000a8f00000, 0x00000000a8f00000, 0x00000000a9000000|  0%| F|  |TAMS 0x00000000a8f00000, 0x00000000a8f00000| Untracked 
| 144|0x00000000a9000000, 0x00000000a9000000, 0x00000000a9100000|  0%| F|  |TAMS 0x00000000a9000000, 0x00000000a9000000| Untracked 
| 145|0x00000000a9100000, 0x00000000a9100000, 0x00000000a9200000|  0%| F|  |TAMS 0x00000000a9100000, 0x00000000a9100000| Untracked 
| 146|0x00000000a9200000, 0x00000000a9200000, 0x00000000a9300000|  0%| F|  |TAMS 0x00000000a9200000, 0x00000000a9200000| Untracked 
| 147|0x00000000a9300000, 0x00000000a9300000, 0x00000000a9400000|  0%| F|  |TAMS 0x00000000a9300000, 0x00000000a9300000| Untracked 
| 148|0x00000000a9400000, 0x00000000a9400000, 0x00000000a9500000|  0%| F|  |TAMS 0x00000000a9400000, 0x00000000a9400000| Untracked 
| 149|0x00000000a9500000, 0x00000000a9500000, 0x00000000a9600000|  0%| F|  |TAMS 0x00000000a9500000, 0x00000000a9500000| Untracked 
| 150|0x00000000a9600000, 0x00000000a9600000, 0x00000000a9700000|  0%| F|  |TAMS 0x00000000a9600000, 0x00000000a9600000| Untracked 
| 151|0x00000000a9700000, 0x00000000a9700000, 0x00000000a9800000|  0%| F|  |TAMS 0x00000000a9700000, 0x00000000a9700000| Untracked 
| 152|0x00000000a9800000, 0x00000000a9800000, 0x00000000a9900000|  0%| F|  |TAMS 0x00000000a9800000, 0x00000000a9800000| Untracked 
| 153|0x00000000a9900000, 0x00000000a9900000, 0x00000000a9a00000|  0%| F|  |TAMS 0x00000000a9900000, 0x00000000a9900000| Untracked 
| 154|0x00000000a9a00000, 0x00000000a9a00000, 0x00000000a9b00000|  0%| F|  |TAMS 0x00000000a9a00000, 0x00000000a9a00000| Untracked 
| 155|0x00000000a9b00000, 0x00000000a9b00000, 0x00000000a9c00000|  0%| F|  |TAMS 0x00000000a9b00000, 0x00000000a9b00000| Untracked 
| 156|0x00000000a9c00000, 0x00000000a9c00000, 0x00000000a9d00000|  0%| F|  |TAMS 0x00000000a9c00000, 0x00000000a9c00000| Untracked 
| 157|0x00000000a9d00000, 0x00000000a9d00000, 0x00000000a9e00000|  0%| F|  |TAMS 0x00000000a9d00000, 0x00000000a9d00000| Untracked 
| 158|0x00000000a9e00000, 0x00000000a9e00000, 0x00000000a9f00000|  0%| F|  |TAMS 0x00000000a9e00000, 0x00000000a9e00000| Untracked 
| 159|0x00000000a9f00000, 0x00000000a9f00000, 0x00000000aa000000|  0%| F|  |TAMS 0x00000000a9f00000, 0x00000000a9f00000| Untracked 
| 160|0x00000000aa000000, 0x00000000aa000000, 0x00000000aa100000|  0%| F|  |TAMS 0x00000000aa000000, 0x00000000aa000000| Untracked 
| 161|0x00000000aa100000, 0x00000000aa100000, 0x00000000aa200000|  0%| F|  |TAMS 0x00000000aa100000, 0x00000000aa100000| Untracked 
| 162|0x00000000aa200000, 0x00000000aa200000, 0x00000000aa300000|  0%| F|  |TAMS 0x00000000aa200000, 0x00000000aa200000| Untracked 
| 163|0x00000000aa300000, 0x00000000aa300000, 0x00000000aa400000|  0%| F|  |TAMS 0x00000000aa300000, 0x00000000aa300000| Untracked 
| 164|0x00000000aa400000, 0x00000000aa400000, 0x00000000aa500000|  0%| F|  |TAMS 0x00000000aa400000, 0x00000000aa400000| Untracked 
| 165|0x00000000aa500000, 0x00000000aa500000, 0x00000000aa600000|  0%| F|  |TAMS 0x00000000aa500000, 0x00000000aa500000| Untracked 
| 166|0x00000000aa600000, 0x00000000aa600000, 0x00000000aa700000|  0%| F|  |TAMS 0x00000000aa600000, 0x00000000aa600000| Untracked 
| 167|0x00000000aa700000, 0x00000000aa700000, 0x00000000aa800000|  0%| F|  |TAMS 0x00000000aa700000, 0x00000000aa700000| Untracked 
| 168|0x00000000aa800000, 0x00000000aa800000, 0x00000000aa900000|  0%| F|  |TAMS 0x00000000aa800000, 0x00000000aa800000| Untracked 
| 169|0x00000000aa900000, 0x00000000aa900000, 0x00000000aaa00000|  0%| F|  |TAMS 0x00000000aa900000, 0x00000000aa900000| Untracked 
| 170|0x00000000aaa00000, 0x00000000aaa00000, 0x00000000aab00000|  0%| F|  |TAMS 0x00000000aaa00000, 0x00000000aaa00000| Untracked 
| 171|0x00000000aab00000, 0x00000000aab00000, 0x00000000aac00000|  0%| F|  |TAMS 0x00000000aab00000, 0x00000000aab00000| Untracked 
| 172|0x00000000aac00000, 0x00000000aac00000, 0x00000000aad00000|  0%| F|  |TAMS 0x00000000aac00000, 0x00000000aac00000| Untracked 
| 173|0x00000000aad00000, 0x00000000aad00000, 0x00000000aae00000|  0%| F|  |TAMS 0x00000000aad00000, 0x00000000aad00000| Untracked 
| 174|0x00000000aae00000, 0x00000000aae00000, 0x00000000aaf00000|  0%| F|  |TAMS 0x00000000aae00000, 0x00000000aae00000| Untracked 
| 175|0x00000000aaf00000, 0x00000000aaf79118, 0x00000000ab000000| 47%| E|  |TAMS 0x00000000aaf00000, 0x00000000aaf00000| Complete 
| 176|0x00000000ab000000, 0x00000000ab100000, 0x00000000ab100000|100%| E|CS|TAMS 0x00000000ab000000, 0x00000000ab000000| Complete 
| 177|0x00000000ab100000, 0x00000000ab200000, 0x00000000ab200000|100%| E|CS|TAMS 0x00000000ab100000, 0x00000000ab100000| Complete 
| 178|0x00000000ab200000, 0x00000000ab300000, 0x00000000ab300000|100%| E|CS|TAMS 0x00000000ab200000, 0x00000000ab200000| Complete 
| 179|0x00000000ab300000, 0x00000000ab400000, 0x00000000ab400000|100%| E|CS|TAMS 0x00000000ab300000, 0x00000000ab300000| Complete 
| 180|0x00000000ab400000, 0x00000000ab500000, 0x00000000ab500000|100%| E|CS|TAMS 0x00000000ab400000, 0x00000000ab400000| Complete 
| 181|0x00000000ab500000, 0x00000000ab600000, 0x00000000ab600000|100%| E|CS|TAMS 0x00000000ab500000, 0x00000000ab500000| Complete 
| 182|0x00000000ab600000, 0x00000000ab700000, 0x00000000ab700000|100%| E|CS|TAMS 0x00000000ab600000, 0x00000000ab600000| Complete 
| 183|0x00000000ab700000, 0x00000000ab800000, 0x00000000ab800000|100%| E|CS|TAMS 0x00000000ab700000, 0x00000000ab700000| Complete 
| 184|0x00000000ab800000, 0x00000000ab900000, 0x00000000ab900000|100%| E|CS|TAMS 0x00000000ab800000, 0x00000000ab800000| Complete 
| 185|0x00000000ab900000, 0x00000000aba00000, 0x00000000aba00000|100%| E|CS|TAMS 0x00000000ab900000, 0x00000000ab900000| Complete 
| 186|0x00000000aba00000, 0x00000000abb00000, 0x00000000abb00000|100%| E|CS|TAMS 0x00000000aba00000, 0x00000000aba00000| Complete 
| 187|0x00000000abb00000, 0x00000000abc00000, 0x00000000abc00000|100%| E|CS|TAMS 0x00000000abb00000, 0x00000000abb00000| Complete 
| 188|0x00000000abc00000, 0x00000000abd00000, 0x00000000abd00000|100%| E|CS|TAMS 0x00000000abc00000, 0x00000000abc00000| Complete 
| 189|0x00000000abd00000, 0x00000000abe00000, 0x00000000abe00000|100%| E|CS|TAMS 0x00000000abd00000, 0x00000000abd00000| Complete 
| 190|0x00000000abe00000, 0x00000000abf00000, 0x00000000abf00000|100%| E|CS|TAMS 0x00000000abe00000, 0x00000000abe00000| Complete 
| 191|0x00000000abf00000, 0x00000000ac000000, 0x00000000ac000000|100%| E|CS|TAMS 0x00000000abf00000, 0x00000000abf00000| Complete 
| 192|0x00000000ac000000, 0x00000000ac100000, 0x00000000ac100000|100%| E|CS|TAMS 0x00000000ac000000, 0x00000000ac000000| Complete 
| 193|0x00000000ac100000, 0x00000000ac200000, 0x00000000ac200000|100%| E|CS|TAMS 0x00000000ac100000, 0x00000000ac100000| Complete 
| 194|0x00000000ac200000, 0x00000000ac300000, 0x00000000ac300000|100%| E|CS|TAMS 0x00000000ac200000, 0x00000000ac200000| Complete 
| 195|0x00000000ac300000, 0x00000000ac400000, 0x00000000ac400000|100%| E|CS|TAMS 0x00000000ac300000, 0x00000000ac300000| Complete 
| 196|0x00000000ac400000, 0x00000000ac500000, 0x00000000ac500000|100%| E|CS|TAMS 0x00000000ac400000, 0x00000000ac400000| Complete 
| 197|0x00000000ac500000, 0x00000000ac600000, 0x00000000ac600000|100%| E|CS|TAMS 0x00000000ac500000, 0x00000000ac500000| Complete 
| 198|0x00000000ac600000, 0x00000000ac700000, 0x00000000ac700000|100%| E|CS|TAMS 0x00000000ac600000, 0x00000000ac600000| Complete 
| 199|0x00000000ac700000, 0x00000000ac800000, 0x00000000ac800000|100%| E|CS|TAMS 0x00000000ac700000, 0x00000000ac700000| Complete 
| 200|0x00000000ac800000, 0x00000000ac900000, 0x00000000ac900000|100%| E|CS|TAMS 0x00000000ac800000, 0x00000000ac800000| Complete 
| 201|0x00000000ac900000, 0x00000000aca00000, 0x00000000aca00000|100%| E|CS|TAMS 0x00000000ac900000, 0x00000000ac900000| Complete 
| 202|0x00000000aca00000, 0x00000000acb00000, 0x00000000acb00000|100%| E|CS|TAMS 0x00000000aca00000, 0x00000000aca00000| Complete 
| 203|0x00000000acb00000, 0x00000000acc00000, 0x00000000acc00000|100%| E|CS|TAMS 0x00000000acb00000, 0x00000000acb00000| Complete 
| 204|0x00000000acc00000, 0x00000000acd00000, 0x00000000acd00000|100%| E|CS|TAMS 0x00000000acc00000, 0x00000000acc00000| Complete 
| 205|0x00000000acd00000, 0x00000000ace00000, 0x00000000ace00000|100%| E|CS|TAMS 0x00000000acd00000, 0x00000000acd00000| Complete 
| 206|0x00000000ace00000, 0x00000000acf00000, 0x00000000acf00000|100%| E|CS|TAMS 0x00000000ace00000, 0x00000000ace00000| Complete 
| 207|0x00000000acf00000, 0x00000000ad000000, 0x00000000ad000000|100%| E|CS|TAMS 0x00000000acf00000, 0x00000000acf00000| Complete 
| 208|0x00000000ad000000, 0x00000000ad100000, 0x00000000ad100000|100%| E|CS|TAMS 0x00000000ad000000, 0x00000000ad000000| Complete 
| 209|0x00000000ad100000, 0x00000000ad200000, 0x00000000ad200000|100%| E|CS|TAMS 0x00000000ad100000, 0x00000000ad100000| Complete 
| 210|0x00000000ad200000, 0x00000000ad300000, 0x00000000ad300000|100%| E|CS|TAMS 0x00000000ad200000, 0x00000000ad200000| Complete 
| 211|0x00000000ad300000, 0x00000000ad400000, 0x00000000ad400000|100%| E|CS|TAMS 0x00000000ad300000, 0x00000000ad300000| Complete 
| 212|0x00000000ad400000, 0x00000000ad500000, 0x00000000ad500000|100%| E|CS|TAMS 0x00000000ad400000, 0x00000000ad400000| Complete 
| 213|0x00000000ad500000, 0x00000000ad600000, 0x00000000ad600000|100%| E|CS|TAMS 0x00000000ad500000, 0x00000000ad500000| Complete 
| 214|0x00000000ad600000, 0x00000000ad700000, 0x00000000ad700000|100%| E|CS|TAMS 0x00000000ad600000, 0x00000000ad600000| Complete 
| 215|0x00000000ad700000, 0x00000000ad800000, 0x00000000ad800000|100%| E|CS|TAMS 0x00000000ad700000, 0x00000000ad700000| Complete 
| 216|0x00000000ad800000, 0x00000000ad900000, 0x00000000ad900000|100%| E|CS|TAMS 0x00000000ad800000, 0x00000000ad800000| Complete 
| 217|0x00000000ad900000, 0x00000000ada00000, 0x00000000ada00000|100%| E|CS|TAMS 0x00000000ad900000, 0x00000000ad900000| Complete 
| 218|0x00000000ada00000, 0x00000000adb00000, 0x00000000adb00000|100%| E|CS|TAMS 0x00000000ada00000, 0x00000000ada00000| Complete 
| 219|0x00000000adb00000, 0x00000000adc00000, 0x00000000adc00000|100%| E|CS|TAMS 0x00000000adb00000, 0x00000000adb00000| Complete 
| 220|0x00000000adc00000, 0x00000000add00000, 0x00000000add00000|100%| E|CS|TAMS 0x00000000adc00000, 0x00000000adc00000| Complete 
| 221|0x00000000add00000, 0x00000000ade00000, 0x00000000ade00000|100%| E|CS|TAMS 0x00000000add00000, 0x00000000add00000| Complete 
| 222|0x00000000ade00000, 0x00000000adf00000, 0x00000000adf00000|100%| E|CS|TAMS 0x00000000ade00000, 0x00000000ade00000| Complete 
| 223|0x00000000adf00000, 0x00000000ae000000, 0x00000000ae000000|100%| E|CS|TAMS 0x00000000adf00000, 0x00000000adf00000| Complete 
| 224|0x00000000ae000000, 0x00000000ae100000, 0x00000000ae100000|100%| E|CS|TAMS 0x00000000ae000000, 0x00000000ae000000| Complete 
| 225|0x00000000ae100000, 0x00000000ae200000, 0x00000000ae200000|100%| E|CS|TAMS 0x00000000ae100000, 0x00000000ae100000| Complete 
| 226|0x00000000ae200000, 0x00000000ae300000, 0x00000000ae300000|100%| E|CS|TAMS 0x00000000ae200000, 0x00000000ae200000| Complete 
| 227|0x00000000ae300000, 0x00000000ae400000, 0x00000000ae400000|100%| E|CS|TAMS 0x00000000ae300000, 0x00000000ae300000| Complete 
| 228|0x00000000ae400000, 0x00000000ae500000, 0x00000000ae500000|100%| E|CS|TAMS 0x00000000ae400000, 0x00000000ae400000| Complete 
| 229|0x00000000ae500000, 0x00000000ae600000, 0x00000000ae600000|100%| E|  |TAMS 0x00000000ae500000, 0x00000000ae500000| Complete 
| 230|0x00000000ae600000, 0x00000000ae700000, 0x00000000ae700000|100%| E|CS|TAMS 0x00000000ae600000, 0x00000000ae600000| Complete 
| 231|0x00000000ae700000, 0x00000000ae800000, 0x00000000ae800000|100%| E|CS|TAMS 0x00000000ae700000, 0x00000000ae700000| Complete 
| 232|0x00000000ae800000, 0x00000000ae900000, 0x00000000ae900000|100%| E|CS|TAMS 0x00000000ae800000, 0x00000000ae800000| Complete 
| 233|0x00000000ae900000, 0x00000000aea00000, 0x00000000aea00000|100%| E|CS|TAMS 0x00000000ae900000, 0x00000000ae900000| Complete 
| 234|0x00000000aea00000, 0x00000000aeb00000, 0x00000000aeb00000|100%| E|CS|TAMS 0x00000000aea00000, 0x00000000aea00000| Complete 
| 235|0x00000000aeb00000, 0x00000000aec00000, 0x00000000aec00000|100%| E|CS|TAMS 0x00000000aeb00000, 0x00000000aeb00000| Complete 
| 236|0x00000000aec00000, 0x00000000aed00000, 0x00000000aed00000|100%| E|CS|TAMS 0x00000000aec00000, 0x00000000aec00000| Complete 
| 237|0x00000000aed00000, 0x00000000aee00000, 0x00000000aee00000|100%| E|CS|TAMS 0x00000000aed00000, 0x00000000aed00000| Complete 
| 238|0x00000000aee00000, 0x00000000aef00000, 0x00000000aef00000|100%| E|CS|TAMS 0x00000000aee00000, 0x00000000aee00000| Complete 
| 239|0x00000000aef00000, 0x00000000af000000, 0x00000000af000000|100%| E|CS|TAMS 0x00000000aef00000, 0x00000000aef00000| Complete 
| 240|0x00000000af000000, 0x00000000af100000, 0x00000000af100000|100%| E|CS|TAMS 0x00000000af000000, 0x00000000af000000| Complete 
| 241|0x00000000af100000, 0x00000000af200000, 0x00000000af200000|100%| E|CS|TAMS 0x00000000af100000, 0x00000000af100000| Complete 
| 242|0x00000000af200000, 0x00000000af300000, 0x00000000af300000|100%| E|CS|TAMS 0x00000000af200000, 0x00000000af200000| Complete 
| 243|0x00000000af300000, 0x00000000af400000, 0x00000000af400000|100%| E|CS|TAMS 0x00000000af300000, 0x00000000af300000| Complete 
| 244|0x00000000af400000, 0x00000000af500000, 0x00000000af500000|100%| E|CS|TAMS 0x00000000af400000, 0x00000000af400000| Complete 
| 245|0x00000000af500000, 0x00000000af600000, 0x00000000af600000|100%| E|CS|TAMS 0x00000000af500000, 0x00000000af500000| Complete 
| 246|0x00000000af600000, 0x00000000af700000, 0x00000000af700000|100%| E|CS|TAMS 0x00000000af600000, 0x00000000af600000| Complete 
| 247|0x00000000af700000, 0x00000000af800000, 0x00000000af800000|100%| E|CS|TAMS 0x00000000af700000, 0x00000000af700000| Complete 
| 248|0x00000000af800000, 0x00000000af900000, 0x00000000af900000|100%| E|CS|TAMS 0x00000000af800000, 0x00000000af800000| Complete 
| 249|0x00000000af900000, 0x00000000afa00000, 0x00000000afa00000|100%| E|CS|TAMS 0x00000000af900000, 0x00000000af900000| Complete 
| 250|0x00000000afa00000, 0x00000000afb00000, 0x00000000afb00000|100%| E|CS|TAMS 0x00000000afa00000, 0x00000000afa00000| Complete 
| 251|0x00000000afb00000, 0x00000000afc00000, 0x00000000afc00000|100%| E|CS|TAMS 0x00000000afb00000, 0x00000000afb00000| Complete 
| 252|0x00000000afc00000, 0x00000000afd00000, 0x00000000afd00000|100%| E|CS|TAMS 0x00000000afc00000, 0x00000000afc00000| Complete 
| 253|0x00000000afd00000, 0x00000000afd2f890, 0x00000000afe00000| 18%| S|CS|TAMS 0x00000000afd00000, 0x00000000afd00000| Complete 
| 254|0x00000000afe00000, 0x00000000aff00000, 0x00000000aff00000|100%| S|CS|TAMS 0x00000000afe00000, 0x00000000afe00000| Complete 
| 255|0x00000000aff00000, 0x00000000b0000000, 0x00000000b0000000|100%| E|CS|TAMS 0x00000000aff00000, 0x00000000aff00000| Complete 
| 256|0x00000000b0000000, 0x00000000b0100000, 0x00000000b0100000|100%| E|CS|TAMS 0x00000000b0000000, 0x00000000b0000000| Complete 

Card table byte_map: [0x000001fa6d170000,0x000001fa6d470000] _byte_map_base: 0x000001fa6cc70000

Marking Bits (Prev, Next): (CMBitMap*) 0x000001fa5a6b9870, (CMBitMap*) 0x000001fa5a6b98b0
 Prev Bits: [0x000001fa6d770000, 0x000001fa6ef70000)
 Next Bits: [0x000001fa6ef70000, 0x000001fa70770000)

Polling page: 0x000001fa59e30000

Metaspace:

Usage:
  Non-class:     92.59 MB used.
      Class:     14.57 MB used.
       Both:    107.16 MB used.

Virtual space:
  Non-class space:      128.00 MB reserved,      93.06 MB ( 73%) committed,  2 nodes.
      Class space:        1.00 GB reserved,      14.94 MB (  1%) committed,  1 nodes.
             Both:        1.12 GB reserved,     108.00 MB (  9%) committed. 

Chunk freelists:
   Non-Class:  2.84 MB
       Class:  993.00 KB
        Both:  3.81 MB

MaxMetaspaceSize: unlimited
CompressedClassSpaceSize: 1.00 GB
Initial GC threshold: 21.00 MB
Current GC threshold: 149.50 MB
CDS: off
MetaspaceReclaimPolicy: balanced
 - commit_granule_bytes: 65536.
 - commit_granule_words: 8192.
 - virtual_space_node_default_size: 8388608.
 - enlarge_chunks_in_place: 1.
 - new_chunks_are_fully_committed: 0.
 - uncommit_free_chunks: 1.
 - use_allocation_guard: 0.
 - handle_deallocations: 1.


Internal statistics:

num_allocs_failed_limit: 8.
num_arena_births: 1046.
num_arena_deaths: 0.
num_vsnodes_births: 3.
num_vsnodes_deaths: 0.
num_space_committed: 1728.
num_space_uncommitted: 0.
num_chunks_returned_to_freelist: 8.
num_chunks_taken_from_freelist: 5125.
num_chunk_merges: 3.
num_chunk_splits: 3347.
num_chunks_enlarged: 2178.
num_inconsistent_stats: 0.

CodeHeap 'non-profiled nmethods': size=120000Kb used=6200Kb max_used=6200Kb free=113799Kb
 bounds [0x000001fa65610000, 0x000001fa65c20000, 0x000001fa6cb40000]
CodeHeap 'profiled nmethods': size=120000Kb used=21392Kb max_used=21392Kb free=98607Kb
 bounds [0x000001fa5db40000, 0x000001fa5f030000, 0x000001fa65070000]
CodeHeap 'non-nmethods': size=5760Kb used=2440Kb max_used=2495Kb free=3319Kb
 bounds [0x000001fa65070000, 0x000001fa65300000, 0x000001fa65610000]
 total_blobs=12191 nmethods=11209 adapters=894
 compilation: enabled
              stopped_count=0, restarted_count=0
 full_count=0

Compilation events (20 events):
Event: 32.113 Thread 0x000001fa733882e0 12951       3       sun.management.MemoryPoolImpl::getObjectName (10 bytes)
Event: 32.115 Thread 0x000001fa733882e0 nmethod 12951 0x000001fa5f020410 code [0x000001fa5f020800, 0x000001fa5f022518]
Event: 32.115 Thread 0x000001fa733882e0 12952       3       sun.management.spi.PlatformMBeanProvider$PlatformComponent$$Lambda$63/0x000000010016ea60::test (9 bytes)
Event: 32.115 Thread 0x000001fa733882e0 nmethod 12952 0x000001fa5f023010 code [0x000001fa5f0231a0, 0x000001fa5f0232d8]
Event: 32.115 Thread 0x000001fa733882e0 12953       3       sun.management.spi.PlatformMBeanProvider$PlatformComponent$$Lambda$64/0x000000010016ecd8::apply (9 bytes)
Event: 32.116 Thread 0x000001fa733882e0 nmethod 12953 0x000001fa5f023390 code [0x000001fa5f023560, 0x000001fa5f023878]
Event: 32.128 Thread 0x000001fa733925d0 nmethod 12950 0x000001fa65c1c010 code [0x000001fa65c1c1c0, 0x000001fa65c1cbc8]
Event: 32.574 Thread 0x000001fa733882e0 12954       1       java.nio.channels.FileLock::isShared (5 bytes)
Event: 32.574 Thread 0x000001fa733882e0 nmethod 12954 0x000001fa65c1cf90 code [0x000001fa65c1d120, 0x000001fa65c1d1f8]
Event: 36.226 Thread 0x000001fa733925d0 12955       4       java.util.concurrent.locks.AbstractQueuedSynchronizer$Node::getAndUnsetStatus (14 bytes)
Event: 36.227 Thread 0x000001fa733925d0 nmethod 12955 0x000001fa65c1d290 code [0x000001fa65c1d400, 0x000001fa65c1d4b8]
Event: 37.400 Thread 0x000001fa733925d0 12956       4       java.util.concurrent.TimeUnit::toNanos (45 bytes)
Event: 37.404 Thread 0x000001fa733925d0 nmethod 12956 0x000001fa65c1d590 code [0x000001fa65c1d700, 0x000001fa65c1d7f8]
Event: 37.757 Thread 0x000001fa733925d0 12957       4       java.util.concurrent.locks.AbstractQueuedSynchronizer$ConditionObject::enableWait (84 bytes)
Event: 37.767 Thread 0x000001fa733925d0 nmethod 12957 0x000001fa65c1d890 code [0x000001fa65c1da40, 0x000001fa65c1e048]
Event: 39.116 Thread 0x000001fa733882e0 12958       3       java.util.HashMap$ValueSpliterator::characteristics (28 bytes)
Event: 39.117 Thread 0x000001fa733882e0 nmethod 12958 0x000001fa5f023990 code [0x000001fa5f023b40, 0x000001fa5f023d18]
Event: 41.106 Thread 0x000001fa733882e0 12959       3       javax.management.ObjectName::setCanonicalName (251 bytes)
Event: 41.107 Thread 0x000001fa733882e0 nmethod 12959 0x000001fa5f023e10 code [0x000001fa5f0240a0, 0x000001fa5f025048]
Event: 42.101 Thread 0x000001fa733925d0 12960   !   4       java.util.concurrent.locks.AbstractQueuedSynchronizer::acquire (407 bytes)

GC Heap History (20 events):
Event: 17.969 GC heap before
{Heap before GC invocations=38 (full 0):
 garbage-first heap   total 153600K, used 115243K [0x00000000a0000000, 0x0000000100000000)
  region size 1024K, 41 young (41984K), 1 survivors (1024K)
 Metaspace       used 76634K, committed 77312K, reserved 1179648K
  class space    used 10329K, committed 10624K, reserved 1048576K
}
Event: 17.974 GC heap after
{Heap after GC invocations=39 (full 0):
 garbage-first heap   total 153600K, used 75927K [0x00000000a0000000, 0x0000000100000000)
  region size 1024K, 3 young (3072K), 3 survivors (3072K)
 Metaspace       used 76634K, committed 77312K, reserved 1179648K
  class space    used 10329K, committed 10624K, reserved 1048576K
}
Event: 18.647 GC heap before
{Heap before GC invocations=40 (full 0):
 garbage-first heap   total 153600K, used 117911K [0x00000000a0000000, 0x0000000100000000)
  region size 1024K, 44 young (45056K), 3 survivors (3072K)
 Metaspace       used 78733K, committed 79360K, reserved 1179648K
  class space    used 10665K, committed 10944K, reserved 1048576K
}
Event: 18.657 GC heap after
{Heap after GC invocations=41 (full 0):
 garbage-first heap   total 153600K, used 80269K [0x00000000a0000000, 0x0000000100000000)
  region size 1024K, 6 young (6144K), 6 survivors (6144K)
 Metaspace       used 78733K, committed 79360K, reserved 1179648K
  class space    used 10665K, committed 10944K, reserved 1048576K
}
Event: 19.327 GC heap before
{Heap before GC invocations=41 (full 0):
 garbage-first heap   total 153600K, used 113037K [0x00000000a0000000, 0x0000000100000000)
  region size 1024K, 40 young (40960K), 6 survivors (6144K)
 Metaspace       used 80275K, committed 81024K, reserved 1179648K
  class space    used 10880K, committed 11200K, reserved 1048576K
}
Event: 19.336 GC heap after
{Heap after GC invocations=42 (full 0):
 garbage-first heap   total 153600K, used 84142K [0x00000000a0000000, 0x0000000100000000)
  region size 1024K, 4 young (4096K), 4 survivors (4096K)
 Metaspace       used 80275K, committed 81024K, reserved 1179648K
  class space    used 10880K, committed 11200K, reserved 1048576K
}
Event: 20.106 GC heap before
{Heap before GC invocations=43 (full 0):
 garbage-first heap   total 155648K, used 123054K [0x00000000a0000000, 0x0000000100000000)
  region size 1024K, 40 young (40960K), 4 survivors (4096K)
 Metaspace       used 82004K, committed 82752K, reserved 1179648K
  class space    used 11176K, committed 11520K, reserved 1048576K
}
Event: 20.115 GC heap after
{Heap after GC invocations=44 (full 0):
 garbage-first heap   total 155648K, used 91252K [0x00000000a0000000, 0x0000000100000000)
  region size 1024K, 5 young (5120K), 5 survivors (5120K)
 Metaspace       used 82004K, committed 82752K, reserved 1179648K
  class space    used 11176K, committed 11520K, reserved 1048576K
}
Event: 20.967 GC heap before
{Heap before GC invocations=44 (full 0):
 garbage-first heap   total 155648K, used 124020K [0x00000000a0000000, 0x0000000100000000)
  region size 1024K, 37 young (37888K), 5 survivors (5120K)
 Metaspace       used 84315K, committed 85056K, reserved 1179648K
  class space    used 11490K, committed 11840K, reserved 1048576K
}
Event: 20.985 GC heap after
{Heap after GC invocations=45 (full 0):
 garbage-first heap   total 155648K, used 95211K [0x00000000a0000000, 0x0000000100000000)
  region size 1024K, 4 young (4096K), 4 survivors (4096K)
 Metaspace       used 84315K, committed 85056K, reserved 1179648K
  class space    used 11490K, committed 11840K, reserved 1048576K
}
Event: 21.884 GC heap before
{Heap before GC invocations=46 (full 0):
 garbage-first heap   total 165888K, used 124907K [0x00000000a0000000, 0x0000000100000000)
  region size 1024K, 33 young (33792K), 4 survivors (4096K)
 Metaspace       used 85844K, committed 86720K, reserved 1179648K
  class space    used 11665K, committed 12032K, reserved 1048576K
}
Event: 21.894 GC heap after
{Heap after GC invocations=47 (full 0):
 garbage-first heap   total 165888K, used 99257K [0x00000000a0000000, 0x0000000100000000)
  region size 1024K, 4 young (4096K), 4 survivors (4096K)
 Metaspace       used 85844K, committed 86720K, reserved 1179648K
  class space    used 11665K, committed 12032K, reserved 1048576K
}
Event: 21.991 GC heap before
{Heap before GC invocations=47 (full 0):
 garbage-first heap   total 165888K, used 103353K [0x00000000a0000000, 0x0000000100000000)
  region size 1024K, 8 young (8192K), 4 survivors (4096K)
 Metaspace       used 86233K, committed 87104K, reserved 1179648K
  class space    used 11725K, committed 12096K, reserved 1048576K
}
Event: 21.998 GC heap after
{Heap after GC invocations=48 (full 0):
 garbage-first heap   total 165888K, used 99833K [0x00000000a0000000, 0x0000000100000000)
  region size 1024K, 1 young (1024K), 1 survivors (1024K)
 Metaspace       used 86233K, committed 87104K, reserved 1179648K
  class space    used 11725K, committed 12096K, reserved 1048576K
}
Event: 22.884 GC heap before
{Heap before GC invocations=48 (full 0):
 garbage-first heap   total 165888K, used 133625K [0x00000000a0000000, 0x0000000100000000)
  region size 1024K, 34 young (34816K), 1 survivors (1024K)
 Metaspace       used 90797K, committed 91584K, reserved 1179648K
  class space    used 12386K, committed 12736K, reserved 1048576K
}
Event: 22.890 GC heap after
{Heap after GC invocations=49 (full 0):
 garbage-first heap   total 263168K, used 102165K [0x00000000a0000000, 0x0000000100000000)
  region size 1024K, 4 young (4096K), 4 survivors (4096K)
 Metaspace       used 90797K, committed 91584K, reserved 1179648K
  class space    used 12386K, committed 12736K, reserved 1048576K
}
Event: 24.635 GC heap before
{Heap before GC invocations=50 (full 0):
 garbage-first heap   total 263168K, used 187157K [0x00000000a0000000, 0x0000000100000000)
  region size 1024K, 84 young (86016K), 4 survivors (4096K)
 Metaspace       used 99385K, committed 100288K, reserved 1179648K
  class space    used 13563K, committed 13952K, reserved 1048576K
}
Event: 24.652 GC heap after
{Heap after GC invocations=51 (full 0):
 garbage-first heap   total 263168K, used 108885K [0x00000000a0000000, 0x0000000100000000)
  region size 1024K, 10 young (10240K), 10 survivors (10240K)
 Metaspace       used 99385K, committed 100288K, reserved 1179648K
  class space    used 13563K, committed 13952K, reserved 1048576K
}
Event: 24.843 GC heap before
{Heap before GC invocations=51 (full 0):
 garbage-first heap   total 263168K, used 110933K [0x00000000a0000000, 0x0000000100000000)
  region size 1024K, 12 young (12288K), 10 survivors (10240K)
 Metaspace       used 100349K, committed 101248K, reserved 1179648K
  class space    used 13667K, committed 14080K, reserved 1048576K
}
Event: 24.856 GC heap after
{Heap after GC invocations=52 (full 0):
 garbage-first heap   total 263168K, used 109619K [0x00000000a0000000, 0x0000000100000000)
  region size 1024K, 2 young (2048K), 2 survivors (2048K)
 Metaspace       used 100349K, committed 101248K, reserved 1179648K
  class space    used 13667K, committed 14080K, reserved 1048576K
}

Dll operation events (2 events):
Event: 0.007 Loaded shared library C:\Program Files\Android\Android Studio\jbr\bin\java.dll
Event: 0.371 Loaded shared library C:\Program Files\Android\Android Studio\jbr\bin\verify.dll

Deoptimization events (20 events):
Event: 28.197 Thread 0x000001fa7d440a00 Uncommon trap: trap_request=0xffffffde fr.pc=0x000001fa65ba94ec relative=0x00000000000002ac
Event: 28.197 Thread 0x000001fa7d440a00 Uncommon trap: reason=class_check action=maybe_recompile pc=0x000001fa65ba94ec method=com.google.common.collect.ComparatorOrdering.compare(Ljava/lang/Object;Ljava/lang/Object;)I @ 6 c2
Event: 28.197 Thread 0x000001fa7d440a00 DEOPT PACKING pc=0x000001fa65ba94ec sp=0x000000f2c54fd120
Event: 28.197 Thread 0x000001fa7d440a00 DEOPT UNPACKING pc=0x000001fa650c69a3 sp=0x000000f2c54fd098 mode 2
Event: 28.263 Thread 0x000001fa7d440530 DEOPT PACKING pc=0x000001fa5e53c8e3 sp=0x000000f2c4af9fc0
Event: 28.263 Thread 0x000001fa7d440530 DEOPT UNPACKING pc=0x000001fa650c7143 sp=0x000000f2c4af94d0 mode 0
Event: 28.276 Thread 0x000001fa7d440530 DEOPT PACKING pc=0x000001fa5efb25ec sp=0x000000f2c4af9890
Event: 28.276 Thread 0x000001fa7d440530 DEOPT UNPACKING pc=0x000001fa650c7143 sp=0x000000f2c4af8de8 mode 0
Event: 28.299 Thread 0x000001fa7d43fb90 Uncommon trap: trap_request=0xffffff45 fr.pc=0x000001fa658c46a8 relative=0x0000000000000388
Event: 28.299 Thread 0x000001fa7d43fb90 Uncommon trap: reason=unstable_if action=reinterpret pc=0x000001fa658c46a8 method=org.gradle.internal.snapshot.ChildMap$Entry.handleAncestorDescendantOrExactMatch(Lorg/gradle/internal/snapshot/VfsRelativePath;Lorg/gradle/internal/snapshot/CaseSensitivity;
Event: 28.299 Thread 0x000001fa7d43fb90 DEOPT PACKING pc=0x000001fa658c46a8 sp=0x000000f2c4dfc1b0
Event: 28.299 Thread 0x000001fa7d43fb90 DEOPT UNPACKING pc=0x000001fa650c69a3 sp=0x000000f2c4dfc170 mode 2
Event: 28.305 Thread 0x000001fa7d43fb90 Uncommon trap: trap_request=0xffffff45 fr.pc=0x000001fa65c023ac relative=0x000000000000078c
Event: 28.305 Thread 0x000001fa7d43fb90 Uncommon trap: reason=unstable_if action=reinterpret pc=0x000001fa65c023ac method=org.gradle.internal.file.FilePathUtil.sizeOfCommonPrefix(Ljava/lang/String;Ljava/lang/String;IC)I @ 97 c2
Event: 28.305 Thread 0x000001fa7d43fb90 DEOPT PACKING pc=0x000001fa65c023ac sp=0x000000f2c4dfba10
Event: 28.305 Thread 0x000001fa7d43fb90 DEOPT UNPACKING pc=0x000001fa650c69a3 sp=0x000000f2c4dfb990 mode 2
Event: 28.315 Thread 0x000001fa7d440060 Uncommon trap: trap_request=0xffffff45 fr.pc=0x000001fa658d561c relative=0x000000000000025c
Event: 28.315 Thread 0x000001fa7d440060 Uncommon trap: reason=unstable_if action=reinterpret pc=0x000001fa658d561c method=com.esotericsoftware.kryo.io.Output.writeString(Ljava/lang/CharSequence;)V @ 50 c2
Event: 28.316 Thread 0x000001fa7d440060 DEOPT PACKING pc=0x000001fa658d561c sp=0x000000f2c52fe6d0
Event: 28.316 Thread 0x000001fa7d440060 DEOPT UNPACKING pc=0x000001fa650c69a3 sp=0x000000f2c52fe650 mode 2

Classes unloaded (0 events):
No events

Classes redefined (0 events):
No events

Internal exceptions (20 events):
Event: 28.336 Thread 0x000001fa7d43fb90 Exception <a 'java/lang/ClassNotFoundException'{0x00000000ab25ee10}: org/gradle/process/internal/DefaultExecAction_DecoratedBeanInfo> (0x00000000ab25ee10) 
thrown [s\src\hotspot\share\classfile\systemDictionary.cpp, line 256]
Event: 28.337 Thread 0x000001fa7d43fb90 Exception <a 'java/lang/ClassNotFoundException'{0x00000000ab270598}: org/gradle/process/internal/DefaultExecActionBeanInfo> (0x00000000ab270598) 
thrown [s\src\hotspot\share\classfile\systemDictionary.cpp, line 256]
Event: 28.338 Thread 0x000001fa7d43fb90 Exception <a 'java/lang/ClassNotFoundException'{0x00000000ab282940}: org/gradle/process/internal/DefaultExecHandleBuilderBeanInfo> (0x00000000ab282940) 
thrown [s\src\hotspot\share\classfile\systemDictionary.cpp, line 256]
Event: 28.338 Thread 0x000001fa7d43fb90 Exception <a 'java/lang/ClassNotFoundException'{0x00000000ab294d08}: org/gradle/process/internal/AbstractExecHandleBuilderBeanInfo> (0x00000000ab294d08) 
thrown [s\src\hotspot\share\classfile\systemDictionary.cpp, line 256]
Event: 28.339 Thread 0x000001fa7d43fb90 Exception <a 'java/lang/ClassNotFoundException'{0x00000000ab2a7e70}: org/gradle/process/internal/DefaultProcessForkOptionsBeanInfo> (0x00000000ab2a7e70) 
thrown [s\src\hotspot\share\classfile\systemDictionary.cpp, line 256]
Event: 28.339 Thread 0x000001fa7d43fb90 Exception <a 'java/lang/ClassNotFoundException'{0x00000000ab2ba868}: org/gradle/process/internal/DefaultProcessForkOptionsCustomizer> (0x00000000ab2ba868) 
thrown [s\src\hotspot\share\classfile\systemDictionary.cpp, line 256]
Event: 28.341 Thread 0x000001fa7d43fb90 Exception <a 'java/lang/ClassNotFoundException'{0x00000000ab2da598}: org/gradle/process/internal/AbstractExecHandleBuilderCustomizer> (0x00000000ab2da598) 
thrown [s\src\hotspot\share\classfile\systemDictionary.cpp, line 256]
Event: 28.342 Thread 0x000001fa7d43fb90 Exception <a 'java/lang/ClassNotFoundException'{0x00000000ab2fec70}: org/gradle/process/internal/DefaultExecHandleBuilderCustomizer> (0x00000000ab2fec70) 
thrown [s\src\hotspot\share\classfile\systemDictionary.cpp, line 256]
Event: 28.344 Thread 0x000001fa7d43fb90 Exception <a 'java/lang/ClassNotFoundException'{0x00000000ab13e968}: org/gradle/process/internal/DefaultExecActionCustomizer> (0x00000000ab13e968) 
thrown [s\src\hotspot\share\classfile\systemDictionary.cpp, line 256]
Event: 28.345 Thread 0x000001fa7d43fb90 Exception <a 'java/lang/ClassNotFoundException'{0x00000000ab159e20}: org/gradle/process/internal/DefaultExecAction_DecoratedCustomizer> (0x00000000ab159e20) 
thrown [s\src\hotspot\share\classfile\systemDictionary.cpp, line 256]
Event: 28.348 Thread 0x000001fa7d43fb90 Exception <a 'java/lang/ClassNotFoundException'{0x00000000ab1925a8}: org/gradle/api/logging/LogLevelBeanInfo> (0x00000000ab1925a8) 
thrown [s\src\hotspot\share\classfile\systemDictionary.cpp, line 256]
Event: 28.349 Thread 0x000001fa7d43fb90 Exception <a 'java/lang/ClassNotFoundException'{0x00000000ab1a3368}: org/gradle/api/logging/LogLevelCustomizer> (0x00000000ab1a3368) 
thrown [s\src\hotspot\share\classfile\systemDictionary.cpp, line 256]
Event: 28.352 Thread 0x000001fa7d43fb90 Exception <a 'java/lang/ClassNotFoundException'{0x00000000ab1e7220}: org/gradle/internal/logging/services/DefaultLoggingManagerBeanInfo> (0x00000000ab1e7220) 
thrown [s\src\hotspot\share\classfile\systemDictionary.cpp, line 256]
Event: 28.353 Thread 0x000001fa7d43fb90 Exception <a 'java/lang/ClassNotFoundException'{0x00000000ab1f8940}: org/gradle/internal/logging/services/DefaultLoggingManagerCustomizer> (0x00000000ab1f8940) 
thrown [s\src\hotspot\share\classfile\systemDictionary.cpp, line 256]
Event: 28.358 Thread 0x000001fa7d43fb90 Exception <a 'java/lang/ClassNotFoundException'{0x00000000ab02a288}: java/lang/BooleanBeanInfo> (0x00000000ab02a288) 
thrown [s\src\hotspot\share\classfile\systemDictionary.cpp, line 256]
Event: 28.358 Thread 0x000001fa7d43fb90 Exception <a 'java/lang/ClassNotFoundException'{0x00000000ab031040}: java/lang/BooleanCustomizer> (0x00000000ab031040) 
thrown [s\src\hotspot\share\classfile\systemDictionary.cpp, line 256]
Event: 28.416 Thread 0x000001fa7d441d40 Exception <a 'java/lang/NoSuchMethodError'{0x00000000ab0a2c98}: 'void java.lang.invoke.DirectMethodHandle$Holder.invokeStatic(java.lang.Object, long)'> (0x00000000ab0a2c98) 
thrown [s\src\hotspot\share\interpreter\linkResolver.cpp, line 771]
Event: 28.417 Thread 0x000001fa7d441d40 Exception <a 'java/lang/NoSuchMethodError'{0x00000000ab0a7f08}: 'java.lang.Object java.lang.invoke.DirectMethodHandle$Holder.newInvokeSpecial(java.lang.Object, long)'> (0x00000000ab0a7f08) 
thrown [s\src\hotspot\share\interpreter\linkResolver.cpp, line 771]
Event: 28.420 Thread 0x000001fa7d441d40 Exception <a 'java/lang/NoSuchMethodError'{0x00000000ab0ae908}: 'java.lang.Object java.lang.invoke.DirectMethodHandle$Holder.invokeStatic(java.lang.Object, java.lang.Object, long, java.lang.Object)'> (0x00000000ab0ae908) 
thrown [s\src\hotspot\share\interpreter\linkResolver.cpp, line 771]
Event: 28.420 Thread 0x000001fa7d441d40 Exception <a 'java/lang/NoSuchMethodError'{0x00000000ab0b2358}: 'java.lang.Object java.lang.invoke.DirectMethodHandle$Holder.invokeStaticInit(java.lang.Object, java.lang.Object, long, java.lang.Object)'> (0x00000000ab0b2358) 
thrown [s\src\hotspot\share\interpreter\linkResolver.cpp, line 771]

VM Operations (20 events):
Event: 27.454 Executing VM operation: HandshakeAllThreads
Event: 27.455 Executing VM operation: HandshakeAllThreads done
Event: 27.664 Executing VM operation: ICBufferFull
Event: 27.664 Executing VM operation: ICBufferFull done
Event: 28.201 Executing VM operation: ICBufferFull
Event: 28.201 Executing VM operation: ICBufferFull done
Event: 28.208 Executing VM operation: HandshakeAllThreads
Event: 28.209 Executing VM operation: HandshakeAllThreads done
Event: 28.215 Executing VM operation: HandshakeAllThreads
Event: 28.215 Executing VM operation: HandshakeAllThreads done
Event: 28.255 Executing VM operation: HandshakeAllThreads
Event: 28.255 Executing VM operation: HandshakeAllThreads done
Event: 28.423 Executing VM operation: HandshakeAllThreads
Event: 28.423 Executing VM operation: HandshakeAllThreads done
Event: 29.424 Executing VM operation: Cleanup
Event: 29.425 Executing VM operation: Cleanup done
Event: 32.456 Executing VM operation: Cleanup
Event: 32.456 Executing VM operation: Cleanup done
Event: 33.457 Executing VM operation: Cleanup
Event: 33.457 Executing VM operation: Cleanup done

Events (20 events):
Event: 28.357 loading class java/lang/BooleanBeanInfo done
Event: 28.357 loading class java/lang/BooleanBeanInfo
Event: 28.357 loading class java/lang/BooleanBeanInfo done
Event: 28.358 loading class java/lang/BooleanCustomizer
Event: 28.358 loading class java/lang/BooleanCustomizer done
Event: 28.358 loading class java/lang/BooleanCustomizer
Event: 28.358 loading class java/lang/BooleanCustomizer done
Event: 28.369 Thread 0x000001fa7d441d40 Thread added: 0x000001fa7d441d40
Event: 28.370 loading class java/lang/ProcessImpl
Event: 28.371 loading class java/lang/ProcessImpl done
Event: 28.418 loading class java/lang/ProcessHandleImpl
Event: 28.418 loading class java/lang/ProcessHandleImpl done
Event: 28.421 loading class java/lang/ProcessImpl$2
Event: 28.421 loading class java/lang/ProcessImpl$2 done
Event: 28.421 loading class java/lang/Process$PipeInputStream
Event: 28.421 loading class java/lang/Process$PipeInputStream done
Event: 28.423 loading class jdk/internal/event/ProcessStartEvent
Event: 28.423 loading class jdk/internal/event/ProcessStartEvent done
Event: 28.424 Thread 0x000001fa7d442210 Thread added: 0x000001fa7d442210
Event: 28.425 Thread 0x000001fa7d4426e0 Thread added: 0x000001fa7d4426e0


Dynamic libraries:
0x00007ff62f140000 - 0x00007ff62f14a000 	C:\Program Files\Android\Android Studio\jbr\bin\java.exe
0x00007ffcbcf10000 - 0x00007ffcbd127000 	C:\Windows\SYSTEM32\ntdll.dll
0x00007ffcbb5e0000 - 0x00007ffcbb6a4000 	C:\Windows\System32\KERNEL32.DLL
0x00007ffcba470000 - 0x00007ffcba816000 	C:\Windows\System32\KERNELBASE.dll
0x00007ffcba280000 - 0x00007ffcba391000 	C:\Windows\System32\ucrtbase.dll
0x00007ffca3540000 - 0x00007ffca355b000 	C:\Program Files\Android\Android Studio\jbr\bin\VCRUNTIME140.dll
0x00007ffca3b90000 - 0x00007ffca3ba7000 	C:\Program Files\Android\Android Studio\jbr\bin\jli.dll
0x00007ffcbb030000 - 0x00007ffcbb1de000 	C:\Windows\System32\USER32.dll
0x00007ffcba440000 - 0x00007ffcba466000 	C:\Windows\System32\win32u.dll
0x00007ffcbcd30000 - 0x00007ffcbcd59000 	C:\Windows\System32\GDI32.dll
0x00007ffc9e510000 - 0x00007ffc9e7a3000 	C:\Windows\WinSxS\amd64_microsoft.windows.common-controls_6595b64144ccf1df_6.0.22621.2506_none_270c5ae97388e100\COMCTL32.dll
0x00007ffcba820000 - 0x00007ffcba938000 	C:\Windows\System32\gdi32full.dll
0x00007ffcbac60000 - 0x00007ffcbad07000 	C:\Windows\System32\msvcrt.dll
0x00007ffcba3a0000 - 0x00007ffcba43a000 	C:\Windows\System32\msvcp_win.dll
0x00007ffcbb9a0000 - 0x00007ffcbb9d1000 	C:\Windows\System32\IMM32.DLL
0x00007ffcb4a10000 - 0x00007ffcb4a1c000 	C:\Program Files\Android\Android Studio\jbr\bin\vcruntime140_1.dll
0x00007ffca34b0000 - 0x00007ffca353d000 	C:\Program Files\Android\Android Studio\jbr\bin\msvcp140.dll
0x00007ffc3ded0000 - 0x00007ffc3eb50000 	C:\Program Files\Android\Android Studio\jbr\bin\server\jvm.dll
0x00007ffcbaf70000 - 0x00007ffcbb021000 	C:\Windows\System32\ADVAPI32.dll
0x00007ffcbaeb0000 - 0x00007ffcbaf55000 	C:\Windows\System32\sechost.dll
0x00007ffcbbc10000 - 0x00007ffcbbd27000 	C:\Windows\System32\RPCRT4.dll
0x00007ffcb1540000 - 0x00007ffcb1574000 	C:\Windows\SYSTEM32\WINMM.dll
0x00007ffcb27a0000 - 0x00007ffcb27a9000 	C:\Windows\SYSTEM32\WSOCK32.dll
0x00007ffcac630000 - 0x00007ffcac63a000 	C:\Windows\SYSTEM32\VERSION.dll
0x00007ffcbbd30000 - 0x00007ffcbbda1000 	C:\Windows\System32\WS2_32.dll
0x00007ffcb9240000 - 0x00007ffcb9258000 	C:\Windows\SYSTEM32\kernel.appcore.dll
0x00007ffcb26b0000 - 0x00007ffcb26ba000 	C:\Program Files\Android\Android Studio\jbr\bin\jimage.dll
0x00007ffcb4ff0000 - 0x00007ffcb5223000 	C:\Windows\SYSTEM32\DBGHELP.DLL
0x00007ffcbb250000 - 0x00007ffcbb5d9000 	C:\Windows\System32\combase.dll
0x00007ffcbb9e0000 - 0x00007ffcbbab7000 	C:\Windows\System32\OLEAUT32.dll
0x00007ffc8dbd0000 - 0x00007ffc8dc02000 	C:\Windows\SYSTEM32\dbgcore.DLL
0x00007ffcbaa70000 - 0x00007ffcbaaea000 	C:\Windows\System32\bcryptPrimitives.dll
0x00007ffca3480000 - 0x00007ffca34a5000 	C:\Program Files\Android\Android Studio\jbr\bin\java.dll
0x00007ffca3460000 - 0x00007ffca3478000 	C:\Program Files\Android\Android Studio\jbr\bin\zip.dll
0x00007ffcbbdb0000 - 0x00007ffcbc60a000 	C:\Windows\System32\SHELL32.dll
0x00007ffcb8150000 - 0x00007ffcb8a46000 	C:\Windows\SYSTEM32\windows.storage.dll
0x00007ffcb8010000 - 0x00007ffcb814e000 	C:\Windows\SYSTEM32\wintypes.dll
0x00007ffcbb6b0000 - 0x00007ffcbb7a3000 	C:\Windows\System32\SHCORE.dll
0x00007ffcbccd0000 - 0x00007ffcbcd2e000 	C:\Windows\System32\shlwapi.dll
0x00007ffcba1b0000 - 0x00007ffcba1d6000 	C:\Windows\SYSTEM32\profapi.dll
0x00007ffca3440000 - 0x00007ffca3459000 	C:\Program Files\Android\Android Studio\jbr\bin\net.dll
0x00007ffcb3f60000 - 0x00007ffcb4097000 	C:\Windows\SYSTEM32\WINHTTP.dll
0x00007ffcb96b0000 - 0x00007ffcb9719000 	C:\Windows\system32\mswsock.dll
0x00007ffca3420000 - 0x00007ffca3436000 	C:\Program Files\Android\Android Studio\jbr\bin\nio.dll
0x00007ffcac560000 - 0x00007ffcac570000 	C:\Program Files\Android\Android Studio\jbr\bin\verify.dll
0x00007ffca20f0000 - 0x00007ffca2117000 	C:\Users\Abdullah\.gradle\native\e1d6ef7f7dcc3fd88c89a11ec53ec762bb8ba0a96d01ffa2cd45eb1d1d8dd5c5\windows-amd64\native-platform.dll
0x00007ffca15a0000 - 0x00007ffca16e4000 	C:\Users\Abdullah\.gradle\native\0d407fdbe67a94daf76414ababcb853783967236a71b16ec16e742cd7a986fd3\windows-amd64\native-platform-file-events.dll
0x00007ffcac380000 - 0x00007ffcac389000 	C:\Program Files\Android\Android Studio\jbr\bin\management.dll
0x00007ffcaaef0000 - 0x00007ffcaaefb000 	C:\Program Files\Android\Android Studio\jbr\bin\management_ext.dll
0x00007ffcbaf60000 - 0x00007ffcbaf68000 	C:\Windows\System32\PSAPI.DLL
0x00007ffcb9a00000 - 0x00007ffcb9a1b000 	C:\Windows\SYSTEM32\CRYPTSP.dll
0x00007ffcb91a0000 - 0x00007ffcb91d5000 	C:\Windows\system32\rsaenh.dll
0x00007ffcb9750000 - 0x00007ffcb977c000 	C:\Windows\SYSTEM32\USERENV.dll
0x00007ffcb9bb0000 - 0x00007ffcb9bd8000 	C:\Windows\SYSTEM32\bcrypt.dll
0x00007ffcb99e0000 - 0x00007ffcb99ec000 	C:\Windows\SYSTEM32\CRYPTBASE.dll
0x00007ffcb8cb0000 - 0x00007ffcb8cdd000 	C:\Windows\SYSTEM32\IPHLPAPI.DLL
0x00007ffcbb990000 - 0x00007ffcbb999000 	C:\Windows\System32\NSI.dll
0x00007ffcb34f0000 - 0x00007ffcb3509000 	C:\Windows\SYSTEM32\dhcpcsvc6.DLL
0x00007ffcb3480000 - 0x00007ffcb349f000 	C:\Windows\SYSTEM32\dhcpcsvc.DLL
0x00007ffcb8d20000 - 0x00007ffcb8e19000 	C:\Windows\SYSTEM32\DNSAPI.dll
0x00007ffc4a260000 - 0x00007ffc4a268000 	C:\Windows\system32\wshunix.dll
0x00007ffcac2d0000 - 0x00007ffcac2da000 	C:\Windows\System32\rasadhlp.dll
0x00007ffcb1430000 - 0x00007ffcb14b3000 	C:\Windows\System32\fwpuclnt.dll

dbghelp: loaded successfully - version: 4.0.5 - missing functions: none
symbol engine: initialized successfully - sym options: 0x614 - pdb path: .;C:\Program Files\Android\Android Studio\jbr\bin;C:\Windows\SYSTEM32;C:\Windows\WinSxS\amd64_microsoft.windows.common-controls_6595b64144ccf1df_6.0.22621.2506_none_270c5ae97388e100;C:\Program Files\Android\Android Studio\jbr\bin\server;C:\Users\Abdullah\.gradle\native\e1d6ef7f7dcc3fd88c89a11ec53ec762bb8ba0a96d01ffa2cd45eb1d1d8dd5c5\windows-amd64;C:\Users\Abdullah\.gradle\native\0d407fdbe67a94daf76414ababcb853783967236a71b16ec16e742cd7a986fd3\windows-amd64

VM Arguments:
jvm_args: --add-opens=java.base/java.util=ALL-UNNAMED --add-opens=java.base/java.lang=ALL-UNNAMED --add-opens=java.base/java.lang.invoke=ALL-UNNAMED --add-opens=java.base/java.util=ALL-UNNAMED --add-opens=java.prefs/java.util.prefs=ALL-UNNAMED --add-opens=java.prefs/java.util.prefs=ALL-UNNAMED --add-opens=java.base/java.nio.charset=ALL-UNNAMED --add-opens=java.base/java.net=ALL-UNNAMED --add-opens=java.base/java.util.concurrent.atomic=ALL-UNNAMED -Xmx1536M -Dfile.encoding=windows-1252 -Duser.country=US -Duser.language=en -Duser.variant 
java_command: org.gradle.launcher.daemon.bootstrap.GradleDaemon 7.5
java_class_path (initial): C:\Users\Abdullah\.gradle\wrapper\dists\gradle-7.5-all\6qsw290k5lz422uaf8jf6m7co\gradle-7.5\lib\gradle-launcher-7.5.jar
Launcher Type: SUN_STANDARD

[Global flags]
     intx CICompilerCount                          = 4                                         {product} {ergonomic}
     uint ConcGCThreads                            = 2                                         {product} {ergonomic}
     uint G1ConcRefinementThreads                  = 8                                         {product} {ergonomic}
   size_t G1HeapRegionSize                         = 1048576                                   {product} {ergonomic}
    uintx GCDrainStackTargetSize                   = 64                                        {product} {ergonomic}
   size_t InitialHeapSize                          = 266338304                                 {product} {ergonomic}
   size_t MarkStackSize                            = 4194304                                   {product} {ergonomic}
   size_t MaxHeapSize                              = 1610612736                                {product} {command line}
   size_t MaxNewSize                               = 965738496                                 {product} {ergonomic}
   size_t MinHeapDeltaBytes                        = 1048576                                   {product} {ergonomic}
   size_t MinHeapSize                              = 8388608                                   {product} {ergonomic}
    uintx NonNMethodCodeHeapSize                   = 5839372                                {pd product} {ergonomic}
    uintx NonProfiledCodeHeapSize                  = 122909434                              {pd product} {ergonomic}
    uintx ProfiledCodeHeapSize                     = 122909434                              {pd product} {ergonomic}
    uintx ReservedCodeCacheSize                    = 251658240                              {pd product} {ergonomic}
     bool SegmentedCodeCache                       = true                                      {product} {ergonomic}
   size_t SoftMaxHeapSize                          = 1610612736                             {manageable} {ergonomic}
     bool UseCompressedClassPointers               = true                           {product lp64_product} {ergonomic}
     bool UseCompressedOops                        = true                           {product lp64_product} {ergonomic}
     bool UseG1GC                                  = true                                      {product} {ergonomic}
     bool UseLargePagesIndividualAllocation        = false                                  {pd product} {ergonomic}

Logging:
Log output configuration:
 #0: stdout all=warning uptime,level,tags
 #1: stderr all=off uptime,level,tags

Environment Variables:
JAVA_HOME=C:\Program Files\Android\Android Studio\jbr
CLASSPATH=C:\Users\Abdullah\Desktop\frontend\android\\gradle\wrapper\gradle-wrapper.jar
PATH=C:\Program Files\Android\Android Studio\jbr\bin;C:\flutter\flutter\bin\;C:\Windows\system32;C:\Windows;C:\Windows\System32\Wbem;C:\Windows\System32\WindowsPowerShell\v1.0\;C:\Windows\System32\OpenSSH\;C:\Program Files\dotnet\;C:\Users\Abdullah\AppData\Local\Microsoft\WindowsApps;C:\Users\Abdullah\AppData\Local\Programs\Microsoft VS Code\bin;C:\flutter\flutter\bin;;C:\flutter\flutter\bin\mingit\cmd
USERNAME=Abdullah
LANG=en_US.UTF-8
OS=Windows_NT
PROCESSOR_IDENTIFIER=Intel64 Family 6 Model 142 Stepping 12, GenuineIntel
TMP=C:\Users\Abdullah\AppData\Local\Temp
TEMP=C:\Users\Abdullah\AppData\Local\Temp


JNI global refs:
JNI global refs: 25, weak refs: 0

JNI global refs memory usage: 843, weak refs: 209

OOME stack traces (most recent first):
Classloader memory used:
Loader org.gradle.internal.classloader.VisitableURLClassLoader                         : 4601K
Loader org.gradle.internal.classloader.VisitableURLClassLoader                         : 3797K
Loader bootstrap                                                                       : 3631K
Loader org.gradle.initialization.MixInLegacyTypesClassLoader                           : 1349K
Loader org.gradle.groovy.scripts.internal.DefaultScriptCompilationHandler$ScriptClassLoader: 107K
Loader jdk.internal.loader.ClassLoaders$PlatformClassLoader                            : 101833B
Loader jdk.internal.reflect.DelegatingClassLoader                                      : 78977B
Loader org.codehaus.groovy.runtime.callsite.CallSiteClassLoader                        : 27168B
Loader jdk.internal.loader.ClassLoaders$AppClassLoader                                 : 25674B
Loader sun.reflect.misc.MethodUtil                                                     : 373B


[error occurred during error reporting (Classloader stats), id 0xe0000001, Out of Memory Error (s\src\hotspot\share\memory\arena.cpp:78)]


---------------  S Y S T E M  ---------------

OS:
 Windows 11 , 64 bit Build 22621 (10.0.22621.2506)
OS uptime: 0 days 22:59 hours
Hyper-V role detected

CPU: total 8 (initial active 8) (4 cores per cpu, 2 threads per core) family 6 model 142 stepping 12 microcode 0xf8, cx8, cmov, fxsr, ht, mmx, 3dnowpref, sse, sse2, sse3, ssse3, sse4.1, sse4.2, popcnt, lzcnt, tsc, tscinvbit, avx, avx2, aes, erms, clmul, bmi1, bmi2, adx, fma, vzeroupper, clflush, clflushopt, hv

Memory: 4k page, system-wide physical 16198M (169M free)
TotalPageFile size 28995M (AvailPageFile size 2M)
current process WorkingSet (physical memory assigned to process): 506M, peak: 525M
current process commit charge ("private bytes"): 561M, peak: 582M

vm_info: OpenJDK 64-Bit Server VM (17.0.7+0-b2043.56-10550314) for windows-amd64 JRE (17.0.7+0-b2043.56-10550314), built on Jul 24 2023 18:27:45 by "androidbuild" with MS VC++ 16.10 / 16.11 (VS2019)

END.
